cmp eax, 0x21:	647
cmp eax, 0x21:	643
cmp ecx, 0xfffffffc:	663
sub ecx, eax:	647
neg eax:	663
cmp eax, 0x21:	647
cmp eax, 0x21:	643
cmp eax, 0x21:	643
cmp eax, 0x21:	643
cmp eax, 0x21:	647
cmp eax, 0x21:	647
cmp eax, 0x21:	647
cmp eax, 0x21:	647
cmp eax, 0x21:	647
cmp eax, 0x21:	643
cmp eax, 0x21:	643
cmp ecx, 0xf:	659
cmp ecx, 0xf:	663
cmp ecx, 0xf:	663
cmp eax, edi:	659
cmp eax, edi:	643
cmp eax, edi:	663
cmp eax, edi:	647
cmp eax, edi:	659
cmp eax, edi:	643
cmp eax, edi:	663
cmp eax, edi:	643
cmp eax, edi:	663
cmp eax, edi:	647
cmp eax, edi:	659
cmp dl, 0xa:	659
cmp ecx, 0x23:	663
add edx, ebx:	647
cmp dl, 0xa:	659
cmp ecx, 0x23:	663
add edx, ebx:	647
cmp dl, 0xa:	659
cmp ecx, 0x23:	663
add edx, ebx:	647
cmp dl, 0xa:	659
cmp ecx, 0x23:	663
add edx, ebx:	647
cmp dl, 0xa:	659
cmp ecx, 0x23:	663
add edx, ebx:	647
cmp dl, 0xa:	659
cmp ecx, 0x23:	663
add edx, ebx:	647
cmp dl, 0xa:	659
cmp ecx, 0x23:	663
add edx, ebx:	647
cmp dl, 0xa:	659
cmp ecx, 0x23:	663
add edx, ebx:	647
cmp esi, eax:	663
cmp esi, eax:	659
cmp esi, eax:	663
cmp esi, eax:	647
cmp edx, 0x1e:	663
add edx, ebx:	647
add edx, ebx:	643
cmp edx, 0x1e:	659
add edx, ebx:	643
cmp edx, 0x1e:	659
add edx, ebx:	643
cmp edx, 0x1e:	647
cmp edx, 0x1e:	663
add edx, ebx:	647
cmp edx, 0x1e:	659
add edx, ebx:	643
cmp edx, 0x1e:	663
add edx, ebx:	647
cmp edx, 0x1e:	659
add edx, ebx:	643
cmp edx, 0x1e:	663
add edx, ebx:	643
cmp edx, 0x1e:	663
add edx, ebx:	647
cmp edx, 0x1e:	659
add edx, ebx:	643
cmp edx, 0x1e:	663
add edx, ebx:	643
cmp edx, 0x1e:	659
add edx, ebx:	643
cmp edx, 0x1e:	663
add edx, ebx:	643
cmp edx, 0x1e:	663
add edx, ebx:	643
cmp edx, 0x1e:	659
add edx, ebx:	647
cmp edx, 0x1e:	659
add edx, ebx:	643
cmp edx, 0x1e:	663
add edx, ebx:	647
cmp edx, esi:	647
sub edx, ecx:	663
cmp eax, edx:	531
cmp dword ptr [ebx-0xcc], 0x1:	663
cmp byte ptr [edx], 0x4c:	659
cmp byte ptr [edx], 0x4c:	659
cmp byte ptr [edx], 0x4c:	659
cmp byte ptr [edx], 0x4c:	659
cmp byte ptr [edx], 0x4c:	659
cmp byte ptr [edx], 0x4c:	659
cmp byte ptr [edx], 0x4c:	659
cmp byte ptr [edx], 0x4c:	659
cmp byte ptr [edx+0x1], 0x44:	659
cmp byte ptr [edx], 0x4c:	659
cmp byte ptr [edx], 0x4c:	659
cmp byte ptr [edx], 0x4c:	659
cmp byte ptr [edx], 0x4c:	659
cmp byte ptr [edx], 0x4c:	663
cmp byte ptr [edx+0x1], 0x44:	659
cmp byte ptr [edx], 0x4c:	659
cmp byte ptr [edx], 0x4c:	659
cmp byte ptr [edx], 0x4c:	659
cmp byte ptr [edx], 0x4c:	659
cmp byte ptr [edx], 0x4c:	659
cmp byte ptr [edx], 0x4c:	659
cmp byte ptr [edx], 0x4c:	659
cmp dword ptr [edi], eax:	519
cmp eax, 0xffff:	659
neg edi:	647
neg eax:	659
cmp eax, ecx:	647
neg ecx:	531
cmp esi, ecx:	647
shr ecx, 0x1:	583
cmp eax, ebp:	643
cmp eax, ebp:	643
cmp eax, ebp:	647
cmp eax, ebp:	643
cmp eax, ebp:	647
cmp eax, ebp:	647
cmp eax, ebp:	643
cmp eax, ebp:	643
cmp eax, ebp:	647
cmp eax, ebp:	647
cmp eax, ebp:	643
cmp eax, ebp:	647
cmp eax, ebp:	643
cmp eax, ebp:	643
cmp eax, ebp:	647
cmp dword ptr [ebp+0x8], eax:	643
neg edx:	647
cmp eax, dword ptr [ebp-0x94]:	647
cmp ecx, 0x6:	659
cmp eax, dword ptr [ebp-0x94]:	643
cmp ecx, 0x6:	659
cmp ecx, 0x2:	663
cmp ecx, 0x3:	659
cmp edi, dword ptr [edx+0x1ac]:	531
cmp eax, dword ptr [ebp-0x94]:	643
cmp ecx, 0x6:	659
cmp ecx, 0x2:	663
cmp ecx, 0x3:	659
cmp eax, dword ptr [ebp-0x94]:	647
cmp ecx, 0x6:	663
cmp eax, dword ptr [ebp-0x94]:	643
cmp ecx, 0x6:	659
cmp eax, dword ptr [ebp-0x94]:	647
cmp ecx, 0x6474e551:	663
cmp ecx, 0x6474e552:	659
cmp eax, dword ptr [ebp-0x94]:	647
cmp eax, dword ptr [ebp-0x94]:	643
cmp al, byte ptr [edx]:	647
cmp eax, 0x21:	643
cmp eax, 0x21:	647
cmp eax, 0x21:	643
cmp eax, 0x21:	643
cmp eax, 0x21:	647
cmp eax, 0x21:	647
cmp eax, 0x21:	643
cmp ecx, 0xfffffffc:	663
sub ecx, eax:	647
neg eax:	663
cmp eax, 0x21:	647
cmp eax, 0x21:	643
cmp eax, 0x21:	643
cmp eax, 0x21:	643
cmp eax, 0x21:	643
cmp eax, 0x21:	647
cmp eax, 0x21:	647
cmp eax, 0x21:	647
cmp eax, 0x21:	647
cmp eax, 0x21:	647
cmp eax, 0x21:	643
cmp eax, 0x21:	643
cmp ecx, 0xf:	659
cmp ecx, 0xf:	659
cmp dword ptr [ebp-0x90], 0x2:	659
cmp esi, 0x1:	663
cmp eax, 0xffff:	663
neg eax:	659
cmp eax, ecx:	643
neg ecx:	535
cmp esi, ecx:	643
shr ecx, 0x1:	583
cmp eax, edi:	643
cmp esi, 0x2:	663
cmp ecx, dword ptr [ebp-0x88]:	659
cmp ecx, dword ptr [ebp-0x88]:	659
cmp esi, 0x7:	659
cmp ecx, dword ptr [ebp-0x88]:	663
sub eax, dword ptr [edi]:	647
cmp edx, 0x21:	647
cmp edx, 0x21:	643
cmp edx, 0x21:	647
cmp edx, 0x21:	643
cmp edx, 0x21:	643
cmp edx, 0x21:	643
cmp esi, 0xf:	659
cmp esi, 0xf:	663
add edx, eax:	647
add esi, dword ptr [ecx+0x4]:	643
add esi, dword ptr [ecx+0x4]:	643
add esi, dword ptr [ecx+0x4]:	647
sub edx, ecx:	659
add ecx, 0xfefefeff:	531
dec edx:	647
sub edx, ecx:	663
add ecx, 0xfefefeff:	535
dec edx:	647
sub edx, ecx:	659
add ecx, 0xfefefeff:	531
dec edx:	647
sub edx, ecx:	659
neg eax:	659
cmp eax, ecx:	643
neg ecx:	531
cmp esi, ecx:	643
shr ecx, 0x2:	519
cmp dword ptr [ebx-0x1b0], eax:	643
cmp dword ptr [ecx], 0x4:	659
cmp dword ptr [esp+0x24], ecx:	659
cmp dword ptr [esp+0x24], ecx:	659
add esi, dword ptr [ecx]:	643
cmp ecx, 0x20:	643
add ebx, dword ptr [ebx+ecx*4]:	647
cmp eax, 0x1:	663
sbb dword ptr [ebp-0x2c], 0xffffffff:	531
shl eax, cl:	643
cmp eax, 0x1:	663
sbb dword ptr [ebp-0x2c], 0xffffffff:	531
shl eax, cl:	647
cmp eax, 0x1:	663
sbb dword ptr [ebp-0x2c], 0xffffffff:	531
shl eax, cl:	643
cmp eax, 0x1:	663
sbb dword ptr [ebp-0x2c], 0xffffffff:	531
shl eax, cl:	647
cmp eax, 0x1:	663
sbb dword ptr [ebp-0x2c], 0xffffffff:	531
shl eax, cl:	643
cmp eax, 0x1:	663
sbb dword ptr [ebp-0x2c], 0xffffffff:	531
shl eax, cl:	647
cmp eax, 0x1:	663
sbb dword ptr [ebp-0x2c], 0xffffffff:	531
shl eax, cl:	643
cmp eax, 0x1:	663
sbb dword ptr [ebp-0x2c], 0xffffffff:	531
shl eax, cl:	647
cmp eax, 0x1:	663
sbb dword ptr [ebp-0x2c], 0xffffffff:	531
shl eax, cl:	647
cmp eax, 0x1:	663
sbb dword ptr [ebp-0x2c], 0xffffffff:	531
shl eax, cl:	647
cmp eax, 0x1:	663
sbb dword ptr [ebp-0x2c], 0xffffffff:	531
shl eax, cl:	647
cmp eax, 0x1:	663
sbb dword ptr [ebp-0x2c], 0xffffffff:	531
shl eax, cl:	647
cmp eax, 0x1:	663
sbb dword ptr [ebp-0x2c], 0xffffffff:	531
shl eax, cl:	647
cmp eax, 0x1:	663
sbb dword ptr [ebp-0x2c], 0xffffffff:	531
shl eax, cl:	647
cmp eax, 0x1:	663
sbb dword ptr [ebp-0x2c], 0xffffffff:	531
shl eax, cl:	647
sbb dword ptr [ebp-0x2c], 0xffffffff:	531
shl eax, cl:	647
shrd eax, edx, cl:	519
cmp eax, 0x1:	663
sbb dword ptr [ebp-0x2c], 0xffffffff:	531
shl eax, cl:	647
cmp eax, 0x1:	663
sbb dword ptr [ebp-0x2c], 0xffffffff:	531
shl eax, cl:	647
cmp eax, 0x1:	663
sbb dword ptr [ebp-0x2c], 0xffffffff:	531
shl eax, cl:	647
cmp eax, 0x1:	663
sbb dword ptr [ebp-0x2c], 0xffffffff:	531
shl eax, cl:	647
cmp eax, 0x1:	663
sbb dword ptr [ebp-0x2c], 0xffffffff:	531
shl eax, cl:	647
cmp eax, 0x1:	663
sbb dword ptr [ebp-0x2c], 0xffffffff:	531
shl eax, cl:	647
cmp eax, 0x1:	663
sbb dword ptr [ebp-0x2c], 0xffffffff:	531
shl eax, cl:	647
cmp eax, 0x1:	663
sbb dword ptr [ebp-0x2c], 0xffffffff:	531
shl eax, cl:	647
cmp eax, 0x1:	663
sbb dword ptr [ebp-0x2c], 0xffffffff:	531
shl eax, cl:	647
cmp eax, 0x1:	663
sbb dword ptr [ebp-0x2c], 0xffffffff:	531
shl eax, cl:	647
sbb dword ptr [ebp-0x2c], 0xffffffff:	535
shl eax, cl:	647
cmp dword ptr [edx], 0x4:	659
cmp dword ptr [ebp-0x1c], esi:	659
cmp dword ptr [ebp-0x1c], esi:	659
add edx, dword ptr [esi]:	643
cmp dword ptr [esi+0x8], 0x2:	659
cmp edi, ecx:	643
cmp ecx, 0x20:	647
add ebx, dword ptr [ebx+ecx*4]:	647
neg eax:	531
cmp esi, edi:	663
sub edx, ecx:	659
add ecx, 0xfefefeff:	531
dec edx:	647
sub edx, ecx:	663
sub edx, ecx:	659
add ecx, 0xfefefeff:	531
dec edx:	647
sub edx, ecx:	663
add ecx, 0xfefefeff:	535
dec edx:	643
cmp dword ptr [ebp-0x38], 0x1f:	659
neg eax:	659
cmp eax, ecx:	647
neg ecx:	531
cmp esi, ecx:	647
cmp eax, ecx:	663
cmp eax, ecx:	647
cmp eax, ecx:	659
cmp eax, ecx:	647
cmp eax, ecx:	659
cmp eax, ecx:	643
cmp eax, ecx:	663
cmp eax, ecx:	647
cmp eax, ecx:	659
cmp eax, ecx:	643
cmp eax, ecx:	663
cmp eax, ecx:	643
cmp eax, ecx:	663
cmp eax, ecx:	647
cmp eax, ecx:	659
cmp dword ptr [ebp-0x20], edx:	663
shl esi, cl:	647
neg eax:	659
cmp eax, ecx:	647
neg ecx:	519
cmp esi, ecx:	647
mul edx:	2567
neg eax:	659
neg eax:	647
cmp eax, 0xfffff000:	647
cmp eax, 0xffffffff:	659
cmp eax, dword ptr [ebx+0x8fc]:	647
cmp edx, esi:	643
cmp edx, esi:	643
cmp edx, esi:	647
cmp edx, esi:	643
cmp edx, esi:	647
cmp edx, esi:	647
cmp edx, esi:	643
cmp edx, esi:	643
cmp edx, esi:	647
cmp edx, esi:	647
cmp edx, esi:	643
cmp edx, esi:	647
cmp edx, esi:	643
cmp edx, esi:	643
cmp edx, esi:	647
cmp dword ptr [ebp-0x1c], edx:	643
cmp edx, esi:	643
cmp edx, esi:	643
cmp edx, esi:	647
cmp edx, esi:	643
cmp edx, esi:	647
cmp edx, esi:	647
cmp edx, esi:	643
cmp edx, esi:	643
cmp edx, esi:	647
cmp edx, esi:	647
cmp edx, esi:	643
cmp edx, esi:	647
cmp edx, esi:	643
cmp edx, esi:	643
cmp edx, esi:	647
cmp dword ptr [ebp-0x1c], edx:	643
cmp edx, esi:	643
cmp edx, esi:	643
cmp edx, esi:	647
cmp edx, esi:	643
cmp edx, esi:	647
cmp edx, esi:	647
cmp edx, esi:	643
cmp edx, esi:	643
cmp edx, esi:	647
cmp edx, esi:	647
cmp edx, esi:	643
cmp edx, esi:	647
cmp edx, esi:	643
cmp edx, esi:	643
cmp edx, esi:	647
cmp dword ptr [ebp-0x1c], edx:	647
cmp edx, esi:	643
cmp edx, esi:	643
cmp edx, esi:	647
cmp edx, esi:	643
cmp edx, esi:	647
cmp edx, esi:	647
cmp edx, esi:	643
cmp edx, esi:	643
cmp edx, esi:	647
cmp edx, esi:	647
cmp edx, esi:	643
cmp edx, esi:	647
cmp edx, esi:	643
cmp edx, esi:	643
cmp edx, esi:	647
cmp al, 0x2:	659
cmp dword ptr [eax], 0x1:	663
shl edx, 0x5:	519
neg eax:	531
cmp dword ptr [ebp-0x90], 0x3:	659
cmp dl, cl:	663
cmp dl, cl:	643
add ebp, ecx:	531
add edi, ecx:	531
add ebp, 0x1:	599
add esi, ebx:	531
add ebp, ecx:	535
add esi, 0x1:	599
add edi, ecx:	535
cmp cl, dl:	659
cmp edx, dword ptr [ebx+0x500]:	663
cmp al, byte ptr [edx]:	659
cmp al, byte ptr [edx]:	659
cmp dl, cl:	647
cmp dl, cl:	643
add ebp, ecx:	531
add edi, ecx:	531
add ebp, 0x1:	599
add esi, ebx:	535
add ebp, ecx:	535
add esi, 0x1:	599
add edi, ecx:	535
cmp cl, dl:	663
cmp cl, dl:	663
sub edx, ecx:	659
add ecx, 0xfefefeff:	531
dec edx:	647
sub edx, ecx:	663
add ecx, 0xfefefeff:	535
dec edx:	647
sub ecx, 0xfefefeff:	535
cmp al, 0x2:	659
cmp eax, 0xfffff001:	519
cmp eax, 0xfffff000:	519
cmp eax, 0xfffff000:	647
cmp eax, 0xfffff001:	535
cmp eax, 0xffffffff:	659
cmp ecx, 0x20:	647
add ebx, dword ptr [ebx+ecx*4]:	647
cmp ecx, 0x20:	643
add ebx, dword ptr [ebx+ecx*4]:	647
cmp eax, 0xffffffff:	659
cmp ebp, 0x4:	659
cmp ebp, 0x4:	659
cmp ebp, 0x4:	663
neg eax:	531
sar esi, 0x1:	519
cmp byte ptr [esp], cl:	659
sub eax, edi:	659
cmp ebp, edi:	659
sar esi, 0x1:	515
cmp byte ptr [esp], cl:	663
sub eax, edi:	663
cmp ebp, edi:	643
sar esi, 0x1:	515
cmp ebp, edi:	643
sar esi, 0x1:	515
cmp byte ptr [esp], cl:	647
sub eax, edi:	647
cmp ebp, edi:	663
sar esi, 0x1:	515
cmp ebp, edi:	659
sar esi, 0x1:	515
cmp byte ptr [esp], cl:	643
sub eax, edi:	643
cmp ebp, edi:	647
sar esi, 0x1:	515
cmp ebp, edi:	647
cmp ebp, edi:	663
sar esi, 0x1:	519
cmp cl, 0x9:	659
cmp byte ptr [esp], cl:	643
sub eax, edi:	643
cmp eax, 0xfffff001:	519
cmp eax, 0xffffffff:	531
cmp eax, 0xfffff001:	535
cmp ecx, 0x20:	647
add ebx, dword ptr [ebx+ecx*4]:	647
cmp ecx, 0x20:	647
add ebx, dword ptr [ebx+ecx*4]:	643
cmp ecx, edi:	647
cmp dword ptr [ebp-0x24], esi:	647
cmp edi, eax:	643
cmp dword ptr [edi], 0x4:	663
cmp edi, eax:	647
cmp dword ptr [edi], 0x4:	659
cmp edi, eax:	643
cmp dword ptr [edi], 0x4:	659
cmp edi, eax:	643
cmp dword ptr [edi], 0x4:	659
cmp edi, eax:	647
cmp eax, dword ptr [edx]:	647
cmp ecx, 0x20:	647
add ebx, dword ptr [ebx+ecx*4]:	643
sbb eax, 0xffffffff:	531
cmp ecx, 0x20:	647
add ebx, dword ptr [ebx+ecx*4]:	643
cmp edx, esi:	659
cmp eax, 0xffffffff:	531
sub edx, ecx:	659
add ecx, 0xfefefeff:	531
dec edx:	647
sub edx, ecx:	659
add ecx, 0xfefefeff:	531
dec edx:	647
sub edx, ecx:	659
add ecx, 0xfefefeff:	531
dec edx:	647
sub edx, ecx:	663
add ecx, 0xfefefeff:	535
dec edx:	643
sub edx, ecx:	659
add ecx, 0xfefefeff:	531
dec edx:	643
sub edx, ecx:	659
add ecx, 0xfefefeff:	531
dec edx:	647
sub edx, ecx:	663
add ecx, 0xfefefeff:	535
dec edx:	643
sub edx, ecx:	647
add ecx, 0xfefefeff:	519
dec edx:	663
sub ecx, 0xfefefeff:	519
neg eax:	659
cmp eax, ecx:	647
neg ecx:	531
cmp esi, ecx:	647
shr ecx, 0x1:	515
cmp edx, 0xffffffff:	531
cmp eax, 0xfffff000:	519
sub edx, ecx:	659
add ecx, 0xfefefeff:	531
dec edx:	647
sub edx, ecx:	663
add ecx, 0xfefefeff:	535
dec edx:	647
sub ecx, 0xfefefeff:	535
cmp esi, 0x1:	663
cmp eax, 0xffff:	663
neg eax:	659
cmp eax, ecx:	647
neg ecx:	531
cmp esi, ecx:	663
shr ecx, 0x1:	515
sub edx, ecx:	663
add ecx, 0xfefefeff:	535
dec edx:	643
sub edx, ecx:	663
add ecx, 0xfefefeff:	535
dec edx:	643
sub edx, ecx:	663
add ecx, 0xfefefeff:	535
dec edx:	647
sub edx, ecx:	659
add ecx, 0xfefefeff:	531
dec edx:	643
sub edx, ecx:	663
add ecx, 0xfefefeff:	535
dec edx:	643
sub edx, ecx:	659
add ecx, 0xfefefeff:	531
dec edx:	647
sub edx, ecx:	663
add ecx, 0xfefefeff:	535
dec edx:	647
sub edx, ecx:	663
neg eax:	659
cmp eax, ecx:	647
neg ecx:	519
cmp esi, ecx:	647
shr ecx, 0x1:	515
cmp byte ptr [eax-0x1], 0x2f:	663
cmp byte ptr [eax-0x1], 0x2f:	663
cmp byte ptr [eax-0x1], 0x2f:	663
cmp edi, edx:	663
cmp edx, dword ptr [ecx]:	647
shr edx, 0x2:	2567
cmp dword ptr [ebp-0x8c], esi:	647
cmp esi, eax:	643
cmp eax, 0x6:	659
cmp esi, eax:	647
cmp eax, 0x6:	659
neg edx:	647
cmp esi, eax:	643
cmp eax, 0x6:	659
neg edx:	647
cmp esi, eax:	643
cmp eax, 0x6:	663
cmp esi, eax:	647
cmp eax, 0x6:	659
cmp esi, eax:	643
cmp eax, 0x6474e551:	643
cmp esi, eax:	647
cmp eax, 0x6474e551:	663
cmp eax, 0x6474e552:	659
cmp esi, eax:	647
cmp esi, eax:	643
cmp eax, 0xfffff000:	647
cmp eax, 0xffffffff:	659
cmp esi, eax:	647
cmp eax, 0xfffff000:	647
cmp eax, 0xffffffff:	659
neg ecx:	647
cmp eax, dword ptr [ebp-0x9c]:	663
cmp ecx, dword ptr [ebp-0x9c]:	663
cmp eax, 0xfffff000:	647
cmp eax, 0xffffffff:	659
cmp eax, 0x21:	643
cmp eax, 0x21:	647
cmp eax, 0x21:	647
cmp eax, 0x21:	643
cmp eax, 0x21:	647
cmp eax, 0x21:	643
cmp ecx, 0xfffffffc:	663
sub ecx, eax:	647
neg eax:	663
cmp eax, 0x21:	647
cmp eax, 0x21:	643
cmp eax, 0x21:	643
cmp eax, 0x21:	643
cmp eax, 0x21:	647
cmp eax, 0x21:	647
cmp eax, 0x21:	647
cmp eax, 0x21:	647
cmp eax, 0x21:	647
cmp eax, 0x21:	643
cmp eax, 0x21:	643
cmp ecx, 0xf:	659
cmp ecx, 0xf:	663
cmp eax, 0x21:	643
cmp ecx, 0xf:	659
cmp ecx, 0xf:	659
cmp ecx, 0xf:	663
cmp eax, 0xfffff001:	535
cmp eax, 0x7ffffffd:	663
cmp eax, 0x7ffffffd:	643
cmp eax, 0x7ffffffd:	659
cmp eax, 0x7ffffffd:	659
cmp eax, 0x7ffffffd:	663
cmp eax, 0x7ffffffd:	659
cmp eax, 0x7ffffffd:	659
cmp eax, 0x7ffffffd:	659
cmp eax, 0x7ffffffd:	659
cmp eax, 0x7ffffffd:	659
cmp eax, 0x7ffffffd:	663
cmp eax, 0x7ffffffd:	663
cmp eax, 0x7ffffffd:	659
cmp eax, 0x7ffffffd:	663
cmp eax, 0x7ffffffd:	663
cmp eax, 0x7ffffffd:	663
cmp eax, 0x7ffffffd:	663
cmp eax, 0x7ffffffd:	659
cmp eax, 0x7ffffffd:	663
cmp eax, 0x7ffffffd:	663
cmp eax, 0x7ffffffd:	647
cmp eax, 0x7ffffffd:	663
cmp dword ptr [ebp-0x80], edx:	515
cmp dl, cl:	647
cmp dl, cl:	659
add ebp, ecx:	531
add edi, ecx:	531
add ebp, 0x1:	599
add esi, ebx:	535
add ebp, ecx:	535
add esi, 0x1:	599
add edi, ecx:	535
add ebp, 0x1:	599
add esi, ebx:	531
add ebp, ecx:	535
add esi, 0x1:	599
add edi, ecx:	535
cmp cl, dl:	659
cmp edx, dword ptr [ebx+0x500]:	663
cmp eax, 0x7ffffffd:	663
cmp eax, 0x7ffffffd:	663
cmp eax, 0x7ffffffd:	659
cmp eax, 0x7ffffffd:	659
cmp eax, 0x7ffffffd:	659
cmp eax, 0x7ffffffd:	659
cmp eax, 0x7ffffffd:	659
cmp eax, 0x7ffffffd:	659
cmp eax, 0x7ffffffd:	659
cmp eax, 0x7ffffffd:	663
cmp eax, 0x7ffffffd:	659
cmp eax, 0x7ffffffd:	663
cmp eax, 0x7ffffffd:	663
cmp eax, 0x7ffffffd:	663
cmp eax, 0x7ffffffd:	663
cmp eax, 0x7ffffffd:	659
cmp eax, 0x7ffffffd:	663
cmp eax, 0x7ffffffd:	663
cmp eax, 0x7ffffffd:	647
cmp eax, 0x7ffffffd:	659
cmp eax, 0x7ffffffd:	663
cmp eax, 0x7ffffffd:	647
cmp eax, 0x7ffffffd:	663
cmp eax, 0x7ffffffd:	659
neg eax:	659
cmp eax, ecx:	643
neg ecx:	515
cmp esi, ecx:	643
neg eax:	659
cmp eax, ecx:	647
neg ecx:	531
cmp esi, ecx:	647
shr ecx, 0x2:	515
cmp dword ptr [ebp-0x4c], edx:	663
shr ecx, 0x2:	583
cmp dword ptr [edi+0x4], edx:	663
cmp ecx, esi:	663
cmp al, byte ptr [edx]:	659
cmp dword ptr [esi+0x8], edi:	643
cmp dword ptr [ebp-0x40], eax:	659
cmp eax, 0xffff:	663
neg eax:	659
cmp eax, ecx:	643
neg ecx:	535
cmp esi, ecx:	659
add eax, dword ptr [edx]:	643
cmp dword ptr [ebp-0x40], edx:	663
cmp ecx, edx:	663
cmp eax, 0xffff:	663
neg eax:	659
cmp eax, ecx:	647
neg ecx:	531
cmp esi, ecx:	663
add eax, dword ptr [edx]:	643
cmp al, byte ptr [edx]:	659
cmp al, byte ptr [edx]:	659
cmp dword ptr [esi+0x8], edi:	659
cmp dword ptr [esi+0x8], edi:	659
cmp dword ptr [ebp-0x40], eax:	663
cmp dword ptr [esi+0x8], edi:	663
cmp eax, 0xffff:	663
neg eax:	659
cmp eax, ecx:	643
neg ecx:	535
cmp esi, ecx:	659
cmp dword ptr [ebp-0x40], edx:	663
cmp ecx, edx:	663
cmp ecx, edx:	663
cmp ecx, edx:	663
cmp ecx, edx:	663
cmp ecx, edx:	663
cmp eax, 0xffff:	663
neg eax:	659
cmp eax, ecx:	643
neg ecx:	531
cmp esi, ecx:	659
cmp eax, 0xffff:	663
neg eax:	659
neg eax:	647
cmp eax, 0xfffff000:	647
cmp eax, 0xffffffff:	659
cmp eax, dword ptr [ebx+0x8fc]:	647
cmp edx, ebp:	647
neg eax:	647
cmp eax, ecx:	647
neg ecx:	519
cmp esi, ecx:	647
cmp eax, 0xffff:	659
neg eax:	659
cmp eax, ecx:	647
neg ecx:	515
cmp esi, ecx:	647
cmp edi, dword ptr [ebp-0x88]:	663
cmp eax, 0x20:	647
cmp eax, 0x20:	647
cmp eax, 0x20:	643
cmp eax, 0x20:	647
cmp eax, 0x20:	643
cmp eax, 0x20:	643
cmp eax, 0x20:	647
cmp edx, ecx:	663
cmp esi, edi:	647
cmp esi, 0x8:	663
cmp esi, 0x23:	663
cmp esi, 0x29:	663
cmp esi, 0x5:	663
shl ecx, 0x5:	519
shr eax, cl:	519
cmp dword ptr [esp+0x5c], 0x1:	663
shr edx, cl:	519
bt edx, eax:	583
cmp dl, 0x2:	663
cmp dl, 0xa:	659
cmp al, 0x3:	659
cmp al, 0x2:	663
cmp dl, 0xa:	659
cmp esi, 0x2a:	663
add edx, ebx:	643
cmp dl, 0xa:	663
cmp esi, 0x2a:	647
sub ecx, edx:	647
cmp dl, 0xa:	663
add edx, ebx:	647
cmp dl, 0xa:	663
add edx, ebx:	647
cmp dl, 0xa:	663
cmp esi, 0x2a:	647
sub ecx, edx:	647
cmp dl, 0xa:	663
cmp esi, 0x2a:	647
sub ecx, edx:	647
cmp dl, 0xa:	663
cmp esi, 0x2a:	647
sub ecx, edx:	647
cmp dl, 0xa:	663
cmp esi, 0x2a:	647
sub ecx, edx:	643
cmp dl, 0xa:	663
cmp esi, 0x2a:	647
sub ecx, edx:	643
cmp dl, 0xa:	663
cmp esi, 0x2a:	647
sub ecx, edx:	647
cmp dl, 0xa:	663
cmp esi, 0x2a:	647
sub ecx, edx:	643
cmp dl, 0xa:	663
cmp esi, 0x2a:	647
sub ecx, edx:	643
cmp dl, 0xa:	663
cmp esi, 0x2a:	647
sub ecx, edx:	643
cmp esi, 0x8:	659
cmp edi, dword ptr [edx+0x21c]:	643
cmp esi, 0x7:	663
cmp esi, 0x29:	663
cmp esi, 0xe:	659
shl ecx, 0x5:	515
shl ecx, 0x5:	2695
add edi, ecx:	515
shl ecx, 0x5:	643
shl ecx, 0x5:	647
add edi, ecx:	2563
shl ecx, 0x5:	2563
shl ecx, 0x5:	2691
add edi, ecx:	2567
shl ecx, 0x5:	2695
add edi, ecx:	519
shl ecx, 0x5:	515
shl ecx, 0x5:	2563
add edi, ecx:	647
add edi, ecx:	643
cmp dword ptr [esp+0x5c], 0x1:	663
shr eax, cl:	2563
shr edx, cl:	2567
shr edx, cl:	2563
shr edx, 0x1:	515
cmp dword ptr [esp+0x5c], 0x1:	663
cmp al, byte ptr [edx]:	659
shr edx, 0x1:	583
bt edx, eax:	583
cmp dl, 0x2:	663
cmp dl, 0xa:	659
cmp al, 0x3:	659
cmp al, 0x2:	663
cmp dl, 0xa:	659
add edx, ebx:	643
cmp esi, 0x8:	659
cmp esi, 0x23:	643
cmp esi, 0x7:	663
cmp esi, 0x29:	663
cmp esi, 0xe:	659
shl ecx, 0x5:	519
shl ecx, 0x5:	2695
add edi, ecx:	515
shr edx, 0x5:	515
shr edx, cl:	515
cmp dword ptr [esp+0x5c], 0x1:	663
shr eax, cl:	519
shr edx, cl:	515
shr edx, 0x1:	583
bt edx, eax:	583
cmp dl, 0x2:	663
cmp dl, 0xa:	659
cmp al, 0x3:	659
cmp al, 0x2:	663
cmp dl, 0xa:	659
add edx, ebx:	643
cmp esi, 0x8:	659
cmp esi, 0x23:	643
cmp esi, 0x7:	663
cmp esi, 0x29:	663
cmp esi, 0xe:	659
shl ecx, 0x5:	519
shl ecx, 0x5:	2695
add edi, ecx:	519
shl ecx, 0x5:	643
shl ecx, 0x5:	519
add edi, ecx:	515
shl ecx, 0x5:	519
shl ecx, 0x5:	2695
add edi, ecx:	519
add edi, ecx:	515
shl ecx, 0x5:	515
add edi, ecx:	515
shl ecx, 0x5:	643
add edi, ecx:	647
shr edx, 0x5:	2563
shr edx, cl:	2563
shr edx, cl:	519
cmp dword ptr [esp+0x5c], 0x1:	663
shr eax, cl:	515
shr edx, cl:	2567
shr edx, 0x1:	583
bt edx, eax:	583
cmp dl, 0x2:	663
cmp dl, 0xa:	659
cmp al, 0x3:	659
cmp al, 0x2:	663
cmp dl, 0xa:	659
add edx, ebx:	643
cmp esi, 0x8:	659
cmp esi, 0x23:	643
cmp esi, 0x7:	663
cmp esi, 0x29:	663
cmp esi, 0xe:	659
shl ecx, 0x5:	519
shl ecx, 0x5:	2691
add edi, ecx:	515
shl ecx, 0x5:	647
shl ecx, 0x5:	643
add edi, ecx:	2567
shl ecx, 0x5:	2567
shl ecx, 0x5:	2695
add edi, ecx:	643
shl ecx, 0x5:	2563
add edi, ecx:	647
add edi, ecx:	2563
shl ecx, 0x5:	515
shl ecx, 0x5:	2567
shl ecx, 0x5:	519
shl ecx, 0x5:	515
shl ecx, 0x5:	647
add edi, ecx:	515
add edi, ecx:	2567
add edi, ecx:	647
add edi, ecx:	519
shl ecx, 0x5:	515
shr edx, 0x5:	519
shr edx, cl:	519
cmp dword ptr [esp+0x5c], 0x1:	663
shr edx, cl:	519
bt edx, eax:	583
cmp al, 0x3:	659
cmp al, 0x2:	663
cmp dl, 0xa:	659
add edx, ebx:	643
cmp esi, 0x8:	659
cmp esi, 0x23:	643
cmp esi, 0x7:	663
cmp esi, 0x29:	663
cmp esi, 0xe:	659
shl ecx, 0x5:	519
shl ecx, 0x5:	2691
add edi, ecx:	519
shl ecx, 0x5:	643
shl ecx, 0x5:	647
add edi, ecx:	2563
shl ecx, 0x5:	2563
shl ecx, 0x5:	2695
add edi, ecx:	643
shl ecx, 0x5:	2563
shr edx, 0x5:	2567
shr edx, cl:	2567
cmp dword ptr [esp+0x5c], 0x1:	663
shr eax, cl:	2563
shr edx, 0x1:	2567
shr edx, 0x1:	583
bt edx, eax:	583
cmp dl, 0x2:	663
cmp dl, 0xa:	659
cmp al, 0x3:	659
cmp al, 0x2:	663
cmp dl, 0xa:	659
add edx, ebx:	643
cmp esi, 0x8:	659
cmp edi, dword ptr [edx+0x21c]:	647
cmp esi, 0x23:	643
cmp esi, 0x7:	663
cmp esi, 0x29:	663
cmp esi, 0xe:	659
shl ecx, 0x5:	519
shl ecx, 0x5:	2695
add edi, ecx:	519
shl ecx, 0x5:	643
shl ecx, 0x5:	647
add edi, ecx:	2567
shl ecx, 0x5:	2567
shl ecx, 0x5:	2567
shl ecx, 0x5:	515
shl ecx, 0x5:	647
add edi, ecx:	515
add edi, ecx:	643
shl ecx, 0x5:	647
shl ecx, 0x5:	647
add edi, ecx:	643
add edi, ecx:	643
shl ecx, 0x5:	2691
add edi, ecx:	647
add edi, ecx:	515
shl ecx, 0x5:	515
shl ecx, 0x5:	2567
add edi, ecx:	519
shl ecx, 0x5:	2567
add edi, ecx:	2567
shl ecx, 0x5:	2567
shl ecx, 0x5:	519
shl ecx, 0x5:	515
shr edx, 0x5:	2567
shr edx, cl:	2567
cmp dword ptr [esp+0x5c], 0x1:	663
shr eax, cl:	519
shr edx, cl:	515
bt edx, eax:	583
cmp dl, 0x2:	663
cmp dl, 0xa:	659
cmp al, 0x3:	659
cmp al, 0x2:	663
cmp dl, 0xa:	659
add edx, ebx:	643
cmp esi, 0x8:	659
cmp esi, 0x23:	643
cmp esi, 0x7:	663
cmp esi, 0x29:	663
cmp esi, 0xe:	659
shl ecx, 0x5:	519
shl ecx, 0x5:	2691
add edi, ecx:	515
shl ecx, 0x5:	647
shl ecx, 0x5:	647
add edi, ecx:	2567
shl ecx, 0x5:	2567
shl ecx, 0x5:	2563
add edi, ecx:	2563
add edi, ecx:	515
add edi, ecx:	2563
shr edx, 0x5:	515
shr edx, cl:	515
cmp dword ptr [esp+0x5c], 0x1:	663
shr edx, cl:	515
bt edx, eax:	583
cmp dl, 0x2:	663
cmp dl, 0xa:	659
cmp al, 0x3:	659
cmp al, 0x2:	663
cmp dl, 0xa:	659
add edx, ebx:	643
cmp esi, 0x8:	659
cmp esi, 0x23:	643
cmp esi, 0x7:	663
cmp esi, 0x29:	663
cmp esi, 0xe:	659
shl ecx, 0x5:	519
shl ecx, 0x5:	2695
add edi, ecx:	515
shl ecx, 0x5:	643
shl ecx, 0x5:	647
add edi, ecx:	2567
shl ecx, 0x5:	2563
add edi, ecx:	647
shl ecx, 0x5:	2563
shl ecx, 0x5:	2691
add edi, ecx:	2567
shl ecx, 0x5:	2695
add edi, ecx:	515
shl ecx, 0x5:	2695
add edi, ecx:	643
shl ecx, 0x5:	2691
add edi, ecx:	2563
shr eax, cl:	519
cmp dword ptr [esp+0x5c], 0x1:	663
shr eax, cl:	515
bt edx, eax:	583
cmp dl, 0x2:	663
cmp dl, 0xa:	659
cmp al, 0x3:	659
cmp al, 0x2:	663
cmp dl, 0xa:	659
add edx, ebx:	643
cmp esi, 0x8:	659
cmp edi, dword ptr [edx+0x21c]:	647
cmp esi, 0x23:	643
cmp esi, 0x7:	663
cmp esi, 0x29:	663
cmp esi, 0xe:	659
shl ecx, 0x5:	515
shl ecx, 0x5:	2695
add edi, ecx:	515
shl ecx, 0x5:	647
shl ecx, 0x5:	647
add edi, ecx:	643
shl ecx, 0x5:	2563
shr edx, cl:	519
cmp dword ptr [esp+0x5c], 0x1:	663
bt edx, eax:	583
cmp al, 0x3:	659
cmp al, 0x2:	663
cmp dl, 0xa:	659
add edx, ebx:	643
cmp esi, 0x8:	659
cmp esi, 0x23:	643
cmp esi, 0x7:	663
cmp esi, 0x29:	663
cmp esi, 0xe:	659
shl ecx, 0x5:	519
shl ecx, 0x5:	2691
add edi, ecx:	515
shl ecx, 0x5:	647
shl ecx, 0x5:	647
add edi, ecx:	2567
shl ecx, 0x5:	2567
shl ecx, 0x5:	2567
add edi, ecx:	2567
shl ecx, 0x5:	2563
add edi, ecx:	515
shr edx, 0x5:	515
shr edx, cl:	515
cmp dword ptr [esp+0x5c], 0x1:	663
shr eax, cl:	2567
shr edx, 0x1:	519
bt edx, eax:	583
cmp dl, 0x2:	663
cmp dl, 0xa:	659
cmp al, 0x3:	659
cmp al, 0x2:	663
cmp dl, 0xa:	659
add edx, ebx:	643
cmp esi, 0x8:	659
cmp edi, dword ptr [edx+0x21c]:	643
cmp esi, 0x7:	663
cmp esi, 0x29:	663
cmp esi, 0xe:	659
shl ecx, 0x5:	515
shl ecx, 0x5:	2695
add edi, ecx:	519
shl ecx, 0x5:	643
shl ecx, 0x5:	643
add edi, ecx:	643
add edi, ecx:	2567
add edi, ecx:	519
shl ecx, 0x5:	647
cmp dword ptr [esp+0x5c], 0x1:	663
cmp dword ptr [esp+0x5c], 0x1:	663
cmp al, byte ptr [edx]:	659
shr edx, 0x1:	583
bt edx, eax:	583
cmp dl, 0x2:	663
cmp dl, 0xa:	659
cmp al, 0x3:	659
cmp al, 0x2:	663
cmp dl, 0xa:	659
add edx, ebx:	643
cmp esi, 0x8:	659
cmp esi, 0x23:	643
cmp esi, 0x7:	663
cmp esi, 0x29:	663
cmp esi, 0xe:	659
shl ecx, 0x5:	519
shl ecx, 0x5:	2695
add edi, ecx:	515
shl ecx, 0x5:	643
shl ecx, 0x5:	647
add edi, ecx:	2567
shl ecx, 0x5:	2563
add edi, ecx:	647
shl ecx, 0x5:	2563
shr edx, 0x5:	2563
shr edx, cl:	2563
cmp dword ptr [esp+0x5c], 0x1:	663
bt edx, eax:	583
cmp dl, 0x2:	663
cmp dl, 0xa:	659
cmp al, 0x3:	659
cmp al, 0x2:	663
cmp dl, 0xa:	659
add edx, ebx:	643
cmp esi, 0x8:	659
cmp esi, 0x23:	643
cmp esi, 0x7:	663
cmp esi, 0x29:	663
cmp esi, 0xe:	659
shl ecx, 0x5:	515
shl ecx, 0x5:	2691
add edi, ecx:	519
shl ecx, 0x5:	647
add edi, ecx:	515
shl ecx, 0x5:	2695
add edi, ecx:	519
shl ecx, 0x5:	647
shl ecx, 0x5:	647
add edi, ecx:	643
shl ecx, 0x5:	643
shl ecx, 0x5:	2563
add edi, ecx:	519
shl ecx, 0x5:	2567
add edi, ecx:	515
shr edx, 0x5:	2563
shr edx, cl:	2563
cmp dword ptr [esp+0x5c], 0x1:	663
shr eax, cl:	515
shr edx, cl:	519
shr edx, 0x1:	2563
shr edx, 0x1:	2567
shr edx, 0x1:	583
bt edx, eax:	583
cmp dl, 0x2:	663
cmp dl, 0xa:	659
cmp al, 0x3:	659
cmp al, 0x2:	663
cmp dl, 0xa:	659
add edx, ebx:	643
cmp esi, 0x8:	659
cmp edi, dword ptr [edx+0x21c]:	647
cmp esi, 0x23:	643
cmp esi, 0x7:	663
cmp esi, 0x29:	663
cmp esi, 0xe:	659
shl ecx, 0x5:	515
shl ecx, 0x5:	2695
add edi, ecx:	519
shl ecx, 0x5:	643
add edi, ecx:	519
shl ecx, 0x5:	647
add edi, ecx:	2563
cmp dword ptr [esp+0x5c], 0x1:	663
shr eax, cl:	519
shr edx, cl:	2567
bt edx, eax:	583
cmp dl, 0x2:	663
cmp dl, 0xa:	659
cmp al, 0x3:	659
cmp al, 0x2:	663
cmp dl, 0xa:	659
add edx, ebx:	643
cmp esi, 0x8:	659
cmp edi, dword ptr [edx+0x21c]:	643
cmp esi, 0x7:	663
cmp esi, 0x29:	663
cmp esi, 0xe:	659
shl ecx, 0x5:	519
shl ecx, 0x5:	2695
add edi, ecx:	519
shl ecx, 0x5:	647
shl ecx, 0x5:	643
add edi, ecx:	2563
shl ecx, 0x5:	2567
shl ecx, 0x5:	519
add edi, ecx:	515
shl ecx, 0x5:	643
shl ecx, 0x5:	643
shl ecx, 0x5:	643
add edi, ecx:	2567
add edi, ecx:	515
cmp dword ptr [esp+0x5c], 0x1:	663
bt edx, eax:	583
cmp dl, 0x2:	663
cmp dl, 0xa:	659
cmp al, 0x3:	659
cmp al, 0x2:	663
cmp dl, 0xa:	659
add edx, ebx:	643
cmp esi, 0x8:	659
cmp esi, 0x23:	643
cmp esi, 0x7:	663
cmp esi, 0x29:	663
cmp esi, 0xe:	659
shl ecx, 0x5:	515
shl ecx, 0x5:	2691
add edi, ecx:	519
shl ecx, 0x5:	647
add edi, ecx:	519
shl ecx, 0x5:	515
shl ecx, 0x5:	2563
add edi, ecx:	2563
add edi, ecx:	515
add edi, ecx:	519
add edi, ecx:	515
cmp dword ptr [esp+0x5c], 0x1:	663
shr edx, 0x1:	583
bt edx, eax:	583
cmp dl, 0x2:	663
cmp dl, 0xa:	659
cmp al, 0x3:	659
cmp al, 0x2:	663
cmp dl, 0xa:	659
add edx, ebx:	643
cmp esi, 0x8:	659
cmp edi, dword ptr [edx+0x21c]:	647
cmp esi, 0x23:	643
cmp esi, 0x7:	663
cmp esi, 0x29:	663
cmp esi, 0xe:	659
shl ecx, 0x5:	515
shl ecx, 0x5:	2695
add edi, ecx:	515
shl ecx, 0x5:	643
shl ecx, 0x5:	647
add edi, ecx:	2563
shl ecx, 0x5:	2563
shl ecx, 0x5:	2691
add edi, ecx:	2563
shl ecx, 0x5:	2691
add edi, ecx:	515
shl ecx, 0x5:	519
shl ecx, 0x5:	2563
add edi, ecx:	2567
shl ecx, 0x5:	519
shl ecx, 0x5:	515
add edi, ecx:	519
shl ecx, 0x5:	515
cmp dword ptr [esp+0x5c], 0x1:	663
shr eax, cl:	2563
shr edx, cl:	2563
cmp dword ptr [esp+0x5c], 0x1:	663
cmp al, byte ptr [edx]:	659
shr edx, cl:	2563
shr edx, 0x1:	583
bt edx, eax:	583
cmp dl, 0x2:	663
cmp dl, 0xa:	659
cmp al, 0x3:	659
cmp al, 0x2:	663
cmp dl, 0xa:	659
add edx, ebx:	643
cmp esi, 0x8:	659
cmp esi, 0x23:	643
cmp esi, 0x7:	663
cmp esi, 0x29:	663
cmp esi, 0xe:	659
shl ecx, 0x5:	519
shl ecx, 0x5:	2695
add edi, ecx:	515
shl ecx, 0x5:	647
shl ecx, 0x5:	647
add edi, ecx:	643
add edi, ecx:	2567
add edi, ecx:	515
shr edx, 0x5:	519
shr edx, cl:	519
cmp dword ptr [esp+0x5c], 0x1:	663
shr eax, cl:	515
shr edx, 0x1:	515
bt edx, eax:	583
cmp dl, 0x2:	663
cmp dl, 0xa:	659
cmp al, 0x3:	659
cmp al, 0x2:	663
cmp dl, 0xa:	659
add edx, ebx:	643
cmp esi, 0x8:	659
cmp edi, dword ptr [edx+0x21c]:	647
cmp esi, 0x23:	643
cmp esi, 0x7:	663
cmp esi, 0x29:	663
cmp esi, 0xe:	659
shl ecx, 0x5:	515
shl ecx, 0x5:	2695
add edi, ecx:	515
shl ecx, 0x5:	647
shl ecx, 0x5:	515
add edi, ecx:	519
shl ecx, 0x5:	515
shl ecx, 0x5:	2563
shl ecx, 0x5:	515
add edi, ecx:	643
shl ecx, 0x5:	643
bt edx, eax:	583
cmp esi, dword ptr [edi+0x20]:	515
sar eax, 0x1f:	583
cmp dl, 0x2:	663
cmp dl, 0xa:	659
cmp al, 0x3:	659
cmp al, 0x2:	659
cmp dl, 0xa:	659
add edx, ebx:	643
cmp esi, 0x8:	659
cmp esi, 0x23:	643
cmp esi, 0x7:	663
cmp esi, 0x29:	663
cmp esi, 0xe:	659
shl ecx, 0x5:	515
shl ecx, 0x5:	2695
add edi, ecx:	519
shl ecx, 0x5:	643
add edi, ecx:	515
shr edx, 0x5:	519
shr edx, cl:	519
cmp dword ptr [esp+0x5c], 0x1:	663
shr edx, cl:	515
shr edx, 0x1:	519
bt edx, eax:	583
cmp dl, 0x2:	663
cmp dl, 0xa:	659
cmp al, 0x3:	659
cmp al, 0x2:	663
cmp dl, 0xa:	659
add edx, ebx:	643
cmp esi, 0x8:	659
cmp edi, dword ptr [edx+0x21c]:	647
cmp esi, 0x23:	643
cmp esi, 0x7:	663
cmp esi, 0x29:	663
cmp esi, 0xe:	659
shl ecx, 0x5:	519
shl ecx, 0x5:	2691
add edi, ecx:	519
shl ecx, 0x5:	643
shl ecx, 0x5:	647
shl ecx, 0x5:	643
add edi, ecx:	647
add edi, ecx:	647
add edi, ecx:	2563
cmp dword ptr [esp+0x5c], 0x1:	663
shr edx, 0x1:	583
bt edx, eax:	583
cmp dl, 0x2:	663
cmp dl, 0xa:	659
cmp al, 0x3:	659
cmp al, 0x2:	663
cmp dl, 0xa:	659
add edx, ebx:	643
cmp esi, 0x8:	659
cmp esi, 0x23:	643
cmp esi, 0x7:	663
cmp esi, 0x29:	663
cmp esi, 0xe:	659
shl ecx, 0x5:	515
shl ecx, 0x5:	2691
add edi, ecx:	515
shl ecx, 0x5:	643
shl ecx, 0x5:	647
add edi, ecx:	2563
shl ecx, 0x5:	2567
shr edx, 0x5:	2567
shr edx, cl:	2567
cmp dword ptr [esp+0x5c], 0x1:	663
shr eax, cl:	515
shr edx, cl:	2563
bt edx, eax:	583
cmp dl, 0x2:	663
cmp dl, 0xa:	659
cmp al, 0x3:	659
cmp al, 0x2:	663
cmp dl, 0xa:	659
add edx, ebx:	643
cmp esi, 0x8:	659
cmp esi, 0x23:	643
cmp esi, 0x7:	663
cmp esi, 0x29:	663
cmp esi, 0xe:	659
shl ecx, 0x5:	515
shl ecx, 0x5:	2695
add edi, ecx:	519
shl ecx, 0x5:	647
shl ecx, 0x5:	643
add edi, ecx:	2567
shl ecx, 0x5:	2563
shl ecx, 0x5:	647
add edi, ecx:	647
shr eax, cl:	519
cmp dword ptr [esp+0x5c], 0x1:	663
bt edx, eax:	583
cmp dl, 0x2:	663
cmp dl, 0xa:	659
cmp al, 0x3:	659
cmp al, 0x2:	663
cmp dl, 0xa:	659
add edx, ebx:	643
cmp esi, 0x8:	659
cmp edi, dword ptr [edx+0x21c]:	643
cmp esi, 0x7:	663
cmp esi, 0x29:	663
cmp esi, 0xe:	659
shl ecx, 0x5:	515
shl ecx, 0x5:	2695
add edi, ecx:	519
shl ecx, 0x5:	643
shl ecx, 0x5:	643
add edi, ecx:	643
add edi, ecx:	2567
add edi, ecx:	519
shl ecx, 0x5:	647
shl ecx, 0x5:	515
cmp dword ptr [esp+0x5c], 0x1:	663
cmp dword ptr [esp+0x5c], 0x1:	663
cmp al, byte ptr [edx]:	659
shr edx, cl:	515
shr edx, 0x1:	583
bt edx, eax:	583
cmp dl, 0x2:	663
cmp dl, 0xa:	659
cmp al, 0x3:	659
cmp al, 0x2:	663
cmp dl, 0xa:	659
add edx, ebx:	643
cmp esi, 0x8:	659
cmp esi, 0x23:	643
cmp esi, 0x7:	663
cmp esi, 0x29:	663
cmp esi, 0xe:	659
shl ecx, 0x5:	519
shl ecx, 0x5:	2691
add edi, ecx:	515
shr edx, 0x5:	515
shr edx, cl:	515
cmp dword ptr [esp+0x5c], 0x1:	663
shr eax, cl:	2563
shr edx, cl:	519
shr edx, cl:	2567
shr edx, 0x1:	583
bt edx, eax:	583
cmp dl, 0x2:	663
cmp dl, 0xa:	659
cmp al, 0x3:	659
cmp al, 0x2:	663
cmp dl, 0xa:	659
add edx, ebx:	643
cmp esi, 0x8:	659
cmp esi, 0x23:	643
cmp esi, 0x7:	663
cmp esi, 0x29:	663
cmp esi, 0xe:	659
shl ecx, 0x5:	515
shl ecx, 0x5:	2695
add edi, ecx:	519
shl ecx, 0x5:	647
add edi, ecx:	519
add edi, ecx:	647
shl ecx, 0x5:	2563
add edi, ecx:	515
shl ecx, 0x5:	519
shl ecx, 0x5:	2563
shr edx, 0x5:	2567
shr edx, cl:	2567
cmp dword ptr [esp+0x5c], 0x1:	663
bt edx, eax:	583
cmp dl, 0x2:	663
cmp dl, 0xa:	659
cmp al, 0x3:	659
cmp al, 0x2:	663
cmp dl, 0xa:	659
add edx, ebx:	643
cmp esi, 0x8:	659
cmp edi, dword ptr [edx+0x21c]:	647
cmp esi, 0x23:	643
cmp esi, 0x7:	663
cmp esi, 0x29:	663
cmp esi, 0xe:	659
shl ecx, 0x5:	515
shl ecx, 0x5:	2695
add edi, ecx:	515
shl ecx, 0x5:	647
shl ecx, 0x5:	515
add edi, ecx:	519
shl ecx, 0x5:	519
add edi, ecx:	515
shl ecx, 0x5:	2563
shr eax, cl:	519
cmp dword ptr [esp+0x5c], 0x1:	663
shr edx, cl:	2567
shr edx, cl:	515
bt edx, eax:	583
cmp dl, 0x2:	663
cmp dl, 0xa:	659
cmp al, 0x3:	659
cmp al, 0x2:	663
cmp dl, 0xa:	659
add edx, ebx:	643
cmp esi, 0x8:	659
cmp edi, dword ptr [edx+0x21c]:	643
cmp esi, 0x7:	663
cmp esi, 0x29:	663
cmp esi, 0xe:	659
shl ecx, 0x5:	515
shl ecx, 0x5:	2691
add edi, ecx:	519
shl ecx, 0x5:	647
add edi, ecx:	519
shl ecx, 0x5:	2695
add edi, ecx:	519
shl ecx, 0x5:	647
add edi, ecx:	519
shl ecx, 0x5:	515
shl ecx, 0x5:	2567
add edi, ecx:	643
shl ecx, 0x5:	647
add edi, ecx:	2567
shl ecx, 0x5:	2695
add edi, ecx:	515
shl ecx, 0x5:	2567
shl ecx, 0x5:	2567
add edi, ecx:	519
shl ecx, 0x5:	515
shl ecx, 0x5:	2563
shl ecx, 0x5:	2563
add edi, ecx:	515
shl ecx, 0x5:	647
shr edx, 0x5:	2567
shr edx, cl:	2567
shr edx, cl:	583
cmp dword ptr [esp+0x5c], 0x1:	663
shr edx, cl:	2567
shr edx, cl:	2563
shr edx, 0x1:	583
bt edx, eax:	583
cmp dl, 0x2:	663
cmp dl, 0xa:	659
cmp al, 0x3:	659
cmp al, 0x2:	663
cmp dl, 0xa:	659
add edx, ebx:	643
cmp esi, 0x8:	659
cmp esi, 0x23:	643
cmp esi, 0x7:	663
cmp esi, 0x29:	663
cmp esi, 0xe:	659
shl ecx, 0x5:	519
shl ecx, 0x5:	2691
add edi, ecx:	515
shl ecx, 0x5:	647
shl ecx, 0x5:	647
add edi, ecx:	2567
shl ecx, 0x5:	2567
shl ecx, 0x5:	2563
add edi, ecx:	2563
add edi, ecx:	515
add edi, ecx:	2563
shr edx, 0x5:	515
shr edx, cl:	515
cmp dword ptr [esp+0x5c], 0x1:	663
shr edx, cl:	519
shr edx, 0x1:	519
bt edx, eax:	583
cmp dl, 0x2:	663
cmp dl, 0xa:	659
cmp al, 0x3:	659
cmp al, 0x2:	663
cmp dl, 0xa:	659
add edx, ebx:	643
cmp esi, 0x8:	659
cmp esi, 0x23:	643
cmp esi, 0x7:	663
cmp esi, 0x29:	663
cmp esi, 0xe:	659
shl ecx, 0x5:	515
shl ecx, 0x5:	2695
add edi, ecx:	515
shl ecx, 0x5:	647
shl ecx, 0x5:	515
add edi, ecx:	519
shl ecx, 0x5:	519
add edi, ecx:	515
shl ecx, 0x5:	2567
shr edx, 0x5:	2563
shr edx, cl:	2563
cmp dword ptr [esp+0x5c], 0x1:	663
shr edx, cl:	2563
shr edx, 0x1:	515
shr edx, 0x1:	583
bt edx, eax:	583
cmp dl, 0x2:	663
cmp dl, 0xa:	659
cmp al, 0x3:	659
cmp al, 0x2:	663
cmp dl, 0xa:	659
add edx, ebx:	643
cmp esi, 0x8:	663
cmp esi, 0x23:	663
cmp esi, 0x29:	663
cmp esi, 0x5:	663
cmp dl, 0xa:	659
cmp esi, 0x2a:	663
add edx, ebx:	643
cmp esi, 0x8:	659
cmp esi, 0x23:	643
cmp esi, 0x7:	663
cmp esi, 0x29:	663
cmp esi, 0xe:	659
shl ecx, 0x5:	515
shl ecx, 0x5:	2691
add edi, ecx:	519
shl ecx, 0x5:	647
shl ecx, 0x5:	647
add edi, ecx:	2567
shl ecx, 0x5:	2567
shl ecx, 0x5:	515
add edi, ecx:	519
add edi, ecx:	515
shl ecx, 0x5:	2691
add edi, ecx:	515
shl ecx, 0x5:	2563
add edi, ecx:	515
shl ecx, 0x5:	647
add edi, ecx:	2563
add edi, ecx:	515
shl ecx, 0x5:	647
shl ecx, 0x5:	519
cmp dword ptr [esp+0x5c], 0x1:	663
shr edx, cl:	2567
bt edx, eax:	583
cmp al, 0x3:	659
cmp al, 0x2:	663
cmp dl, 0xa:	659
add edx, ebx:	643
cmp esi, 0x8:	659
cmp edi, dword ptr [edx+0x21c]:	643
cmp esi, 0x7:	663
cmp esi, 0x29:	663
cmp esi, 0xe:	659
shl ecx, 0x5:	519
shl ecx, 0x5:	2695
add edi, ecx:	515
shl ecx, 0x5:	643
shl ecx, 0x5:	647
add edi, ecx:	2563
shl ecx, 0x5:	2563
shl ecx, 0x5:	2695
add edi, ecx:	2567
shr edx, cl:	519
cmp dword ptr [esp+0x5c], 0x1:	663
shr edx, cl:	519
bt edx, eax:	583
cmp dl, 0x2:	663
cmp dl, 0xa:	659
cmp al, 0x3:	659
cmp al, 0x2:	663
cmp dl, 0xa:	659
add edx, ebx:	643
cmp esi, 0x8:	659
cmp edi, dword ptr [edx+0x21c]:	647
cmp esi, 0x23:	643
cmp esi, 0x7:	663
cmp esi, 0x29:	663
cmp esi, 0xe:	659
shl ecx, 0x5:	519
shl ecx, 0x5:	2695
add edi, ecx:	515
shl ecx, 0x5:	647
shl ecx, 0x5:	643
add edi, ecx:	2563
shl ecx, 0x5:	2563
cmp dword ptr [esp+0x5c], 0x1:	663
shr edx, cl:	2563
shr edx, 0x1:	583
bt edx, eax:	583
cmp dl, 0x2:	663
cmp dl, 0xa:	659
cmp al, 0x3:	659
cmp al, 0x2:	663
cmp dl, 0xa:	659
add edx, ebx:	643
cmp esi, 0x8:	659
cmp edi, dword ptr [edx+0x21c]:	643
cmp esi, 0x7:	663
cmp esi, 0x29:	663
cmp esi, 0xe:	659
shl ecx, 0x5:	515
shl ecx, 0x5:	2691
add edi, ecx:	519
shl ecx, 0x5:	647
add edi, ecx:	519
shl ecx, 0x5:	2695
add edi, ecx:	519
shl ecx, 0x5:	647
add edi, ecx:	519
shl ecx, 0x5:	515
shl ecx, 0x5:	2567
add edi, ecx:	643
shl ecx, 0x5:	647
add edi, ecx:	2567
shl ecx, 0x5:	2695
add edi, ecx:	515
shl ecx, 0x5:	2567
shl ecx, 0x5:	2567
cmp dword ptr [esp+0x5c], 0x1:	663
shr edx, cl:	2567
shr edx, cl:	515
shr edx, 0x1:	2567
shr edx, 0x1:	2563
bt edx, eax:	583
cmp dl, 0x2:	663
cmp dl, 0xa:	659
cmp al, 0x3:	659
cmp al, 0x2:	663
cmp dl, 0xa:	659
add edx, ebx:	643
cmp esi, 0x8:	659
cmp esi, 0x23:	643
cmp esi, 0x7:	663
cmp esi, 0x29:	663
cmp esi, 0xe:	659
shl ecx, 0x5:	515
shl ecx, 0x5:	2695
add edi, ecx:	519
shl ecx, 0x5:	643
shl ecx, 0x5:	647
add edi, ecx:	2567
shl ecx, 0x5:	2567
shl ecx, 0x5:	2567
add edi, ecx:	647
shr edx, 0x5:	2567
shr edx, cl:	2567
cmp dword ptr [esp+0x5c], 0x1:	663
shr eax, cl:	2563
shr edx, 0x1:	2563
shr edx, 0x1:	519
shr edx, 0x1:	583
bt edx, eax:	583
cmp dl, 0x2:	663
cmp dl, 0xa:	659
cmp al, 0x3:	659
cmp al, 0x2:	663
cmp dl, 0xa:	659
add edx, ebx:	643
cmp esi, 0x8:	659
cmp edi, dword ptr [edx+0x21c]:	643
cmp esi, 0x7:	663
cmp esi, 0x29:	663
cmp esi, 0xe:	659
shl ecx, 0x5:	519
shl ecx, 0x5:	2695
add edi, ecx:	515
shl ecx, 0x5:	643
shl ecx, 0x5:	647
add edi, ecx:	2563
shl ecx, 0x5:	2563
shl ecx, 0x5:	2695
add edi, ecx:	647
shl ecx, 0x5:	519
shl ecx, 0x5:	2563
add edi, ecx:	515
shr edx, 0x5:	2567
shr edx, cl:	2567
cmp dword ptr [esp+0x5c], 0x1:	663
shr edx, cl:	519
shr edx, 0x1:	583
bt edx, eax:	583
cmp al, 0x3:	659
cmp al, 0x2:	663
cmp dl, 0xa:	659
add edx, ebx:	643
cmp esi, 0x8:	659
cmp edi, dword ptr [edx+0x21c]:	643
cmp esi, 0x7:	663
cmp esi, 0x29:	663
cmp esi, 0xe:	659
shl ecx, 0x5:	519
shl ecx, 0x5:	2691
add edi, ecx:	515
shl ecx, 0x5:	647
shl ecx, 0x5:	643
add edi, ecx:	2567
shl ecx, 0x5:	2567
shl ecx, 0x5:	2695
add edi, ecx:	643
shl ecx, 0x5:	2563
add edi, ecx:	647
add edi, ecx:	2567
shl ecx, 0x5:	519
cmp dword ptr [esp+0x5c], 0x1:	663
shr edx, cl:	519
shr edx, 0x1:	515
bt edx, eax:	583
cmp al, 0x3:	659
cmp al, 0x2:	663
cmp dl, 0xa:	659
add edx, ebx:	643
cmp esi, 0x8:	659
cmp edi, dword ptr [edx+0x21c]:	643
cmp esi, 0x7:	663
cmp esi, 0x29:	663
cmp esi, 0xe:	659
shl ecx, 0x5:	515
shl ecx, 0x5:	2695
add edi, ecx:	515
shl ecx, 0x5:	647
shl ecx, 0x5:	647
add edi, ecx:	2567
shl ecx, 0x5:	2563
shl ecx, 0x5:	2691
add edi, ecx:	647
add edi, ecx:	2563
shl ecx, 0x5:	2691
shr edx, 0x5:	2567
shr edx, cl:	2567
cmp dword ptr [esp+0x5c], 0x1:	663
shr edx, cl:	2563
shr edx, 0x1:	519
bt edx, eax:	583
cmp al, 0x3:	659
cmp al, 0x2:	663
cmp dl, 0xa:	659
add edx, ebx:	643
cmp esi, 0x8:	659
cmp esi, 0x23:	643
cmp esi, 0x7:	663
cmp esi, 0x29:	663
cmp esi, 0xe:	659
shl ecx, 0x5:	515
shl ecx, 0x5:	2695
add edi, ecx:	519
shl ecx, 0x5:	643
add edi, ecx:	519
add edi, ecx:	643
shr edx, 0x5:	2567
shr edx, cl:	2567
cmp dword ptr [esp+0x5c], 0x1:	663
shr eax, cl:	515
shr edx, cl:	2567
shr edx, 0x1:	2563
shr edx, 0x1:	583
bt edx, eax:	583
cmp dl, 0x2:	663
cmp dl, 0xa:	659
cmp al, 0x3:	659
cmp al, 0x2:	663
cmp dl, 0xa:	659
add edx, ebx:	643
cmp esi, 0x8:	659
cmp esi, 0x23:	643
cmp esi, 0x7:	663
cmp esi, 0x29:	663
cmp esi, 0xe:	659
shl ecx, 0x5:	519
shl ecx, 0x5:	2695
add edi, ecx:	515
shl ecx, 0x5:	643
shl ecx, 0x5:	647
shl ecx, 0x5:	2695
add edi, ecx:	2563
shl ecx, 0x5:	647
add edi, ecx:	519
shl ecx, 0x5:	643
add edi, ecx:	515
shl ecx, 0x5:	2695
add edi, ecx:	515
shl ecx, 0x5:	2691
add edi, ecx:	515
shl ecx, 0x5:	647
shl ecx, 0x5:	643
add edi, ecx:	647
shl ecx, 0x5:	2691
add edi, ecx:	2567
add edi, ecx:	515
add edi, ecx:	519
cmp dword ptr [esp+0x5c], 0x1:	663
shr eax, cl:	515
bt edx, eax:	583
cmp dl, 0x2:	663
cmp dl, 0xa:	659
cmp al, 0x3:	659
cmp al, 0x2:	663
cmp dl, 0xa:	659
add edx, ebx:	643
cmp esi, 0x8:	659
cmp esi, 0x23:	643
cmp esi, 0x7:	663
cmp esi, 0x29:	663
cmp esi, 0xe:	659
shl ecx, 0x5:	519
shl ecx, 0x5:	2695
add edi, ecx:	515
shl ecx, 0x5:	643
shl ecx, 0x5:	647
shl ecx, 0x5:	2691
add edi, ecx:	2563
shl ecx, 0x5:	647
add edi, ecx:	519
shl ecx, 0x5:	647
add edi, ecx:	515
add edi, ecx:	519
add edi, ecx:	515
shl ecx, 0x5:	643
add edi, ecx:	515
shr edx, 0x5:	519
shr edx, cl:	519
cmp dword ptr [esp+0x5c], 0x1:	663
shr eax, cl:	515
shr edx, 0x1:	2567
shr edx, 0x1:	2567
shr edx, 0x1:	515
shr edx, 0x1:	583
bt edx, eax:	583
cmp dl, 0x2:	663
cmp dl, 0xa:	659
cmp al, 0x3:	659
cmp al, 0x2:	663
cmp dl, 0xa:	659
add edx, ebx:	643
cmp esi, 0x8:	659
cmp edi, dword ptr [edx+0x21c]:	643
cmp esi, 0x7:	663
cmp esi, 0x29:	663
cmp esi, 0xe:	659
shl ecx, 0x5:	515
shl ecx, 0x5:	2691
add edi, ecx:	519
shl ecx, 0x5:	647
add edi, ecx:	519
shl ecx, 0x5:	2695
add edi, ecx:	519
shl ecx, 0x5:	647
add edi, ecx:	519
shl ecx, 0x5:	515
shl ecx, 0x5:	2567
add edi, ecx:	643
shl ecx, 0x5:	643
add edi, ecx:	647
add edi, ecx:	2563
shl ecx, 0x5:	2691
add edi, ecx:	515
shl ecx, 0x5:	2567
shl ecx, 0x5:	2691
add edi, ecx:	515
shl ecx, 0x5:	2567
add edi, ecx:	2567
cmp dword ptr [esp+0x5c], 0x1:	663
shr edx, cl:	2563
bt edx, eax:	583
cmp dl, 0x2:	663
cmp dl, 0xa:	659
cmp al, 0x3:	659
cmp al, 0x2:	663
cmp dl, 0xa:	659
add edx, ebx:	643
cmp esi, 0x8:	659
cmp esi, 0x23:	643
cmp esi, 0x7:	663
cmp esi, 0x29:	663
cmp esi, 0xe:	659
shl ecx, 0x5:	519
shl ecx, 0x5:	2695
add edi, ecx:	519
shl ecx, 0x5:	643
shl ecx, 0x5:	647
add edi, ecx:	2567
shl ecx, 0x5:	2563
shl ecx, 0x5:	2563
shl ecx, 0x5:	515
shl ecx, 0x5:	643
add edi, ecx:	515
add edi, ecx:	515
shl ecx, 0x5:	2563
add edi, ecx:	519
shl ecx, 0x5:	643
shl ecx, 0x5:	647
add edi, ecx:	643
shl ecx, 0x5:	2563
add edi, ecx:	515
add edi, ecx:	515
add edi, ecx:	515
add edi, ecx:	2563
add edi, ecx:	515
shl ecx, 0x5:	2691
shl ecx, 0x5:	643
add edi, ecx:	647
shr eax, cl:	519
cmp dword ptr [esp+0x5c], 0x1:	663
shr edx, cl:	2567
bt edx, eax:	583
cmp dl, 0x2:	663
cmp dl, 0xa:	659
cmp al, 0x3:	659
cmp al, 0x2:	663
cmp dl, 0xa:	659
add edx, ebx:	643
cmp esi, 0x8:	659
cmp edi, dword ptr [edx+0x21c]:	647
cmp esi, 0x23:	643
cmp esi, 0x7:	663
cmp esi, 0x29:	663
cmp esi, 0xe:	659
shl ecx, 0x5:	519
shl ecx, 0x5:	2691
add edi, ecx:	515
shl ecx, 0x5:	647
shl ecx, 0x5:	647
add edi, ecx:	2567
shl ecx, 0x5:	2567
shl ecx, 0x5:	2567
add edi, ecx:	2567
shr eax, cl:	519
cmp dword ptr [esp+0x5c], 0x1:	663
shr edx, 0x1:	583
bt edx, eax:	583
cmp dl, 0x2:	663
cmp dl, 0xa:	659
cmp al, 0x3:	659
cmp al, 0x2:	663
cmp dl, 0xa:	659
add edx, ebx:	643
cmp esi, 0x8:	659
cmp edi, dword ptr [edx+0x21c]:	647
cmp esi, 0x23:	643
cmp esi, 0x7:	663
cmp esi, 0x29:	663
cmp esi, 0xe:	659
shl ecx, 0x5:	515
shl ecx, 0x5:	2695
add edi, ecx:	515
shl ecx, 0x5:	647
add edi, ecx:	519
shl ecx, 0x5:	643
shl ecx, 0x5:	519
add edi, ecx:	515
shr edx, 0x5:	519
shr edx, cl:	519
cmp dword ptr [esp+0x5c], 0x1:	663
shr eax, cl:	515
shr edx, 0x1:	2567
shr edx, 0x1:	2567
shr edx, 0x1:	519
bt edx, eax:	583
cmp dl, 0x2:	663
cmp dl, 0xa:	659
cmp al, 0x3:	659
cmp al, 0x2:	663
cmp dl, 0xa:	659
add edx, ebx:	643
cmp esi, 0x8:	659
cmp esi, 0x23:	643
cmp esi, 0x7:	663
cmp esi, 0x29:	663
cmp esi, 0xe:	659
shl ecx, 0x5:	519
shl ecx, 0x5:	2695
add edi, ecx:	515
add edi, ecx:	515
shl ecx, 0x5:	515
add edi, ecx:	515
add edi, ecx:	515
shl ecx, 0x5:	519
add edi, ecx:	519
shl ecx, 0x5:	2563
add edi, ecx:	647
add edi, ecx:	643
shl ecx, 0x5:	2695
add edi, ecx:	647
shl ecx, 0x5:	2695
add edi, ecx:	2567
shl ecx, 0x5:	647
add edi, ecx:	643
shl ecx, 0x5:	643
add edi, ecx:	647
shl ecx, 0x5:	2567
shl ecx, 0x5:	2691
add edi, ecx:	2563
shl ecx, 0x5:	2567
shl ecx, 0x5:	519
cmp dword ptr [esp+0x5c], 0x1:	663
shr eax, cl:	2567
shr edx, 0x1:	519
shr edx, 0x1:	583
bt edx, eax:	583
cmp al, 0x3:	659
cmp al, 0x2:	663
cmp dl, 0xa:	659
add edx, ebx:	643
cmp esi, 0x8:	659
cmp edi, dword ptr [edx+0x21c]:	643
cmp esi, 0x7:	663
cmp esi, 0x29:	663
cmp esi, 0xe:	659
shl ecx, 0x5:	519
shl ecx, 0x5:	2691
add edi, ecx:	519
shr edx, 0x5:	519
shr edx, cl:	519
cmp dword ptr [esp+0x5c], 0x1:	663
bt edx, eax:	583
cmp dl, 0x2:	663
cmp dl, 0xa:	659
cmp al, 0x3:	659
cmp al, 0x2:	663
cmp dl, 0xa:	659
add edx, ebx:	643
cmp esi, 0x8:	659
cmp edi, dword ptr [edx+0x21c]:	647
cmp esi, 0x23:	643
cmp esi, 0x7:	663
cmp esi, 0x29:	663
cmp esi, 0xe:	659
shl ecx, 0x5:	515
shl ecx, 0x5:	2695
add edi, ecx:	519
shl ecx, 0x5:	647
shl ecx, 0x5:	643
add edi, ecx:	2563
shl ecx, 0x5:	647
add edi, ecx:	647
add edi, ecx:	2563
add edi, ecx:	515
add edi, ecx:	519
shl ecx, 0x5:	2567
cmp dword ptr [esp+0x5c], 0x1:	663
shr eax, cl:	515
shr edx, cl:	2563
cmp dword ptr [esp+0x5c], 0x1:	663
shr edx, cl:	2567
cmp dword ptr [esp+0x5c], 0x1:	663
cmp esi, 0x2a:	659
add edx, ebx:	643
cmp esi, 0x8:	659
cmp esi, 0x23:	643
cmp esi, 0x7:	663
cmp esi, 0x29:	663
cmp esi, 0xe:	659
shl ecx, 0x5:	519
shl ecx, 0x5:	2691
add edi, ecx:	515
cmp dword ptr [esp+0x5c], 0x1:	663
bt edx, eax:	583
cmp dl, 0x2:	663
cmp dl, 0xa:	659
cmp al, 0x3:	659
cmp al, 0x2:	663
cmp dl, 0xa:	659
add edx, ebx:	643
cmp esi, 0x8:	659
cmp esi, 0x23:	643
cmp esi, 0x7:	663
cmp esi, 0x29:	663
cmp esi, 0xe:	659
shl ecx, 0x5:	515
shl ecx, 0x5:	2695
add edi, ecx:	515
shl ecx, 0x5:	2567
shl ecx, 0x5:	2691
add edi, ecx:	2563
shl ecx, 0x5:	2567
add edi, ecx:	647
add edi, ecx:	515
shl ecx, 0x5:	2567
shl ecx, 0x5:	2695
add edi, ecx:	2563
shl ecx, 0x5:	515
add edi, ecx:	515
shl ecx, 0x5:	515
add edi, ecx:	519
shl ecx, 0x5:	515
add edi, ecx:	519
shl ecx, 0x5:	647
add edi, ecx:	519
shl ecx, 0x5:	2567
shl ecx, 0x5:	647
add edi, ecx:	643
shr edx, 0x5:	2563
shr edx, cl:	2563
cmp dword ptr [esp+0x5c], 0x1:	663
shr eax, cl:	2563
bt edx, eax:	583
cmp dl, 0x2:	663
cmp dl, 0xa:	659
cmp al, 0x3:	659
cmp al, 0x2:	663
cmp dl, 0xa:	659
add edx, ebx:	643
cmp esi, 0x8:	659
cmp edi, dword ptr [edx+0x21c]:	647
cmp esi, 0x23:	643
cmp esi, 0x7:	663
cmp esi, 0x29:	663
cmp esi, 0xe:	659
shl ecx, 0x5:	519
shl ecx, 0x5:	2695
add edi, ecx:	519
shl ecx, 0x5:	643
shl ecx, 0x5:	519
add edi, ecx:	519
shl ecx, 0x5:	519
shl ecx, 0x5:	2691
add edi, ecx:	515
add edi, ecx:	515
shl ecx, 0x5:	643
shl ecx, 0x5:	515
shl ecx, 0x5:	643
add edi, ecx:	519
shl ecx, 0x5:	643
add edi, ecx:	647
add edi, ecx:	647
shl ecx, 0x5:	2695
add edi, ecx:	2563
shr edx, 0x5:	519
shr edx, cl:	519
cmp dword ptr [esp+0x5c], 0x1:	663
shr eax, cl:	2567
shr edx, 0x1:	519
shr edx, 0x1:	583
bt edx, eax:	583
cmp dl, 0x2:	663
cmp dl, 0xa:	659
cmp al, 0x3:	659
cmp al, 0x2:	663
cmp dl, 0xa:	659
add edx, ebx:	643
cmp esi, 0x8:	659
cmp esi, 0x23:	643
cmp esi, 0x7:	663
cmp esi, 0x29:	663
cmp esi, 0xe:	659
shl ecx, 0x5:	519
shl ecx, 0x5:	2691
add edi, ecx:	519
cmp dword ptr [esp+0x5c], 0x1:	663
shr edx, 0x1:	515
shr edx, 0x1:	2567
shr edx, 0x1:	583
bt edx, eax:	583
cmp dl, 0x2:	663
cmp dl, 0xa:	659
cmp al, 0x3:	659
cmp al, 0x2:	663
cmp dl, 0xa:	659
add edx, ebx:	643
cmp esi, 0x8:	659
cmp edi, dword ptr [edx+0x21c]:	643
cmp esi, 0x7:	663
cmp esi, 0x29:	663
cmp esi, 0xe:	659
shl ecx, 0x5:	515
shl ecx, 0x5:	2695
add edi, ecx:	515
shl ecx, 0x5:	643
shl ecx, 0x5:	519
add edi, ecx:	515
shl ecx, 0x5:	519
add edi, ecx:	515
shl ecx, 0x5:	2691
add edi, ecx:	515
shl ecx, 0x5:	2695
shl ecx, 0x5:	515
cmp dword ptr [esp+0x5c], 0x1:	663
shr eax, cl:	519
shr edx, cl:	2563
shr edx, 0x1:	2567
bt edx, eax:	583
cmp dl, 0x2:	663
cmp dl, 0xa:	659
cmp al, 0x3:	659
cmp al, 0x2:	663
cmp dl, 0xa:	659
add edx, ebx:	643
cmp esi, 0x8:	659
cmp esi, 0x23:	643
cmp esi, 0x7:	663
cmp esi, 0x29:	663
cmp esi, 0xe:	659
shl ecx, 0x5:	515
shl ecx, 0x5:	2695
add edi, ecx:	515
shl ecx, 0x5:	2567
shl ecx, 0x5:	2695
add edi, ecx:	2563
shl ecx, 0x5:	2567
add edi, ecx:	647
add edi, ecx:	515
shl ecx, 0x5:	647
add edi, ecx:	2563
shl ecx, 0x5:	2695
add edi, ecx:	2567
cmp dword ptr [esp+0x5c], 0x1:	663
bt edx, eax:	583
cmp dl, 0x2:	663
cmp dl, 0xa:	659
cmp al, 0x3:	659
cmp al, 0x2:	663
cmp dl, 0xa:	659
add edx, ebx:	643
cmp esi, 0x8:	659
cmp edi, dword ptr [edx+0x21c]:	647
cmp esi, 0x23:	643
cmp esi, 0x7:	663
cmp esi, 0x29:	663
cmp esi, 0xe:	659
shl ecx, 0x5:	519
shl ecx, 0x5:	2695
add edi, ecx:	519
shl ecx, 0x5:	643
shl ecx, 0x5:	519
add edi, ecx:	519
shl ecx, 0x5:	519
shl ecx, 0x5:	2695
add edi, ecx:	519
add edi, ecx:	515
add edi, ecx:	2567
add edi, ecx:	515
shl ecx, 0x5:	2563
shl ecx, 0x5:	2563
shl ecx, 0x5:	643
shr edx, 0x5:	2563
shr edx, cl:	2563
cmp dword ptr [esp+0x5c], 0x1:	663
shr edx, 0x1:	2563
shr edx, 0x1:	519
shr edx, 0x1:	2567
bt edx, eax:	583
cmp dl, 0x2:	663
cmp dl, 0xa:	659
cmp al, 0x3:	659
cmp al, 0x2:	663
cmp dl, 0xa:	659
add edx, ebx:	643
cmp esi, 0x8:	659
cmp edi, dword ptr [edx+0x21c]:	643
cmp esi, 0x7:	663
cmp esi, 0x29:	663
cmp esi, 0xe:	659
shl ecx, 0x5:	519
shl ecx, 0x5:	2691
add edi, ecx:	515
shl ecx, 0x5:	647
shl ecx, 0x5:	647
add edi, ecx:	2567
shl ecx, 0x5:	2567
shl ecx, 0x5:	2567
add edi, ecx:	2567
shl ecx, 0x5:	2567
add edi, ecx:	519
shr edx, 0x5:	519
shr edx, cl:	519
cmp dword ptr [esp+0x5c], 0x1:	663
shr eax, cl:	2563
shr edx, 0x1:	583
bt edx, eax:	583
cmp dl, 0x2:	663
cmp dl, 0xa:	659
cmp al, 0x3:	659
cmp al, 0x2:	663
cmp dl, 0xa:	659
add edx, ebx:	643
cmp esi, 0x8:	659
cmp esi, 0x23:	643
cmp esi, 0x7:	663
cmp esi, 0x29:	663
cmp esi, 0xe:	659
shl ecx, 0x5:	515
shl ecx, 0x5:	2695
add edi, ecx:	519
shl ecx, 0x5:	643
add edi, ecx:	515
cmp dword ptr [esp+0x5c], 0x1:	663
bt edx, eax:	583
cmp dl, 0x2:	663
cmp dl, 0xa:	659
cmp al, 0x3:	659
cmp al, 0x2:	663
cmp dl, 0xa:	659
add edx, ebx:	643
cmp esi, 0x8:	659
cmp esi, 0x23:	643
cmp esi, 0x7:	663
cmp esi, 0x29:	663
cmp esi, 0xe:	659
shl ecx, 0x5:	515
shl ecx, 0x5:	2695
add edi, ecx:	515
shl ecx, 0x5:	647
shl ecx, 0x5:	515
add edi, ecx:	519
shl ecx, 0x5:	515
shr edx, 0x5:	515
shr edx, cl:	515
cmp dword ptr [esp+0x5c], 0x1:	663
shr edx, cl:	519
shr edx, 0x1:	583
bt edx, eax:	583
cmp dl, 0x2:	663
cmp dl, 0xa:	659
cmp al, 0x3:	659
cmp al, 0x2:	663
cmp dl, 0xa:	659
add edx, ebx:	643
cmp esi, 0x8:	663
cmp esi, 0x23:	663
cmp esi, 0x29:	663
cmp esi, 0x5:	663
cmp dl, 0xa:	659
cmp esi, 0x2a:	663
add edx, ebx:	643
cmp esi, 0x8:	659
cmp edi, dword ptr [edx+0x21c]:	643
cmp esi, 0x7:	663
cmp esi, 0x29:	663
cmp esi, 0xe:	659
shl ecx, 0x5:	519
shl ecx, 0x5:	2695
add edi, ecx:	515
add edi, ecx:	515
shl ecx, 0x5:	515
add edi, ecx:	515
add edi, ecx:	515
shl ecx, 0x5:	519
add edi, ecx:	519
shl ecx, 0x5:	2563
add edi, ecx:	647
add edi, ecx:	643
shl ecx, 0x5:	2695
add edi, ecx:	647
shl ecx, 0x5:	2695
add edi, ecx:	2567
shl ecx, 0x5:	643
shl ecx, 0x5:	643
shr edx, 0x5:	2563
shr edx, cl:	2563
cmp dword ptr [esp+0x5c], 0x1:	663
shr edx, cl:	2563
shr edx, 0x1:	583
bt edx, eax:	583
cmp al, 0x3:	659
cmp al, 0x2:	663
cmp dl, 0xa:	659
add edx, ebx:	643
cmp esi, 0x8:	659
cmp esi, 0x23:	643
cmp esi, 0x7:	663
cmp esi, 0x29:	663
cmp esi, 0xe:	659
shl ecx, 0x5:	519
shr edx, 0x5:	519
shr edx, cl:	519
cmp dword ptr [esp+0x5c], 0x1:	663
shr edx, cl:	515
shr edx, 0x1:	583
bt edx, eax:	583
cmp dl, 0x2:	663
cmp dl, 0xa:	659
cmp al, 0x3:	659
cmp al, 0x2:	663
cmp dl, 0xa:	659
add edx, ebx:	643
cmp esi, 0x8:	659
cmp esi, 0x23:	643
cmp esi, 0x7:	663
cmp esi, 0x29:	663
cmp esi, 0xe:	659
shl ecx, 0x5:	515
cmp dword ptr [esp+0x5c], 0x1:	663
shr eax, cl:	519
shr edx, cl:	515
shr edx, 0x1:	519
bt edx, eax:	583
cmp dl, 0x2:	663
cmp dl, 0xa:	659
cmp al, 0x3:	659
cmp al, 0x2:	663
cmp dl, 0xa:	659
add edx, ebx:	643
cmp esi, 0x8:	659
cmp edi, dword ptr [edx+0x21c]:	643
cmp esi, 0x7:	663
cmp esi, 0x29:	663
cmp esi, 0xe:	659
shl ecx, 0x5:	519
shl ecx, 0x5:	2691
add edi, ecx:	515
shl ecx, 0x5:	647
shl ecx, 0x5:	647
add edi, ecx:	2567
shl ecx, 0x5:	2567
shl ecx, 0x5:	2563
cmp dword ptr [esp+0x5c], 0x1:	663
shr eax, cl:	519
shr edx, 0x1:	2563
shr edx, 0x1:	519
shr edx, 0x1:	2563
shr edx, 0x1:	2563
shr edx, 0x1:	2563
bt edx, eax:	583
cmp dl, 0x2:	663
cmp dl, 0xa:	659
cmp al, 0x3:	659
cmp al, 0x2:	663
cmp dl, 0xa:	659
add edx, ebx:	643
cmp esi, 0x8:	659
cmp esi, 0x23:	643
cmp esi, 0x7:	663
cmp esi, 0x29:	663
cmp esi, 0xe:	659
shl ecx, 0x5:	519
shr edx, 0x5:	519
shr edx, cl:	519
cmp dword ptr [esp+0x5c], 0x1:	663
shr eax, cl:	519
shr edx, cl:	515
shr edx, 0x1:	2563
shr edx, 0x1:	515
bt edx, eax:	583
cmp dl, 0x2:	663
cmp dl, 0xa:	659
cmp al, 0x3:	659
cmp al, 0x2:	663
cmp dl, 0xa:	659
add edx, ebx:	643
cmp esi, 0x8:	659
cmp edi, dword ptr [edx+0x21c]:	647
cmp esi, 0x23:	643
cmp esi, 0x7:	663
cmp esi, 0x29:	663
cmp esi, 0xe:	659
shl ecx, 0x5:	515
shl ecx, 0x5:	2691
add edi, ecx:	519
shl ecx, 0x5:	647
shl ecx, 0x5:	647
add edi, ecx:	2567
shl ecx, 0x5:	2567
shl ecx, 0x5:	2691
add edi, ecx:	647
add edi, ecx:	647
add edi, ecx:	515
shl ecx, 0x5:	643
shr eax, cl:	519
shr edx, cl:	519
cmp dword ptr [esp+0x5c], 0x1:	663
shr edx, cl:	515
shr edx, 0x1:	583
bt edx, eax:	583
cmp dl, 0x2:	663
cmp dl, 0xa:	659
cmp al, 0x3:	659
cmp al, 0x2:	663
cmp dl, 0xa:	659
add edx, ebx:	643
cmp esi, 0x8:	659
cmp esi, 0x23:	643
cmp esi, 0x7:	663
cmp esi, 0x29:	663
cmp esi, 0xe:	659
shl ecx, 0x5:	519
shl ecx, 0x5:	2695
add edi, ecx:	515
shl ecx, 0x5:	519
shl ecx, 0x5:	643
add edi, ecx:	647
shl ecx, 0x5:	2691
add edi, ecx:	2567
shl ecx, 0x5:	2563
shl ecx, 0x5:	2695
add edi, ecx:	2563
shl ecx, 0x5:	2567
add edi, ecx:	519
shl ecx, 0x5:	643
add edi, ecx:	519
cmp dword ptr [esp+0x5c], 0x1:	663
shr eax, cl:	519
shr edx, 0x1:	583
bt edx, eax:	583
cmp dl, 0x2:	663
cmp dl, 0xa:	659
cmp al, 0x3:	659
cmp al, 0x2:	663
cmp dl, 0xa:	659
add edx, ebx:	643
cmp esi, 0x8:	659
cmp edi, dword ptr [edx+0x21c]:	647
cmp esi, 0x23:	643
cmp esi, 0x7:	663
cmp esi, 0x29:	663
cmp esi, 0xe:	659
shl ecx, 0x5:	519
shl ecx, 0x5:	2691
add edi, ecx:	519
cmp dword ptr [esp+0x5c], 0x1:	663
shr edx, 0x1:	515
bt edx, eax:	583
cmp dl, 0x2:	663
cmp dl, 0xa:	659
cmp al, 0x3:	659
cmp al, 0x2:	663
cmp dl, 0xa:	659
add edx, ebx:	643
cmp esi, 0x8:	659
cmp esi, 0x23:	643
cmp esi, 0x7:	663
cmp esi, 0x29:	663
cmp esi, 0xe:	659
shl ecx, 0x5:	519
shl ecx, 0x5:	2695
add edi, ecx:	519
shl ecx, 0x5:	647
shl ecx, 0x5:	647
add edi, ecx:	2563
shl ecx, 0x5:	2563
add edi, ecx:	647
add edi, ecx:	647
add edi, ecx:	2563
shl ecx, 0x5:	643
shl ecx, 0x5:	643
add edi, ecx:	647
add edi, ecx:	643
shl ecx, 0x5:	2695
add edi, ecx:	643
shl ecx, 0x5:	2691
add edi, ecx:	2567
shl ecx, 0x5:	2567
add edi, ecx:	2567
cmp dword ptr [esp+0x5c], 0x1:	663
shr edx, cl:	519
shr edx, 0x1:	583
bt edx, eax:	583
cmp dl, 0x2:	663
cmp dl, 0xa:	659
cmp al, 0x3:	659
cmp al, 0x2:	663
cmp dl, 0xa:	659
add edx, ebx:	643
cmp esi, 0x8:	659
cmp esi, 0x23:	643
cmp esi, 0x7:	663
cmp esi, 0x29:	663
cmp esi, 0xe:	659
shl ecx, 0x5:	519
shl ecx, 0x5:	2695
add edi, ecx:	515
shr edx, cl:	583
cmp dword ptr [esp+0x5c], 0x1:	663
shr edx, cl:	519
shr edx, 0x1:	515
shr edx, 0x1:	519
bt edx, eax:	583
cmp dl, 0x2:	663
cmp dl, 0xa:	659
cmp al, 0x3:	659
cmp al, 0x2:	663
cmp dl, 0xa:	659
add edx, ebx:	643
cmp esi, 0x8:	659
cmp edi, dword ptr [edx+0x21c]:	647
cmp esi, 0x23:	643
cmp esi, 0x7:	663
cmp esi, 0x29:	663
cmp esi, 0xe:	659
shl ecx, 0x5:	519
shl ecx, 0x5:	2691
add edi, ecx:	519
shl ecx, 0x5:	647
shl ecx, 0x5:	643
add edi, ecx:	2563
shl ecx, 0x5:	2567
shl ecx, 0x5:	515
add edi, ecx:	519
shl ecx, 0x5:	2691
add edi, ecx:	515
shl ecx, 0x5:	643
add edi, ecx:	2567
shl ecx, 0x5:	2563
shr edx, 0x5:	2567
shr edx, cl:	2567
cmp dword ptr [esp+0x5c], 0x1:	663
shr edx, cl:	515
shr edx, 0x1:	515
shr edx, 0x1:	515
shr edx, 0x1:	2567
bt edx, eax:	583
cmp al, 0x3:	659
cmp al, 0x2:	663
cmp dl, 0xa:	659
add edx, ebx:	643
cmp esi, 0x8:	659
cmp edi, dword ptr [edx+0x21c]:	643
cmp esi, 0x7:	663
cmp esi, 0x29:	663
cmp esi, 0xe:	659
shl ecx, 0x5:	515
shl ecx, 0x5:	2695
add edi, ecx:	519
shl ecx, 0x5:	643
shl ecx, 0x5:	647
add edi, ecx:	2563
cmp dword ptr [esp+0x5c], 0x1:	663
shr edx, cl:	515
cmp dword ptr [esp+0x5c], 0x1:	663
cmp al, byte ptr [edx]:	659
shr edx, cl:	515
shr edx, 0x1:	2563
bt edx, eax:	583
cmp dl, 0x2:	663
cmp dl, 0xa:	659
cmp al, 0x3:	659
cmp al, 0x2:	663
cmp dl, 0xa:	659
add edx, ebx:	643
cmp esi, 0x8:	659
cmp esi, 0x23:	643
cmp esi, 0x7:	663
cmp esi, 0x29:	663
cmp esi, 0xe:	659
shl ecx, 0x5:	515
shl ecx, 0x5:	2691
add edi, ecx:	519
shl ecx, 0x5:	519
add edi, ecx:	515
shl ecx, 0x5:	2691
add edi, ecx:	643
add edi, ecx:	643
shl ecx, 0x5:	643
cmp dword ptr [esp+0x5c], 0x1:	663
shr edx, cl:	2563
shr edx, cl:	515
shr edx, 0x1:	583
bt edx, eax:	583
cmp dl, 0x2:	663
cmp dl, 0xa:	659
cmp al, 0x3:	659
cmp al, 0x2:	663
cmp dl, 0xa:	659
add edx, ebx:	643
cmp esi, 0x8:	663
cmp esi, 0x23:	663
cmp esi, 0x29:	663
cmp esi, 0x5:	663
shl ecx, 0x5:	515
shl ecx, 0x5:	2695
add edi, ecx:	515
shl ecx, 0x5:	647
shl ecx, 0x5:	515
add edi, ecx:	519
shl ecx, 0x5:	515
add edi, ecx:	519
shl ecx, 0x5:	643
add edi, ecx:	515
shl ecx, 0x5:	515
shl ecx, 0x5:	2695
add edi, ecx:	2567
cmp dword ptr [esp+0x5c], 0x1:	663
shr edx, cl:	2567
shr edx, cl:	515
shr edx, 0x1:	583
bt edx, eax:	583
cmp dl, 0x2:	663
cmp dl, 0xa:	659
cmp al, 0x3:	659
cmp al, 0x2:	663
cmp dl, 0xa:	659
cmp esi, 0x2a:	663
add edx, ebx:	643
cmp esi, 0x8:	663
cmp esi, 0x23:	663
cmp esi, 0x29:	663
cmp esi, 0x5:	663
cmp dl, 0xa:	659
cmp esi, 0x2a:	663
add edx, ebx:	643
cmp esi, 0x8:	663
cmp edi, dword ptr [edx+0x21c]:	643
cmp esi, 0x23:	663
cmp esi, 0x29:	663
cmp esi, 0x5:	663
shl ecx, 0x5:	515
shl ecx, 0x5:	2695
add edi, ecx:	515
shl ecx, 0x5:	647
shl ecx, 0x5:	515
add edi, ecx:	519
shl ecx, 0x5:	515
add edi, ecx:	519
shl ecx, 0x5:	643
add edi, ecx:	515
shl ecx, 0x5:	515
shl ecx, 0x5:	2695
add edi, ecx:	2563
shr edx, 0x5:	2563
shr eax, cl:	583
shr edx, cl:	2563
cmp dword ptr [esp+0x5c], 0x1:	663
shr edx, cl:	2563
bt edx, eax:	583
cmp dl, 0x2:	663
cmp dl, 0xa:	659
cmp al, 0x3:	659
cmp al, 0x2:	663
cmp dl, 0xa:	659
cmp esi, 0x2a:	663
add edx, ebx:	643
cmp esi, 0x8:	663
cmp esi, 0x23:	663
cmp esi, 0x29:	663
cmp esi, 0x5:	663
cmp dl, 0xa:	659
cmp esi, 0x2a:	663
add edx, ebx:	643
cmp esi, 0x8:	663
cmp edi, dword ptr [edx+0x21c]:	643
cmp esi, 0x23:	663
cmp esi, 0x29:	663
cmp esi, 0x5:	663
shl ecx, 0x5:	515
shl ecx, 0x5:	2695
add edi, ecx:	515
shl ecx, 0x5:	647
shl ecx, 0x5:	515
add edi, ecx:	519
shl ecx, 0x5:	515
add edi, ecx:	519
shl ecx, 0x5:	643
add edi, ecx:	515
shl ecx, 0x5:	515
shl ecx, 0x5:	2695
add edi, ecx:	2563
shr edx, 0x5:	515
shr edx, cl:	515
cmp dword ptr [esp+0x5c], 0x1:	663
shr eax, cl:	519
shr edx, cl:	515
shr edx, 0x1:	515
bt edx, eax:	583
cmp dl, 0x2:	663
cmp dl, 0xa:	659
cmp al, 0x3:	659
cmp al, 0x2:	663
cmp dl, 0xa:	659
cmp esi, 0x2a:	663
add edx, ebx:	643
cmp esi, 0x8:	663
cmp esi, 0x23:	663
cmp esi, 0x29:	663
cmp esi, 0x5:	663
cmp dl, 0xa:	659
cmp esi, 0x2a:	663
add edx, ebx:	643
cmp dword ptr [ebp-0x94], esi:	647
cmp esi, eax:	659
shr esi, 0x8:	519
shr edi, 0x4:	519
cmp esi, 0xf:	659
cmp eax, 0x20:	647
cmp eax, 0x20:	647
cmp eax, 0x20:	643
cmp eax, 0x20:	647
cmp eax, 0x20:	643
cmp eax, 0x20:	643
cmp eax, 0x20:	647
cmp dword ptr [ebp+0x8], edi:	663
cmp dword ptr [ebp-0x9c], esi:	647
cmp dword ptr [ebp+0x8], edi:	663
neg edx:	647
cmp eax, ecx:	647
cmp eax, 0xfffff001:	535
cmp esi, eax:	643
cmp eax, 0x20:	647
cmp eax, 0x20:	647
cmp eax, 0x20:	643
cmp eax, 0x20:	647
cmp eax, 0x20:	643
cmp eax, 0x20:	643
cmp eax, 0x20:	647
cmp esi, 0x8:	659
cmp esi, 0x23:	643
cmp esi, 0x7:	663
cmp esi, 0x29:	663
cmp esi, 0xe:	659
shl ecx, 0x5:	515
shl ecx, 0x5:	2691
add edi, ecx:	515
shl ecx, 0x5:	647
shl ecx, 0x5:	643
add edi, ecx:	2563
shl ecx, 0x5:	2567
add edi, ecx:	647
shl ecx, 0x5:	647
add edi, ecx:	643
add edi, ecx:	515
shl ecx, 0x5:	519
shr edx, 0x5:	519
shr edx, cl:	519
cmp dword ptr [esp+0x5c], 0x1:	663
shr eax, cl:	583
shr edx, cl:	519
cmp dword ptr [esp+0x5c], 0x1:	663
shr edx, cl:	583
cmp dword ptr [esp+0x5c], 0x1:	663
cmp esi, 0x2a:	659
add edx, ebx:	643
cmp dword ptr [ebp-0x94], esi:	647
cmp esi, eax:	647
cmp eax, 0x20:	647
cmp eax, 0x20:	647
cmp eax, 0x20:	643
cmp eax, 0x20:	647
cmp eax, 0x20:	643
cmp eax, 0x20:	643
cmp eax, 0x20:	647
cmp dword ptr [ebp-0x9c], esi:	647
neg edx:	647
cmp eax, ecx:	647
cmp eax, 0xfffff001:	535
sub dword ptr [ebp-0x90], 0x4:	663
sub eax, dword ptr [ebp-0xa0]:	519
cmp esi, dword ptr [ecx]:	643
cmp dword ptr [esp+0x18], edx:	663
cmp dword ptr [ebx+0x848], eax:	663
cmp eax, 0x20:	647
cmp eax, 0x20:	647
cmp eax, 0x20:	643
cmp eax, 0x20:	647
cmp eax, 0x20:	643
cmp eax, 0x20:	643
cmp eax, 0x20:	647
cmp esi, 0x8:	659
cmp esi, 0x23:	643
cmp esi, 0x7:	663
cmp esi, 0x29:	663
cmp esi, 0xe:	659
shl ecx, 0x5:	519
shl ecx, 0x5:	2691
add edi, ecx:	519
shl ecx, 0x5:	647
shl ecx, 0x5:	647
add edi, ecx:	2563
shr edx, 0x5:	519
shr edx, cl:	519
cmp dword ptr [esp+0x5c], 0x1:	663
cmp dword ptr [esp+0x5c], 0x1:	663
shr edx, 0x1:	583
bt edx, eax:	583
cmp dl, 0x2:	663
cmp dl, 0xa:	659
cmp al, 0x3:	659
cmp al, 0x2:	663
cmp dl, 0xa:	659
add edx, ebx:	643
cmp esi, 0x8:	659
cmp edi, dword ptr [edx+0x21c]:	643
cmp esi, 0x7:	663
cmp esi, 0x29:	663
cmp esi, 0xe:	659
shl ecx, 0x5:	515
cmp dword ptr [esp+0x5c], 0x1:	663
shr eax, cl:	519
shr edx, cl:	515
shr edx, 0x1:	519
bt edx, eax:	583
cmp esi, dword ptr [edi+0x20]:	647
cmp dl, 0x2:	663
cmp dl, 0xa:	659
cmp al, 0x3:	659
cmp al, 0x2:	663
cmp dl, 0xa:	659
add edx, ebx:	643
cmp esi, 0x8:	663
cmp esi, 0x23:	647
shl ecx, 0x5:	515
shl ecx, 0x5:	2695
add edi, ecx:	515
shl ecx, 0x5:	643
shl ecx, 0x5:	647
add edi, ecx:	2563
shl ecx, 0x5:	2563
shl ecx, 0x5:	2691
add edi, ecx:	2567
shl ecx, 0x5:	2695
add edi, ecx:	519
shl ecx, 0x5:	519
shl ecx, 0x5:	2563
add edi, ecx:	647
add edi, ecx:	643
cmp dword ptr [esp+0x5c], 0x1:	663
bt edx, eax:	583
cmp esi, dword ptr [edi+0x20]:	643
cmp dl, 0x2:	663
cmp dl, 0xa:	659
cmp al, 0x3:	659
cmp al, 0x2:	663
cmp dl, 0xa:	659
cmp esi, 0x2a:	663
add edx, ebx:	643
cmp esi, 0x8:	663
cmp esi, 0x23:	647
shl ecx, 0x5:	515
shl ecx, 0x5:	2695
add edi, ecx:	519
shl ecx, 0x5:	643
add edi, ecx:	515
shr edx, 0x5:	519
shr edx, cl:	519
cmp dword ptr [esp+0x5c], 0x1:	663
shr edx, cl:	515
shr edx, 0x1:	519
bt edx, eax:	583
cmp esi, dword ptr [edi+0x20]:	647
cmp dl, 0x2:	663
cmp dl, 0xa:	659
cmp al, 0x3:	659
cmp al, 0x2:	663
cmp dl, 0xa:	659
cmp esi, 0x2a:	663
add edx, ebx:	643
cmp esi, 0x8:	663
cmp edi, dword ptr [edx+0x21c]:	643
cmp esi, 0x23:	647
shl ecx, 0x5:	519
shl ecx, 0x5:	2691
add edi, ecx:	519
shl ecx, 0x5:	647
shr edx, 0x5:	2567
shr edx, cl:	2567
cmp dword ptr [esp+0x5c], 0x1:	663
shr edx, 0x1:	519
shr edx, 0x1:	583
bt edx, eax:	583
cmp esi, dword ptr [edi+0x20]:	643
cmp al, 0x3:	659
cmp al, 0x2:	663
cmp dl, 0xa:	659
cmp esi, 0x2a:	663
add edx, ebx:	643
cmp esi, 0x8:	663
cmp edi, dword ptr [edx+0x21c]:	647
shl ecx, 0x5:	519
shl ecx, 0x5:	2691
add edi, ecx:	519
shl ecx, 0x5:	515
cmp dword ptr [esp+0x5c], 0x1:	663
bt edx, eax:	583
cmp esi, dword ptr [edi+0x20]:	643
cmp dl, 0x2:	663
cmp dl, 0xa:	659
cmp al, 0x3:	659
cmp al, 0x2:	663
cmp dl, 0xa:	659
cmp esi, 0x2a:	663
add edx, ebx:	643
cmp esi, 0x8:	663
cmp esi, 0x23:	647
shl ecx, 0x5:	515
shl ecx, 0x5:	2695
add edi, ecx:	515
shl ecx, 0x5:	643
shl ecx, 0x5:	647
add edi, ecx:	2563
shl ecx, 0x5:	2563
shl ecx, 0x5:	2695
add edi, ecx:	647
shl ecx, 0x5:	2695
add edi, ecx:	2567
shl ecx, 0x5:	2691
add edi, ecx:	519
shl ecx, 0x5:	647
add edi, ecx:	643
shr eax, cl:	519
cmp dword ptr [esp+0x5c], 0x1:	663
cmp dword ptr [esp+0x5c], 0x1:	663
shr eax, cl:	519
shr edx, cl:	519
shr edx, 0x1:	583
bt edx, eax:	583
cmp dl, 0x2:	663
cmp dl, 0xa:	659
cmp al, 0x3:	659
cmp al, 0x2:	663
cmp dl, 0xa:	659
cmp esi, 0x2a:	663
add edx, ebx:	643
cmp esi, 0x8:	663
cmp edi, dword ptr [edx+0x21c]:	643
cmp esi, 0x23:	647
shl ecx, 0x5:	515
cmp dword ptr [esp+0x5c], 0x1:	663
shr eax, cl:	519
shr edx, cl:	515
shr edx, 0x1:	519
bt edx, eax:	583
cmp esi, dword ptr [edi+0x20]:	647
cmp dl, 0x2:	663
cmp dl, 0xa:	659
cmp al, 0x3:	659
cmp al, 0x2:	663
cmp dl, 0xa:	659
cmp esi, 0x2a:	663
add edx, ebx:	643
cmp dword ptr [ebp-0x94], esi:	647
cmp eax, 0x20:	647
cmp eax, 0x20:	647
cmp eax, 0x20:	643
cmp eax, 0x20:	647
cmp eax, 0x20:	643
cmp eax, 0x20:	643
cmp eax, 0x20:	647
cmp dword ptr [ebp-0x9c], esi:	647
neg edx:	647
cmp eax, ecx:	647
cmp eax, 0xfffff001:	535
cmp edx, 0xfffffffd:	643
cmp eax, 0xfffff001:	535
sub eax, dword ptr [ebx-0x160]:	643
add edi, edx:	535
add edi, edx:	535
add edi, edx:	531
cmp dh, cl:	663
cmp esi, dword ptr [esp+0x1c]:	659
imul edx:	2563
cmp eax, 0x40:	647
cmp eax, 0xff:	659
cmp eax, 0x49:	663
cmp byte ptr [edx], cl:	663
cmp ebp, dword ptr [esp+0x28]:	663
cmp byte ptr [edx], cl:	659
sbb eax, eax:	663
cmp ebp, dword ptr [esp+0x28]:	659
shr esi, 0x1:	515
cmp byte ptr [edx], cl:	663
cmp ebp, dword ptr [esp+0x28]:	659
cmp byte ptr [edx], cl:	659
sbb eax, eax:	663
cmp ebp, dword ptr [esp+0x28]:	663
cmp byte ptr [edx], cl:	659
sbb eax, eax:	663
cmp ebp, dword ptr [esp+0x28]:	659
cmp byte ptr [edx], cl:	659
sbb eax, eax:	663
cmp ebp, dword ptr [esp+0x28]:	663
shr esi, 0x1:	583
cmp byte ptr [edx], cl:	663
cmp eax, 0xff:	659
cmp ebp, dword ptr [esp+0x28]:	659
shr esi, 0x1:	519
cmp byte ptr [edx], cl:	2695
sbb eax, eax:	663
cmp ebp, dword ptr [esp+0x28]:	647
cmp byte ptr [edx], cl:	663
cmp ebp, dword ptr [esp+0x28]:	659
cmp byte ptr [edx], cl:	647
sbb eax, eax:	663
cmp ebp, dword ptr [esp+0x28]:	663
cmp byte ptr [edx], cl:	647
sbb eax, eax:	663
cmp ebp, dword ptr [esp+0x28]:	659
cmp byte ptr [edx], cl:	643
sbb eax, eax:	663
cmp ebp, dword ptr [esp+0x28]:	663
shr esi, 0x1:	515
cmp byte ptr [edx], cl:	647
sbb eax, eax:	663
cmp eax, 0x40:	647
cmp eax, 0xff:	659
cmp byte ptr [edx], cl:	659
sbb eax, eax:	663
cmp ebp, dword ptr [esp+0x28]:	663
cmp byte ptr [edx], cl:	659
sbb eax, eax:	663
cmp ebp, dword ptr [esp+0x28]:	659
shr esi, 0x1:	515
cmp byte ptr [edx], cl:	647
sbb eax, eax:	663
cmp ebp, dword ptr [esp+0x28]:	659
cmp byte ptr [edx], cl:	659
sbb eax, eax:	663
cmp ebp, dword ptr [esp+0x28]:	663
cmp byte ptr [edx], cl:	663
cmp ebp, dword ptr [esp+0x28]:	659
cmp byte ptr [edx], cl:	659
sbb eax, eax:	663
cmp ebp, dword ptr [esp+0x28]:	663
shr esi, 0x1:	583
cmp byte ptr [edx], cl:	659
sbb eax, eax:	663
cmp eax, 0xff:	663
cmp ebp, dword ptr [esp+0x28]:	659
shr esi, 0x1:	519
cmp byte ptr [edx], cl:	2695
sbb eax, eax:	663
cmp ebp, dword ptr [esp+0x28]:	647
cmp byte ptr [edx], cl:	663
cmp ebp, dword ptr [esp+0x28]:	659
cmp byte ptr [edx], cl:	659
sbb eax, eax:	663
cmp ebp, dword ptr [esp+0x28]:	663
cmp ebp, dword ptr [esp+0x28]:	663
shr esi, 0x1:	515
imul edx:	2563
imul edx:	2567
cmp eax, 0x40:	647
cmp eax, 0xff:	659
cmp eax, 0x49:	663
cmp byte ptr [edx], cl:	663
cmp ebp, dword ptr [esp+0x28]:	663
cmp byte ptr [edx], cl:	659
sbb eax, eax:	663
cmp ebp, dword ptr [esp+0x28]:	659
shr esi, 0x1:	515
cmp byte ptr [edx], cl:	663
cmp ebp, dword ptr [esp+0x28]:	659
cmp byte ptr [edx], cl:	659
sbb eax, eax:	663
cmp ebp, dword ptr [esp+0x28]:	663
cmp byte ptr [edx], cl:	659
sbb eax, eax:	663
cmp ebp, dword ptr [esp+0x28]:	659
cmp byte ptr [edx], cl:	659
sbb eax, eax:	663
cmp ebp, dword ptr [esp+0x28]:	663
shr esi, 0x1:	583
cmp byte ptr [edx], cl:	663
cmp eax, 0xff:	659
cmp ebp, dword ptr [esp+0x28]:	659
shr esi, 0x1:	519
cmp byte ptr [edx], cl:	2695
sbb eax, eax:	663
cmp ebp, dword ptr [esp+0x28]:	647
cmp byte ptr [edx], cl:	663
cmp ebp, dword ptr [esp+0x28]:	659
cmp byte ptr [edx], cl:	647
sbb eax, eax:	663
cmp ebp, dword ptr [esp+0x28]:	663
cmp byte ptr [edx], cl:	647
sbb eax, eax:	663
cmp ebp, dword ptr [esp+0x28]:	659
cmp byte ptr [edx], cl:	643
sbb eax, eax:	663
cmp ebp, dword ptr [esp+0x28]:	663
shr esi, 0x1:	515
cmp byte ptr [edx], cl:	647
sbb eax, eax:	663
cmp eax, 0x40:	647
cmp eax, 0xff:	659
cmp byte ptr [edx], cl:	659
sbb eax, eax:	663
cmp ebp, dword ptr [esp+0x28]:	663
cmp byte ptr [edx], cl:	659
sbb eax, eax:	663
cmp ebp, dword ptr [esp+0x28]:	659
shr esi, 0x1:	515
cmp byte ptr [edx], cl:	647
sbb eax, eax:	663
cmp ebp, dword ptr [esp+0x28]:	659
cmp byte ptr [edx], cl:	659
sbb eax, eax:	663
cmp ebp, dword ptr [esp+0x28]:	663
cmp byte ptr [edx], cl:	663
cmp ebp, dword ptr [esp+0x28]:	659
cmp byte ptr [edx], cl:	659
sbb eax, eax:	663
cmp ebp, dword ptr [esp+0x28]:	663
shr esi, 0x1:	583
cmp byte ptr [edx], cl:	659
sbb eax, eax:	663
cmp eax, 0xff:	663
cmp ebp, dword ptr [esp+0x28]:	659
shr esi, 0x1:	519
cmp byte ptr [edx], cl:	2695
sbb eax, eax:	663
cmp ebp, dword ptr [esp+0x28]:	647
cmp byte ptr [edx], cl:	663
cmp ebp, dword ptr [esp+0x28]:	659
cmp byte ptr [edx], cl:	659
sbb eax, eax:	663
cmp ebp, dword ptr [esp+0x28]:	663
cmp ebp, dword ptr [esp+0x28]:	663
shr esi, 0x1:	515
imul edx:	2567
cmp edx, 0x2:	663
cmp eax, 0x3:	659
cmp eax, 0x3:	659
cmp eax, 0x3:	663
cmp edi, 0xc:	659
cmp edx, ebp:	659
cmp edx, ebp:	659
cmp edx, ebp:	663
cmp esi, dword ptr [esp+0x1c]:	663
sub ebp, 0x4:	663
shl ecx, 0x5:	515
shl ecx, 0x5:	2695
add edi, ecx:	515
shl ecx, 0x5:	643
shl ecx, 0x5:	647
add edi, ecx:	2563
shl ecx, 0x5:	2563
shl ecx, 0x5:	2691
add edi, ecx:	2567
shl ecx, 0x5:	2695
add edi, ecx:	519
shl ecx, 0x5:	515
shl ecx, 0x5:	2567
add edi, ecx:	647
add edi, ecx:	643
shl ecx, 0x5:	519
shr eax, cl:	519
cmp dword ptr [esp+0x5c], 0x1:	663
shr edx, cl:	519
shr edx, 0x1:	583
bt edx, eax:	583
cmp dl, 0x2:	663
cmp dl, 0xa:	659
cmp al, 0x3:	659
cmp al, 0x2:	663
cmp cl, 0xa:	659
rol edx, 0x9:	515
