jz 0xb7fe2d26	0xb7fe2cc7
jnbe 0xb7fe2cd8	0xb7fe2d08
jnz 0xb7fe2d05	0xb7fe2d1e
jz 0xb7fe2d92	0xb7fe2d28
jnbe 0xb7fe2f28	0xb7fe2ce2
jz 0xb7fe2d20	0xb7fe2d03
jnbe 0xb7fe2cd8	0xb7fe2d08
jbe 0xb7fe2f40	0xb7fe2f30
jnbe 0xb7fe3098	0xb7fe2f4a
jnbe 0xb7fe2cf6	0xb7fe30a2
jnz 0xb7fe2d05	0xb7fe2d1e
jz 0xb7fe2d92	0xb7fe2d28
jz 0xb7fe2d37	0xb7fe2d32
jz 0xb7fe2d92	0xb7fe2d28
jz 0xb7fe2d37	0xb7fe2d32
jz 0xb7fe2d44	0xb7fe2d3f
jz 0xb7fe2d51	0xb7fe2d4c
jz 0xb7fe2d5e	0xb7fe2d59
jz 0xb7fe2d6b	0xb7fe2d66
jz 0xb7fe2d78	0xb7fe2d73
jz 0xb7fe2d85	0xb7fe2d80
jz 0xb7fe2d92	0xb7fe2d8d
jz 0xb7fe2da6	0xb7fe2d9a
jnz 0xb7fe32f2	0xb7fe2da0
jz 0xb7fe2dc0	0xb7fe2dae
jnz 0xb7fe324a	0xb7fe2dba
jz 0xb7fe2dd7	0xb7fe2dc8
jnz 0xb7fe3220	0xb7fe2dd1
jz 0xb7fe2dee	0xb7fe2ddf
jnz 0xb7fe329e	0xb7fe2de8
jnz 0xb7fe3274	0xb7fe2df6
jnz 0xb7fe3274	0xb7fe2df6
jnz 0xb7fe31f6	0xb7fe2e04
jnz 0xb7fe2f68	0xb7fe2e12
jz 0xb7fe3154	0xb7fe2f6a
jz 0xb7fe316b	0xb7fe2f87
jz 0xb7fe2fd1	0xb7fe2fad
jnz 0xb7fe32c8	0xb7fe2fbb
jnb 0xb7fe3019	0xb7fe2fe5
jnz 0xb7fe317d	0xb7fe2fed
jnbe 0xb7fe3000	0xb7fe3017
jz 0xb7fe31bf	0xb7fe3021
jbe 0xb7fe2e26	0xb7fe303c
jnz 0xb7fe317d	0xb7fe300a
jnbe 0xb7fe3000	0xb7fe3017
jz 0xb7fe31bf	0xb7fe3021
jbe 0xb7fe2e26	0xb7fe303c
jz 0xb7fe31a7	0xb7fe3076
jnbe 0xb7fe30c2	0xb7fe3085
jnbe 0xb7fe3048	0xb7fe30c8
jz 0xb7fe31a7	0xb7fe3076
jnbe 0xb7fe30c2	0xb7fe3085
jnz 0xb7fe2e97	0xb7fe2e39
jnbe 0xb7fe2e82	0xb7fe2e79
jb 0xb7fe2e86	0xb7fe2e7b
jbe 0xb7fe2e86	0xb7fe2e80
jnz 0xb7fe2e60	0xb7fe2e89
jnbe 0xb7fe2e82	0xb7fe2e79
jb 0xb7fe2e86	0xb7fe2e7b
jbe 0xb7fe2e86	0xb7fe2e80
jnz 0xb7fe2e60	0xb7fe2e89
jz 0xb7fe8cb3	0xb7fe8c56
jnz 0xb7fe8cd9	0xb7fe8c6e
jz 0xb7ff27c9	0xb7ff27be
jnz 0xb7ff27c0	0xb7ff27c7
jz 0xb7ff2912	0xb7ff27f5
jnz 0xb7ff27c0	0xb7ff27c7
jz 0xb7ff2912	0xb7ff27f5
jnbe 0xb7ff2888	0xb7ff286e
jnz 0xb7ff2868	0xb7ff2a0c
jnbe 0xb7ff2888	0xb7ff286e
jnz 0xb7ff2868	0xb7ff29ac
jnz 0xb7ff2868	0xb7ff2a7a
jnz 0xb7ff2868	0xb7ff2adc
jnz 0xb7ff2868	0xb7ff2a54
jnz 0xb7ff2868	0xb7ff2895
jz 0xb7ff2912	0xb7ff2906
jz 0xb7ff2912	0xb7ff290a
jnz 0xb7ff2868	0xb7ff2895
jz 0xb7ff2912	0xb7ff2906
jz 0xb7ff2912	0xb7ff290a
jnz 0xb7ff2868	0xb7ff2afc
jnz 0xb7ff2868	0xb7ff2abc
jnz 0xb7ff2868	0xb7ff29ec
jnz 0xb7ff2868	0xb7ff29cc
jnz 0xb7ff2868	0xb7ff2a9c
jz 0xb7ff2912	0xb7ff2906
jz 0xb7ff2912	0xb7ff290a
jnbe 0xb7ff3fc0	0xb7ff3fb2
jz 0xb7ff293b	0xb7ff2926
jnz 0xb7ff2b08	0xb7ff292b
jz 0xb7ff6311	0xb7ff62eb
jp 0xb7ff6306	0xb7ff62ed
jz 0xb7ff6396	0xb7ff62f1
jz 0xb7ff6396	0xb7ff6308
jnb 0xb7ff6379	0xb7ff631f
jnz 0xb7ff6379	0xb7ff6329
jz 0xb7ff6396	0xb7ff6385
jz 0xb7ff6396	0xb7ff638a
jz 0xb7ff6396	0xb7ff6393
jz 0xb7ff4048	0xb7ff4006
jnz 0xb7ff4048	0xb7ff4010
jz 0xb7ff4034	0xb7ff4015
jz 0xb7ff2b1b	0xb7ff294f
jnz 0xb7ff2b35	0xb7ff295d
jz 0xb7ff3720	0xb7ff3709
jz 0xb7ff3724	0xb7ff3713
jnz 0xb7ff3710	0xb7ff371c
jz 0xb7ff3724	0xb7ff3713
jnz 0xb7ff3710	0xb7ff371c
jnz 0xb7ff3715	0xb7ff3728
jnz 0xb7ff3715	0xb7ff372e
jnz 0xb7ff3710	0xb7ff371c
jz 0xb7fdf7b6	0xb7fdf77c
jz 0xb7fdf7e0	0xb7fdf783
jnz 0xb7fdf794	0xb7fdf789
jnz 0xb7fdfe80	0xb7fdf7c3
jnz 0xb7fdfc40	0xb7fdf7cb
jnz 0xb7fe0213	0xb7fe0046
jle 0xb7fe00f4	0xb7fe009f
jz 0xb7fe8ff0	0xb7fe8df4
jbe 0xb7ff3944	0xb7ff3930
jz 0xb7ff3944	0xb7ff3934
jnz 0xb7ff394c	0xb7ff3942
jz 0xb7ff3898	0xb7ff37f0
jnb 0xb7ff3813	0xb7ff3809
jb 0xb7ff3878	0xb7ff3811
jnb 0xb7ff3813	0xb7ff3809
jb 0xb7ff3878	0xb7ff3811
jz 0xb7ff38bc	0xb7ff3823
jz 0xb7fe8fe0	0xb7fe8e2c
jnz 0xb7ff6a86	0xb7ff6a48
jbe 0xb7ff6a86	0xb7ff6a4d
jz 0xb7ff6a6d	0xb7ff6a55
jnb 0xb7ff6a8b	0xb7ff6a88
jnb 0xb7ff6a91	0xb7ff6a8d
jz 0xb7fe9040	0xb7fe8e9c
jz 0xb7fe8ec6	0xb7fe8eb1
jnz 0xb7fe8eb8	0xb7fe8ec4
jz 0xb7fe8ec6	0xb7fe8eb1
jnz 0xb7fe8eb8	0xb7fe8ec4
jz 0xb7fe8efb	0xb7fe8eec
jnz 0xb7fe8eb8	0xb7fe8ec4
jz 0xb7fe8efb	0xb7fe8eec
jnz 0xb7fe8f0a	0xb7fe8efd
jnz 0xb7fe8f0a	0xb7fe8efd
jz 0xb7fe8f24	0xb7fe905b
jz 0xb7fe8fe0	0xb7fe8f40
jz 0xb7fe22ec	0xb7fe0241
jnz 0xb7fe8d5a	0xb7fe8d4f
jnz 0xb7fe2316	0xb7fe027b
jnb 0xb7fe2881	0xb7fe02bc
jz 0xb7fe04d2	0xb7fe031f
jbe 0xb7fe02f4	0xb7fe0325
jz 0xb7fe04c4	0xb7fe032d
jnb 0xb7fe039f	0xb7fe0314
jz 0xb7fe04d2	0xb7fe031f
jbe 0xb7fe02f4	0xb7fe0325
jz 0xb7fe055c	0xb7fe02f7
jz 0xb7fe052e	0xb7fe0300
jz 0xb7fe04df	0xb7fe0309
jz 0xb7fe1554	0xb7fe054a
jnb 0xb7fe04fa	0xb7fe04f2
jbe 0xb7fe050d	0xb7fe0505
jz 0xb7fe030f	0xb7fe0511
jbe 0xb7fe030f	0xb7fe051d
jbe 0xb7fe050d	0xb7fe0505
jz 0xb7fe030f	0xb7fe0511
jbe 0xb7fe030f	0xb7fe051d
jz 0xb7fe04c4	0xb7fe032d
jz 0xb7fe04ad	0xb7fe0339
jnz 0xb7fe030f	0xb7fe0342
jz 0xb7fe03c3	0xb7fe03b9
jnz 0xb7fe03d4	0xb7fe03c5
jnz 0xb7fe03e5	0xb7fe03d6
jnz 0xb7fe03d4	0xb7fe03c5
jnz 0xb7fe03e5	0xb7fe03d6
jz 0xb7fe152f	0xb7fe03ed
jnz 0xb7fe03e5	0xb7fe03d6
jz 0xb7fe152f	0xb7fe03ed
jz 0xb7fe0425	0xb7fe03fb
jz 0xb7fe152f	0xb7fe03ed
jz 0xb7fe0425	0xb7fe03fb
jnz 0xb7ff6237	0xb7ff622c
jnz 0xb7ff6228	0xb7ff6232
jnz 0xb7fe10db	0xb7fe041f
jz 0xb7fe1116	0xb7fe042c
jnz 0xb7fe06a5	0xb7fe0439
jnz 0xb7fe26f1	0xb7fe10fa
jnz 0xb7fe0432	0xb7fe1110
jnz 0xb7fe06a5	0xb7fe0439
jz 0xb7fe069d	0xb7fe0447
jz 0xb7fe0569	0xb7fe0456
jbe 0xb7fe0469	0xb7fe048c
jnbe 0xb7fe11b8	0xb7fe0498
jz 0xb7fe0569	0xb7fe0483
jbe 0xb7fe0469	0xb7fe048c
jnbe 0xb7fe11b8	0xb7fe0498
jbe 0xb7fe1428	0xb7fe11c0
jnbe 0xb7fe1510	0xb7fe1432
jnbe 0xb7fe0470	0xb7fe151a
jz 0xb7fe0569	0xb7fe0483
jbe 0xb7fe0469	0xb7fe048c
jnbe 0xb7fe11b8	0xb7fe0498
jz 0xb7fe05ea	0xb7fe0570
jz 0xb7fe057c	0xb7fe0577
jz 0xb7fe0589	0xb7fe0584
jz 0xb7fe0600	0xb7fe05f2
jnz 0xb7fe2537	0xb7fe05fa
jz 0xb7fe0617	0xb7fe0608
jz 0xb7fe0600	0xb7fe253a
jz 0xb7fe0617	0xb7fe0608
jnz 0xb7fe2891	0xb7fe0611
jz 0xb7fe062e	0xb7fe061f
jz 0xb7fe062e	0xb7fe061f
jnz 0xb7fe28bb	0xb7fe0628
jz 0xb7fe0665	0xb7fe0639
jz 0xb7fe0689	0xb7fe0670
jz 0xb7fe0689	0xb7fe0681
jz 0xb7fe069d	0xb7fe0694
jz 0xb7fe069d	0xb7fe0694
jz 0xb7fe8cb3	0xb7fe8c56
jnz 0xb7fe8cd9	0xb7fe8c6e
jz 0xb7fe276f	0xb7fe06a9
jz 0xb7fe14ff	0xb7fe06b7
jz 0xb7ff6311	0xb7ff62eb
jp 0xb7ff6306	0xb7ff62ed
jz 0xb7ff6396	0xb7ff62f1
jz 0xb7fe8ff0	0xb7fe8df4
jbe 0xb7ff3944	0xb7ff3930
jz 0xb7ff3944	0xb7ff3934
jnz 0xb7ff394c	0xb7ff3942
jz 0xb7ff3898	0xb7ff37f0
jnb 0xb7ff3813	0xb7ff3809
jb 0xb7ff3878	0xb7ff3811
jz 0xb7fe8efb	0xb7fe8eec
jnz 0xb7fe8f0a	0xb7fe8efd
jz 0xb7fe8f2b	0xb7fe9020
jz 0xb7fe90eb	0xb7fe902b
jz 0xb7fe27e9	0xb7fe06ed
jz 0xb7fe076d	0xb7fe0712
jnz 0xb7fe0718	0xb7fe074a
jnbe 0xb7fe0738	0xb7fe076b
jz 0xb7fe0a7a	0xb7fe078d
jz 0xb7fe1045	0xb7fe071b
jz 0xb7fe27fa	0xb7fe0724
jbe 0xb7fe076d	0xb7fe0736
jnz 0xb7fe1050	0xb7fe104c
jb 0xb7fe1061	0xb7fe1059
jz 0xb7fe072a	0xb7fe1065
jb 0xb7fe072a	0xb7fe1071
jbe 0xb7fe076d	0xb7fe0736
jnz 0xb7fe0718	0xb7fe074a
jnbe 0xb7fe0738	0xb7fe076b
jnz 0xb7fe0718	0xb7fe074a
jnbe 0xb7fe0738	0xb7fe076b
jz 0xb7fe0a7a	0xb7fe078d
jz 0xb7fe0a7a	0xb7fe078d
jz 0xb7fe07e4	0xb7fe07a0
jbe 0xb7fe07a9	0xb7fe07bb
jnbe 0xb7fe1082	0xb7fe07c7
jnz 0xb7fe07b8	0xb7fe07e0
jz 0xb7fe07e2	0xb7fe07b6
jbe 0xb7fe07a9	0xb7fe07bb
jnbe 0xb7fe1082	0xb7fe07c7
jnz 0xb7fe07b8	0xb7fe07e0
jz 0xb7fe09e6	0xb7fe07e6
jz 0xb7fe0816	0xb7fe07f3
jz 0xb7fe09e6	0xb7fe07e6
jz 0xb7fe0816	0xb7fe07f3
jz 0xb7fe084e	0xb7fe0821
jz 0xb7fe0886	0xb7fe0859
jz 0xb7fe08be	0xb7fe0891
jz 0xb7fe08f6	0xb7fe08c9
jz 0xb7fe092e	0xb7fe0901
jz 0xb7fe0966	0xb7fe0939
jz 0xb7fe09a4	0xb7fe0974
jz 0xb7fe0966	0xb7fe0939
jz 0xb7fe09a4	0xb7fe0974
jz 0xb7fe09e6	0xb7fe09b2
jz 0xb7fe09a4	0xb7fe0974
jz 0xb7fe09e6	0xb7fe09b2
jz 0xb7fe271b	0xb7fe09e0
jz 0xb7fe09f9	0xb7fe09eb
jnz 0xb7fe2052	0xb7fe09f3
jz 0xb7fe0a0d	0xb7fe09fe
jz 0xb7fe0a0d	0xb7fe09fe
jnz 0xb7fe2891	0xb7fe0a07
jz 0xb7fe0a21	0xb7fe0a12
jz 0xb7fe0a21	0xb7fe0a12
jnz 0xb7fe28bb	0xb7fe0a1b
jz 0xb7fe0a4d	0xb7fe0a29
jz 0xb7fe0a4d	0xb7fe0a29
jz 0xb7fe0a3c	0xb7fe0a37
jz 0xb7fe0a44	0xb7fe0a3f
jz 0xb7fe0a69	0xb7fe0a55
jnz 0xb7fe10c5	0xb7fe0a63
jz 0xb7fe0a7a	0xb7fe0a71
jz 0xb7fe0a7a	0xb7fe0a71
jz 0xb7fe8c9f	0xb7fe8cb8
jz 0xb7fe0b0a	0xb7fe0a9f
jnb 0xb7ff6379	0xb7ff631f
jnz 0xb7ff6379	0xb7ff6329
jnb 0xb7ff6379	0xb7ff6339
jnz 0xb7ff6379	0xb7ff6343
jnb 0xb7ff6379	0xb7ff6353
jnz 0xb7ff6379	0xb7ff635d
jnb 0xb7ff6379	0xb7ff636d
jz 0xb7ff6311	0xb7ff6377
jz 0xb7ff6396	0xb7ff6385
jz 0xb7ff6396	0xb7ff6385
jz 0xb7ff6396	0xb7ff638a
jz 0xb7ff6396	0xb7ff6393
jz 0xb7fe114f	0xb7fe0aca
jz 0xb7fe0b0a	0xb7fe0b05
jnz 0xb7fe8d58	0xb7fe8d5f
jnz 0xb7fe199e	0xb7fe0b18
jnz 0xb7fe19c8	0xb7fe0b24
jz 0xb7fe1176	0xb7fe0b54
jz 0xb7ff35f8	0xb7ff3521
jz 0xb7ff35f8	0xb7ff3536
jnz 0xb7ff3558	0xb7ff3572
jbe 0xb7ff3558	0xb7ff3589
jz 0xb7ff35f8	0xb7ff3568
jnz 0xb7ff3558	0xb7ff3572
jbe 0xb7ff3558	0xb7ff3589
jnz 0xb7ff6604	0xb7ff65f0
jnz 0xb7ff65fd	0xb7ff65f7
jl 0xb7ff65f9	0xb7ff6604
jnl 0xb7ff6820	0xb7ff660c
jnz 0xb7ff6897	0xb7ff6654
jnz 0xb7ff6897	0xb7ff6662
jnz 0xb7ff6897	0xb7ff6670
jnz 0xb7ff6897	0xb7ff667e
jnz 0xb7ff6897	0xb7ff668c
jnz 0xb7ff3598	0xb7ff35d0
js 0xb7fe1194	0xb7fe0b61
jnz 0xb7fe2491	0xb7fe0b6f
jle 0xb7fe24a4	0xb7fe0b80
jz 0xb7ff2e5f	0xb7ff2e0d
jz 0xb7ff2e51	0xb7ff2e4b
jnz 0xb7ff2e18	0xb7ff2e5d
jnz 0xb7ff2e18	0xb7ff2e5d
jz 0xb7ff2f58	0xb7ff2e71
jz 0xb7ff2f58	0xb7ff2e89
jz 0xb7ff2e51	0xb7ff2e4b
jnz 0xb7ff2e18	0xb7ff2e5d
jz 0xb7ff2f58	0xb7ff2e71
jnz 0xb7ff2eb0	0xb7ff2eca
jnbe 0xb7ff2f11	0xb7ff2ee5
jz 0xb7ff2fae	0xb7ff2ebe
jnz 0xb7ff2eb0	0xb7ff2eca
jnbe 0xb7ff2f11	0xb7ff2ee5
jnz 0xb7ff2ef0	0xb7ff2f17
jnz 0xb7ff2ef0	0xb7ff2f1c
jbe 0xb7ff2eb0	0xb7ff2f0f
jnz 0xb7ff2ef0	0xb7ff2f17
jnz 0xb7ff2ef0	0xb7ff2f1c
jnz 0xb7ff6897	0xb7ff668c
jnz 0xb7ff2ef3	0xb7ff2f40
jbe 0xb7ff2ef3	0xb7ff2f45
jnb 0xb7ff5ccb	0xb7ff5cc8
jnz 0xb7ff2fb4	0xb7ff2f76
jz 0xb7ff33ee	0xb7ff2fd2
jnb 0xb7ff33ee	0xb7ff2ff6
jz 0xb7ff6396	0xb7ff62fa
jz 0xb7ff6311	0xb7ff6304
jz 0xb7ff6396	0xb7ff6308
jnb 0xb7ff6379	0xb7ff631f
jnz 0xb7ff6379	0xb7ff6329
jnb 0xb7ff6379	0xb7ff6339
jz 0xb7ff34e9	0xb7ff3020
jb 0xb7ff3008	0xb7ff3041
jz 0xb7ff3119	0xb7ff3058
jb 0xb7ff3008	0xb7ff3041
jz 0xb7ff3119	0xb7ff3058
jz 0xb7ff3084	0xb7ff3080
jz 0xb7ff30f8	0xb7ff3089
jz 0xb7ff309b	0xb7ff30af
jnz 0xb7ff3070	0xb7ff3104
jnz 0xb7ff3070	0xb7ff3104
jz 0xb7ff3137	0xb7ff311e
jnz 0xb7ff34a8	0xb7ff314b
jz 0xb7ff3084	0xb7ff3080
jz 0xb7ff30f8	0xb7ff3089
jz 0xb7ff309b	0xb7ff30af
jz 0xb7ff309b	0xb7ff30af
jnz 0xb7ff3070	0xb7ff3104
jz 0xb7ff3137	0xb7ff311e
jnz 0xb7ff34a8	0xb7ff314b
jz 0xb7ff3401	0xb7ff3158
jnbe 0xb7ff3397	0xb7ff316b
jnz 0xb7ff33a8	0xb7ff33ba
jz 0xb7ff33e1	0xb7ff33c0
jnbe 0xb7ff34d2	0xb7ff33c6
jnz 0xb7ff33a8	0xb7ff33ba
jz 0xb7ff33e1	0xb7ff33c0
jnbe 0xb7ff34d2	0xb7ff33c6
jnz 0xb7ff34d2	0xb7ff33db
jz 0xb7ff34d2	0xb7ff319e
jz 0xb7ff344f	0xb7ff31a8
jz 0xb7ff3409	0xb7ff31bf
jnb 0xb7ff6986	0xb7ff6983
jnb 0xb7ff698c	0xb7ff6988
jz 0xb7ff3260	0xb7ff321c
jz 0xb7ff3228	0xb7ff3236
jnb 0xb7ff698c	0xb7ff6988
jnz 0xb7ff322d	0xb7ff325e
jnz 0xb7ff31f8	0xb7ff327e
jz 0xb7ff32a7	0xb7ff3296
jnz 0xb7ff3298	0xb7ff32a5
jz 0xb7ff3260	0xb7ff322b
jz 0xb7ff3228	0xb7ff3236
jnz 0xb7ff3298	0xb7ff32a5
jz 0xb7ff32f4	0xb7ff32c2
jz 0xb7ff32ed	0xb7ff32d6
jnz 0xb7ff32d8	0xb7ff32eb
jnz 0xb7ff32d0	0xb7ff32f2
jnz 0xb7ff32b0	0xb7ff32f6
jz 0xb7ff32ed	0xb7ff32d6
jnz 0xb7ff32d8	0xb7ff32eb
jnz 0xb7ff32d0	0xb7ff32f2
jnz 0xb7ff32d0	0xb7ff32f2
jnz 0xb7ff32b0	0xb7ff32f6
jz 0xb7ff335d	0xb7ff331a
jz 0xb7ff32f4	0xb7ff32c2
jz 0xb7ff32ed	0xb7ff32d6
jnz 0xb7ff32d8	0xb7ff32eb
jnz 0xb7ff32b0	0xb7ff32f6
jz 0xb7ff335d	0xb7ff331a
jnz 0xb7ff3320	0xb7ff333d
jnz 0xb7ff3337	0xb7ff3350
jnz 0xb7ff3370	0xb7ff337d
jz 0xb7ff3352	0xb7ff3335
jnz 0xb7ff3320	0xb7ff333d
jnz 0xb7ff3337	0xb7ff3350
jnz 0xb7ff3370	0xb7ff337d
jnz 0xb7ff3370	0xb7ff337d
jz 0xb7fe60c3	0xb7fe5d97
jz 0xb7ff38bc	0xb7ff3823
jnz 0xb7ff5d73	0xb7ff5d67
jnbe 0xb7ff5d7f	0xb7ff5d7c
jz 0xb7ff38b8	0xb7ff385c
jz 0xb7fe60ac	0xb7fe5dcd
jz 0xb7fe5e42	0xb7fe5e2b
jnz 0xb7fe5e30	0xb7fe5e3d
jnz 0xb7fe5e30	0xb7fe5e3d
jz 0xb7fe5ea0	0xb7fe5e45
jnz 0xb7fe6082	0xb7fe5e87
jz 0xb7fe5e42	0xb7fe5e2b
jnz 0xb7fe5e30	0xb7fe5e3d
jz 0xb7fe5ea0	0xb7fe5e45
jz 0xb7fe5f10	0xb7fe5ec2
jz 0xb7fe618d	0xb7fe5ed0
jz 0xb7fe601a	0xb7fe5ede
jz 0xb7fe605c	0xb7fe6029
jz 0xb7fe6008	0xb7fe5f15
jz 0xb7fe6008	0xb7fe5f21
jz 0xb7fed6b1	0xb7fed6a5
jz 0xb7fed700	0xb7fed6b8
jz 0xb7fed6f0	0xb7fed6c4
jz 0xb7fed700	0xb7fed6b8
jz 0xb7fed6f0	0xb7fed6c4
jz 0xb7fe15b4	0xb7fe0bb3
jz 0xb7fe15a4	0xb7fe0c00
jz 0xb7fe0c54	0xb7fe0c2f
jz 0xb7fe15a4	0xb7fe0c00
jz 0xb7fe0c54	0xb7fe0c2f
jnz 0xb7fe0c2d	0xb7fe0c40
jz 0xb7fe0c54	0xb7fe0c2f
jnz 0xb7fe0c2d	0xb7fe0c40
jnz 0xb7fe15f8	0xb7fe0c5c
jnz 0xb7fe1611	0xb7fe0c6a
jz 0xb7fe0c8d	0xb7fe0c82
jz 0xb7fe0ca0	0xb7fe0c95
jnz 0xb7fe24af	0xb7fe0cba
jnz 0xb7fe250d	0xb7fe0cca
jnz 0xb7fe2340	0xb7fe0cd8
jz 0xb7fe23e4	0xb7fe0d03
jnz 0xb7fe28e5	0xb7fe0d13
jz 0xb7feb248	0xb7feb1ff
jnz 0xb7feb20b	0xb7feb237
jz 0xb7feb499	0xb7feb2a9
jz 0xb7feb499	0xb7feb2a9
jz 0xb7feb3c3	0xb7feb2b4
jz 0xb7feb3df	0xb7feb2dc
jz 0xb7feb83d	0xb7feb49c
jnz 0xb7feb83d	0xb7feb4aa
jz 0xb7feb2af	0xb7feb4ba
jz 0xb7feb3c3	0xb7feb2b4
jz 0xb7feb3df	0xb7feb2dc
jnz 0xb7febba9	0xb7feb31e
jz 0xb7ff60c1	0xb7ff607e
jp 0xb7ff60ad	0xb7ff6082
jz 0xb7ff61ed	0xb7ff6086
jnb 0xb7ff61f2	0xb7ff60d6
jnz 0xb7ff61f2	0xb7ff60e7
jnb 0xb7ff61d7	0xb7ff60fd
jnz 0xb7ff61d7	0xb7ff6112
jnb 0xb7ff61f2	0xb7ff611f
jnz 0xb7ff61f2	0xb7ff6130
jnb 0xb7ff61d7	0xb7ff6146
jnz 0xb7ff61d7	0xb7ff615b
jnb 0xb7ff61f2	0xb7ff6164
jnz 0xb7ff61f2	0xb7ff6175
jnb 0xb7ff61d7	0xb7ff6187
jnz 0xb7ff61d7	0xb7ff6198
jz 0xb7ff61ed	0xb7ff61f7
jz 0xb7ff621a	0xb7ff61fc
jz 0xb7ff61ed	0xb7ff6201
jz 0xb7ff621a	0xb7ff6206
jz 0xb7ff61ed	0xb7ff620e
jz 0xb7ff621a	0xb7ff6213
jnz 0xb7feb9da	0xb7feb33f
jnz 0xb7fecd04	0xb7feccb2
js 0xb7fe6ac9	0xb7fe6216
jnb 0xb7fe69d6	0xb7fe6229
jnz 0xb7fe6264	0xb7fe624a
jnz 0xb7fe625d	0xb7fe626d
jnz 0xb7fe625d	0xb7fe6271
jz 0xb7fede16	0xb7feddeb
jnz 0xb7feddff	0xb7feddf4
jnz 0xb7feddf8	0xb7fede0f
jz 0xb7fede20	0xb7feddfd
jz 0xb7fe6250	0xb7fe627e
jz 0xb7fe685f	0xb7fe6257
jz 0xb7fe6290	0xb7fe6262
jnz 0xb7fe625d	0xb7fe626d
jz 0xb7fe625d	0xb7fe6864
jz 0xb7fe6290	0xb7fe6262
jnz 0xb7fe625d	0xb7fe626d
jnz 0xb7fe625d	0xb7fe6271
jnz 0xb7ff6237	0xb7ff622c
jnz 0xb7ff6228	0xb7ff6232
jnz 0xb7fe625d	0xb7fe6881
jnz 0xb7fe63c8	0xb7fe6297
jnz 0xb7fe6a67	0xb7fe62b6
jz 0xb7fe629d	0xb7fe63cf
jz 0xb7fe6424	0xb7fe63de
jnz 0xb7fe6a67	0xb7fe62b6
jz 0xb7fe642e	0xb7fe62d6
jz 0xb7fe6500	0xb7fe62e1
jnz 0xb7fe6a45	0xb7fe6444
jz 0xb7fe6687	0xb7fe644c
jz 0xb7fe6687	0xb7fe645a
jz 0xb7fe6760	0xb7fe6696
jz 0xb7fe5cf1	0xb7fe5ce6
jz 0xb7fe5d00	0xb7fe5cef
jz 0xb7fe66b8	0xb7fe66e2
jz 0xb7fe674d	0xb7fe66c0
jnz 0xb7fe6460	0xb7fe675a
jz 0xb7fe6460	0xb7fe6766
jz 0xb7fe6460	0xb7fe677c
jz 0xb7fe6460	0xb7fe67a6
jz 0xb7fe6520	0xb7fe6467
jz 0xb7fe64d0	0xb7fe652a
jnz 0xb7fe6810	0xb7fe654e
jnz 0xb7fe6927	0xb7fe6565
jnz 0xb7fe744a	0xb7fe6e6d
jz 0xb7fe7083	0xb7fe6e7f
jz 0xb7fe6fc8	0xb7fe6e8a
jnb 0xb7ff5b8d	0xb7ff5b8a
js 0xb7fedcad	0xb7fedc7d
jnbe 0xb7ff5b18	0xb7ff5b14
js 0xb7fedca5	0xb7fedc99
jnz 0xb7fedcd8	0xb7fedca3
jnb 0xb7ff5bc7	0xb7ff5bc4
jz 0xb7fe7184	0xb7fe70a0
jbe 0xb7fe7170	0xb7fe70b3
jnz 0xb7ff6897	0xb7ff67d8
jnz 0xb7ff6897	0xb7ff67e6
jnz 0xb7ff68ab	0xb7ff67f6
jnz 0xb7ff68ab	0xb7ff67fe
jnz 0xb7ff68ab	0xb7ff680b
jnz 0xb7fe7195	0xb7fe70d9
jb 0xb7fe7129	0xb7fe7109
jz 0xb7fe7133	0xb7fe7127
jnz 0xb7fe6e9a	0xb7fe7139
jnz 0xb7fe6e9a	0xb7fe7139
jz 0xb7fe6fd8	0xb7fe6ea7
jz 0xb7fe6efe	0xb7fe6ec5
jz 0xb7fe7062	0xb7fe6edd
jnz 0xb7fe6ecf	0xb7fe6eec
jz 0xb7fe7062	0xb7fe6edd
jnz 0xb7fe6ecf	0xb7fe6eec
js 0xb7fe6fca	0xb7fe6f56
jb 0xb7fe6fa8	0xb7fe6f77
jz 0xb7fe6e08	0xb7fe6d00
jnbe 0xb7fe6de8	0xb7fe6d1a
jnbe 0xb7fe6e35	0xb7fe6d23
jbe 0xb7fe6e14	0xb7fe6deb
jnz 0xb7fe6e20	0xb7fe6df2
jnz 0xb7fe6d06	0xb7fe6e02
jnbe 0xb7fe6de8	0xb7fe6d1a
jnbe 0xb7fe6e35	0xb7fe6d23
jnbe 0xb7fe6d88	0xb7fe6d51
jz 0xb7fe71d3	0xb7fe6fb8
jnl 0xb7fe6f80	0xb7fe6fbe
jnl 0xb7fe6f87	0xb7fe6fc5
jbe 0xb7fe6fc8	0xb7fe6fa6
jl 0xb7fe6fc8	0xb7fe6f85
jbe 0xb7fe6fc8	0xb7fe6fa6
jnbe 0xb7fe6dcf	0xb7fe6d97
jbe 0xb7fe6da8	0xb7fe6dc4
jz 0xb7fe6cf8	0xb7fe6dd3
jz 0xb7fe6cf8	0xb7fe6dd3
jz 0xb7fe6e08	0xb7fe6d00
jnbe 0xb7fe6de8	0xb7fe6d1a
jnbe 0xb7fe6e35	0xb7fe6d23
jle 0xb7fe722e	0xb7fe71df
jnbe 0xb7fe7215	0xb7fe71f0
jz 0xb7fe71f8	0xb7fe7226
jle 0xb7fe726d	0xb7fe724f
jbe 0xb7fe729b	0xb7fe7258
jz 0xb7fe7279	0xb7fe7272
jnz 0xb7fe7292	0xb7fe7277
jbe 0xb7fe7292	0xb7fe7284
jbe 0xb7fe7292	0xb7fe7284
jz 0xb7fe72cc	0xb7fe7288
jz 0xb7fe72cc	0xb7fe7290
jnz 0xb7fe7292	0xb7fe72ea
jz 0xb7fe72fb	0xb7fe72f4
jb 0xb7fe7292	0xb7fe72f9
jnz 0xb7fe740a	0xb7fe7301
jnz 0xb7fe7292	0xb7fe730f
jnz 0xb7fe7292	0xb7fe731f
jz 0xb7fe7311	0xb7fe7413
jnz 0xb7fe7292	0xb7fe7421
jnz 0xb7fe7292	0xb7fe731f
jz 0xb7fe6fca	0xb7fe729d
jz 0xb7fe6fca	0xb7fe72aa
jz 0xb7fe65ff	0xb7fe6578
jz 0xb7fe68ab	0xb7fe6585
jnz 0xb7fe68d5	0xb7fe6592
jz 0xb7fe68c1	0xb7fe659f
jz 0xb7fe3968	0xb7fe3906
jz 0xb7fe3968	0xb7fe3910
jnz 0xb7fe3968	0xb7fe391c
jz 0xb7fe3b74	0xb7fe3981
jnb 0xb7ff5c0d	0xb7ff5c0a
jle 0xb7fe3d2a	0xb7fe39b5
jnz 0xb7ff6897	0xb7ff667e
jnz 0xb7ff6897	0xb7ff668c
jnz 0xb7fe3de0	0xb7fe39d7
jnz 0xb7fe3b7f	0xb7fe39e6
jnz 0xb7ff6897	0xb7ff67e6
jnz 0xb7ff68ab	0xb7ff67f6
jnz 0xb7ff68ab	0xb7ff67fe
jnz 0xb7ff68ab	0xb7ff680b
jnz 0xb7fe3b90	0xb7fe3a0e
jnz 0xb7fe3cb5	0xb7fe3a1b
jnz 0xb7fe3b58	0xb7fe3a26
jnz 0xb7fe3cf9	0xb7fe3a34
jnz 0xb7fe3d8b	0xb7fe3a42
jnbe 0xb7fe3bb8	0xb7fe3a59
jnb 0xb7fe3b74	0xb7fe3a6f
jnz 0xb7fe3a80	0xb7fe3a96
jbe 0xb7fe3a80	0xb7fe3a9e
jbe 0xb7fe3a80	0xb7fe3aa4
jnb 0xb7fe3b74	0xb7fe3a8d
jnz 0xb7fe3a80	0xb7fe3a96
jbe 0xb7fe3a80	0xb7fe3a9e
jbe 0xb7fe3a80	0xb7fe3aa4
jnbe 0xb7fe3c40	0xb7fe3ab1
jnz 0xb7ff6897	0xb7ff6662
jnz 0xb7ff6897	0xb7ff6670
jnz 0xb7ff6897	0xb7ff667e
jnz 0xb7ff68ab	0xb7ff6899
jnz 0xb7ff68ab	0xb7ff689d
jnz 0xb7ff68ab	0xb7ff68a7
jnz 0xb7fe3ad0	0xb7fe3b0d
jz 0xb7fe3ca9	0xb7fe3b16
jnz 0xb7fe3b58	0xb7fe3b2a
jnbe 0xb7fe3c30	0xb7fe3aea
jnz 0xb7ff6897	0xb7ff668c
jz 0xb7fe3b74	0xb7fe3b34
jbe 0xb7fe3b74	0xb7fe3b53
jz 0xb7fe65ff	0xb7fe65d5
jz 0xb7fe3447	0xb7fe3435
jnb 0xb7ff6a91	0xb7ff6a8d
jnz 0xb7fe64d5	0xb7fe65f1
jz 0xb7fe6346	0xb7fe64dc
jz 0xb7fe6943	0xb7fe6357
jz 0xb7fed6ba	0xb7fed705
js 0xb7fe539b	0xb7fe4325
jz 0xb7fe43e0	0xb7fe4344
jnz 0xb7fe4370	0xb7fe437e
jnz 0xb7fe4370	0xb7fe4392
jnz 0xb7fe4370	0xb7fe43ae
jz 0xb7fe43e0	0xb7fe4375
jnz 0xb7fe4370	0xb7fe437e
jnz 0xb7fe4370	0xb7fe4392
jnz 0xb7fe513b	0xb7fe43e5
jnz 0xb7fe4e68	0xb7fe43ef
jnz 0xb7fe541c	0xb7fe43fc
jz 0xb7fe45e8	0xb7fe440d
jnz 0xb7fe5440	0xb7fe4416
jz 0xb7fe9040	0xb7fe8e9c
jz 0xb7fe8ec6	0xb7fe8eb1
jnz 0xb7fe8eb8	0xb7fe8ec4
jnz 0xb7fe8f08	0xb7fe8f12
jnz 0xb7fe9018	0xb7fe8f1e
jz 0xb7fe8fe0	0xb7fe8f40
jz 0xb7fe8fe0	0xb7fe8f40
jz 0xb7fe9063	0xb7fe8f61
jz 0xb7fe90e1	0xb7fe906f
jnz 0xb7fe9098	0xb7fe90a1
jnz 0xb7fe9098	0xb7fe90a1
jz 0xb7fe5130	0xb7fe444f
jnbe 0xb7fe4c57	0xb7fe4485
jnb 0xb7fe4ed9	0xb7fe44db
jz 0xb7fe4700	0xb7fe4557
jbe 0xb7fe4510	0xb7fe455d
jz 0xb7fe4728	0xb7fe4564
jnb 0xb7fe4750	0xb7fe454c
jz 0xb7fe4700	0xb7fe4557
jbe 0xb7fe4510	0xb7fe455d
jz 0xb7fe4620	0xb7fe4513
jnz 0xb7fe4538	0xb7fe451c
jnb 0xb7fe4750	0xb7fe454c
jnz 0xb7fe4f2b	0xb7fe463a
jnz 0xb7fe4f35	0xb7fe4659
jbe 0xb7fe46e3	0xb7fe46c3
jz 0xb7fe4728	0xb7fe4564
jz 0xb7fe4710	0xb7fe456f
jnz 0xb7fe4538	0xb7fe4578
jz 0xb7fe4538	0xb7fe457f
jnz 0xb7fe4738	0xb7fe4592
jnz 0xb7fe54bd	0xb7fe45c0
jnz 0xb7fe54bd	0xb7fe45c0
jnz 0xb7fef38a	0xb7fef365
jz 0xb7fe4ed9	0xb7fe4758
jnz 0xb7fe546a	0xb7fe4798
jz 0xb7fe4947	0xb7fe47e5
jnz 0xb7fe4960	0xb7fe480a
jz 0xb7fe482f	0xb7fe4822
jz 0xb7fe4dbc	0xb7fe4837
jbe 0xb7fe48e4	0xb7fe4845
jnb 0xb7fe48d8	0xb7fe4890
jnb 0xb7fe4996	0xb7fe48fb
jbe 0xb7fe4817	0xb7fe4908
jnz 0xb7fe4817	0xb7fe4941
jz 0xb7fe482f	0xb7fe4822
jz 0xb7fe4dbc	0xb7fe4837
jbe 0xb7fe48e4	0xb7fe4845
jz 0xb7fe4dbc	0xb7fe4837
jbe 0xb7fe48e4	0xb7fe4845
jnb 0xb7fe48d8	0xb7fe4890
jz 0xb7fe504e	0xb7fe4899
jecxz 0xb7ff695d	0xb7ff692f
jz 0xb7ff6949	0xb7ff6936
jp 0xb7ff693e	0xb7ff6938
jz 0xb7fe5098	0xb7fe48d2
jnbe 0xb7fe4e1d	0xb7fe48de
jnb 0xb7fe4996	0xb7fe48fb
jnz 0xb7fe48e4	0xb7fe4e53
jz 0xb7fe4e88	0xb7fe49a1
jz 0xb7fe4b4a	0xb7fe49b6
jz 0xb7fe4a11	0xb7fe49c9
jbe 0xb7fe49d8	0xb7fe49ea
jnbe 0xb7fe4d58	0xb7fe49f6
jnz 0xb7fe49e7	0xb7fe4a0f
jz 0xb7fe4a11	0xb7fe49e5
jbe 0xb7fe49d8	0xb7fe49ea
jnbe 0xb7fe4d58	0xb7fe49f6
jbe 0xb7fe4d76	0xb7fe4d60
jnbe 0xb7fe4d97	0xb7fe4d80
jnbe 0xb7fe49dc	0xb7fe4da1
jz 0xb7fe4a11	0xb7fe49e5
jbe 0xb7fe49d8	0xb7fe49ea
jnbe 0xb7fe4d58	0xb7fe49f6
jnz 0xb7fe49e7	0xb7fe4a0f
jz 0xb7fe4ab5	0xb7fe4a19
jz 0xb7fe4a2f	0xb7fe4a24
jz 0xb7fe4ab5	0xb7fe4a19
jz 0xb7fe4a2f	0xb7fe4a24
jz 0xb7fe4a3f	0xb7fe4a34
jz 0xb7fe4a4f	0xb7fe4a44
jz 0xb7fe4a5f	0xb7fe4a54
jz 0xb7fe4a6f	0xb7fe4a64
jz 0xb7fe4a7f	0xb7fe4a74
jz 0xb7fe4a8f	0xb7fe4a84
jz 0xb7fe4aa2	0xb7fe4a97
jz 0xb7fe4ab5	0xb7fe4aaa
jz 0xb7fe4ac8	0xb7fe4aba
jnz 0xb7fe52f4	0xb7fe4ac2
jz 0xb7fe4ac8	0xb7fe52f7
jz 0xb7fe4adc	0xb7fe4acd
jnz 0xb7fe5327	0xb7fe4ad6
jz 0xb7fe4af0	0xb7fe4ae1
jz 0xb7fe4af0	0xb7fe4ae1
jnz 0xb7fe5351	0xb7fe4aea
jz 0xb7fe4b1b	0xb7fe4af8
jz 0xb7fe4b0a	0xb7fe4b05
jz 0xb7fe4b11	0xb7fe4b0c
jz 0xb7fe4b1b	0xb7fe4b13
jz 0xb7fe4b11	0xb7fe4b0c
jz 0xb7fe4b1b	0xb7fe4b13
jz 0xb7fe4b39	0xb7fe4b23
jz 0xb7fe4b1b	0xb7fe4b13
jz 0xb7fe4b39	0xb7fe4b23
jz 0xb7fe4b39	0xb7fe4b31
jz 0xb7fe4b39	0xb7fe4b23
jz 0xb7fe4b39	0xb7fe4b31
jz 0xb7fe4b4a	0xb7fe4b41
jz 0xb7fe4b4a	0xb7fe4b41
jnz 0xb7fe53af	0xb7fe4b52
jz 0xb7fe4ee9	0xb7fe4b60
jnz 0xb7fe53af	0xb7fe4b52
jz 0xb7fe4ee9	0xb7fe4b60
jnz 0xb7fe50c9	0xb7fe4b7e
jz 0xb7fe4b96	0xb7fe4b8c
jnz 0xb7fe54b2	0xb7fe4ba6
jz 0xb7fe4d30	0xb7fe4bb3
jnz 0xb7fe4fdd	0xb7fe4bd0
jz 0xb7fe4cc0	0xb7fe4be1
jnz 0xb7fe537b	0xb7fe4c2f
jz 0xb7fe4be7	0xb7fe4cc5
jz 0xb7fe4be7	0xb7fe4cd9
jnz 0xb7fe537b	0xb7fe4c2f
jnz 0xb7fe8d58	0xb7fe8d5f
jnz 0xb7fe4f3f	0xb7fe4c47
jnz 0xb7feb948	0xb7feb36e
jnz 0xb7feb2f8	0xb7feb37e
jz 0xb7feb30e	0xb7feb2fd
jz 0xb7feb3e6	0xb7feb315
jnz 0xb7febba9	0xb7feb31e
jz 0xb7feb3e6	0xb7feb315
jnz 0xb7febba9	0xb7feb31e
jz 0xb7febbbb	0xb7febbae
jnz 0xb7feb30e	0xb7febbb5
jz 0xb7feb471	0xb7feb3eb
jz 0xb7feb28e	0xb7feb478
jz 0xb7feb50d	0xb7feb485
jnz 0xb7feb480	0xb7feb48f
jz 0xb7feb499	0xb7feb2a9
jz 0xb7feb3c3	0xb7feb2b4
jz 0xb7feb3df	0xb7feb2dc
jbe 0xb7feb2af	0xb7feb4d2
jz 0xb7fec0a7	0xb7feb4f6
jz 0xb7ff61ed	0xb7ff60b1
jz 0xb7ff621a	0xb7ff60ba
jnb 0xb7ff61f2	0xb7ff60d6
jnz 0xb7ff61f2	0xb7ff60e7
jnb 0xb7ff61d7	0xb7ff60fd
jnz 0xb7ff61d7	0xb7ff6112
jnb 0xb7ff61f2	0xb7ff611f
jnz 0xb7ff61f2	0xb7ff6130
jnb 0xb7ff61d7	0xb7ff6146
jnz 0xb7ff61d7	0xb7ff615b
jnb 0xb7ff61f2	0xb7ff6164
jnz 0xb7ff61f2	0xb7ff6175
jnb 0xb7ff61d7	0xb7ff6187
jnz 0xb7ff61d7	0xb7ff6198
jnb 0xb7ff61f2	0xb7ff61a1
jnz 0xb7ff61f2	0xb7ff61ae
jnb 0xb7ff61d7	0xb7ff61c0
jz 0xb7ff60cf	0xb7ff61d1
jz 0xb7febcbe	0xb7feb420
jz 0xb7feb28e	0xb7feb478
jz 0xb7feb50d	0xb7feb485
jnz 0xb7feb480	0xb7feb48f
jnz 0xb7feb2ba	0xb7feb3cb
jnz 0xb7feb2ba	0xb7feb3d9
jz 0xb7feb471	0xb7feb3eb
jz 0xb7feb539	0xb7feb521
jz 0xb7feb539	0xb7feb52b
jz 0xb7feb565	0xb7feb547
jz 0xb7fec08c	0xb7feb57c
jnz 0xb7fec00c	0xb7feb5b5
jnz 0xb7feb5ad	0xb7feb5d6
jnz 0xb7fec00c	0xb7feb5b5
jnz 0xb7feb5ad	0xb7feb5d6
jnz 0xb7febfb0	0xb7feb5e2
jnz 0xb7febf86	0xb7feb5f8
jz 0xb7febf5b	0xb7feb609
jbe 0xb7feb638	0xb7feb613
jbe 0xb7feb89a	0xb7febf7b
jnb 0xb7feb800	0xb7feb7c9
jnz 0xb7feb7ef	0xb7feb7e2
jb 0xb7feb7d8	0xb7feb7fe
jz 0xb7feb897	0xb7feb809
jz 0xb7ff695d	0xb7ff693c
jz 0xb7ff695d	0xb7ff6940
jnz 0xb7ff6949	0xb7ff6945
jnb 0xb7feb800	0xb7feb7c9
jnz 0xb7feb7ef	0xb7feb7e2
jz 0xb7feb897	0xb7feb809
jz 0xb7feb8c9	0xb7feb8bc
jnz 0xb7fec166	0xb7feb8ce
jz 0xb7fe0d8d	0xb7fe0d72
jnz 0xb7fe0d7c	0xb7fe0d8b
jz 0xb7fe0da9	0xb7fe0da4
jnz 0xb7fe0d7c	0xb7fe0d8b
jz 0xb7fe0da9	0xb7fe0da4
jbe 0xb7fe0de3	0xb7fe0dac
jz 0xb7fe284b	0xb7fe0dc0
jnz 0xb7fe0dd3	0xb7fe0de1
jz 0xb7fe146c	0xb7fe0dd6
jnz 0xb7fe0dd3	0xb7fe0de1
jnz 0xb7fe25b1	0xb7fe1481
jbe 0xb7fe1493	0xb7fe148e
jz 0xb7fe14ae	0xb7fe14a4
jz 0xb7fe14ae	0xb7fe14a4
jz 0xb7fe2599	0xb7fe14a8
jnz 0xb7fe256f	0xb7fe14b0
jz 0xb7fe14f6	0xb7fe14c7
jnz 0xb7fe2545	0xb7fe14cc
jz 0xb7fee6ea	0xb7fee6ac
jnz 0xb7fee6b8	0xb7fee6ca
jz 0xb7fee569	0xb7fee247
jz 0xb7fee3ea	0xb7fee26a
jnz 0xb7fee5d2	0xb7fee281
jz 0xb7fee390	0xb7fee2bb
jz 0xb7fee2c8	0xb7fee2de
jz 0xb7fee5a8	0xb7fee2e2
jnz 0xb7fee671	0xb7fee2ed
jz 0xb7fee390	0xb7fee2cd
jnz 0xb7fee339	0xb7fee32f
jnz 0xb7fee153	0xb7fedec9
jz 0xb7fee0b2	0xb7fededa
jz 0xb7fee129	0xb7fedee5
jnz 0xb7fedf12	0xb7fedef4
jz 0xb7fedfe0	0xb7fedef9
jz 0xb7fee018	0xb7fedf04
jz 0xb7fedef6	0xb7fedf10
jz 0xb7fedfe0	0xb7fedef9
jz 0xb7fee018	0xb7fedf04
jz 0xb7fedef6	0xb7fedf10
jnz 0xb7fedeff	0xb7fedfff
jnz 0xb7fee300	0xb7fee377
jz 0xb7fee3f8	0xb7fee381
jnz 0xb7fee339	0xb7fee32f
jz 0xb7fee442	0xb7fee3fd
jz 0xb7fee442	0xb7fee422
jnz 0xb7fee428	0xb7fee43d
jnz 0xb7fee454	0xb7fee447
jz 0xb7fee57b	0xb7fee47b
jz 0xb7fee506	0xb7fee49b
jbe 0xb7fee4f1	0xb7fee4c9
jnz 0xb7fee4b8	0xb7fee4f6
jz 0xb7fee506	0xb7fee500
jbe 0xb7fee4f1	0xb7fee4c9
jnz 0xb7fee4b8	0xb7fee4f6
jz 0xb7fee506	0xb7fee500
jz 0xb7fee449	0xb7fee50b
jnz 0xb7fee6c1	0xb7fee6e8
jz 0xb7fee442	0xb7fee3fd
jz 0xb7fee442	0xb7fee422
jnz 0xb7fee428	0xb7fee43d
jnz 0xb7fee454	0xb7fee447
jnz 0xb7fee557	0xb7fee531
jnz 0xb7fee528	0xb7fee55c
jnz 0xb7fee528	0xb7fee55c
jnz 0xb7fee557	0xb7fee531
jnz 0xb7fee528	0xb7fee55c
jnz 0xb7fee428	0xb7fee43d
jnz 0xb7fee454	0xb7fee447
jz 0xb7fe2c57	0xb7fe2c4f
jnz 0xb7fe2c68	0xb7fe2c55
jz 0xb7fe15c7	0xb7fe0e29
jnz 0xb7fe0e3e	0xb7fe0e37
jnz 0xb7fe0e2f	0xb7fe15db
jz 0xb7fded11	0xb7fdece5
jnz 0xb7fded1b	0xb7fded2e
jz 0xb7fded5e	0xb7fded32
jz 0xb7fded29	0xb7fded22
jnz 0xb7fded1b	0xb7fded2e
jz 0xb7fded5e	0xb7fded32
jnz 0xb7fded1b	0xb7fded2e
jz 0xb7fded5e	0xb7fded32
jz 0xb7fef64a	0xb7fef46e
jnz 0xb7fef620	0xb7fef47d
jz 0xb7fef5dd	0xb7fef488
jz 0xb7fef5f6	0xb7fef496
jnb 0xb7fef4c8	0xb7fef554
jbe 0xb7fef58b	0xb7fef577
jz 0xb7fef5a0	0xb7fef500
jz 0xb7fef5f6	0xb7fef50e
jnb 0xb7fef4c8	0xb7fef554
jz 0xb7fef858	0xb7fef7aa
jnz 0xb7fef830	0xb7fef7c1
jnz 0xb7fef848	0xb7fef7c9
jnz 0xb7fef820	0xb7fef7da
jnz 0xb7fef800	0xb7fef7df
jz 0xb7fef328	0xb7fef307
jz 0xb7fef80e	0xb7fef7ea
jnz 0xb7fded92	0xb7fded6c
jnz 0xb7fdedfa	0xb7fdeddc
jnz 0xb7fe0e3e	0xb7fe0e37
jz 0xb7fdff6e	0xb7fdff1e
jz 0xb7fdff52	0xb7fdff37
jz 0xb7fdff68	0xb7fdff41
jnz 0xb7fe18a5	0xb7fe0e43
jz 0xb7fe14e4	0xb7fe0e54
jnz 0xb7fe14e4	0xb7fe0e62
jnz 0xb7fe2691	0xb7fe0f8c
jz 0xb7fe11d4	0xb7fe0f99
jz 0xb7fe1000	0xb7fe0faa
jnz 0xb7fe1216	0xb7fe1299
jz 0xb7fe12c8	0xb7fe12c1
jnz 0xb7fe25c2	0xb7fe1233
jz 0xb7fe1275	0xb7fe1246
jz 0xb7fe1239	0xb7fe25ce
jz 0xb7fe1275	0xb7fe1246
jz 0xb7fe1290	0xb7fe127d
jz 0xb7fe1290	0xb7fe1286
jnz 0xb7fe1216	0xb7fe1299
jz 0xb7fe12c8	0xb7fe12c1
jnz 0xb7fe944d	0xb7fe943b
jnz 0xb7fe98c0	0xb7fe9454
jz 0xb7fe9900	0xb7fe945f
jnz 0xb7feae3e	0xb7fe946c
jnz 0xb7feaa59	0xb7fe9477
jnz 0xb7fe98c8	0xb7fe949a
jz 0xb7fe94a0	0xb7fe98cd
jnz 0xb7fe991d	0xb7fe98de
jnz 0xb7fea7fc	0xb7fe98e8
jb 0xb7fe94a2	0xb7fe94b0
jz 0xb7fe9d44	0xb7fe94b7
jz 0xb7fe94e6	0xb7fe94d4
jb 0xb7fe94a2	0xb7fe94b0
jz 0xb7fe9d44	0xb7fe94b7
jz 0xb7fe94e6	0xb7fe94d4
jz 0xb7fe94fa	0xb7fe94ee
jz 0xb7fe9d12	0xb7fe94f4
jz 0xb7fe9930	0xb7fe9537
jnz 0xb7fe9d4f	0xb7fe9d1f
jnz 0xb7fe9d4f	0xb7fe9d23
jz 0xb7fe9930	0xb7fe9537
jnb 0xb7fe958a	0xb7fe953f
jnz 0xb7fea4a1	0xb7fe955e
jz 0xb7fe9991	0xb7fe994b
jz 0xb7fe9991	0xb7fe9952
jnb 0xb7fe9991	0xb7fe9956
jnz 0xb7fea65c	0xb7fe995e
jnbe 0xb7fe9978	0xb7fe998f
jz 0xb7fe9d69	0xb7fe999c
jbe 0xb7fe9582	0xb7fe99ae
jnz 0xb7fea65c	0xb7fe9982
jnbe 0xb7fe9978	0xb7fe998f
jz 0xb7fe9d69	0xb7fe999c
jbe 0xb7fe9582	0xb7fe99ae
jz 0xb7fea64a	0xb7fe9a15
jz 0xb7fe9b87	0xb7fe9a20
jz 0xb7fe9b1a	0xb7fe9a37
jz 0xb7fea6a6	0xb7fe9a43
jnz 0xb7fe9a89	0xb7fe9a60
jz 0xb7fe9d08	0xb7fe9a66
jz 0xb7fe9d08	0xb7fe9a70
jz 0xb7fe9acd	0xb7fe9abe
jz 0xb7fe7e16	0xb7fe7dfc
jnz 0xb7fe7e00	0xb7fe7e14
jz 0xb7fe7e46	0xb7fe7e37
jnz 0xb7fe7e00	0xb7fe7e14
jz 0xb7fe7e46	0xb7fe7e37
jnz 0xb7fe84e7	0xb7fe7e40
jnz 0xb7fe822c	0xb7fe7e50
jz 0xb7fe817b	0xb7fe7e5f
jz 0xb7fe7840	0xb7fe776e
jz 0xb7fe7788	0xb7fe7779
jz 0xb7fe7840	0xb7fe7782
jnz 0xb7fe7840	0xb7fe778f
jnz 0xb7fe7c08	0xb7fe779c
jz 0xb7fe7840	0xb7fe77ae
jz 0xb7fe7b96	0xb7fe77d0
jnz 0xb7fe7c40	0xb7fe7800
jz 0xb7fe7860	0xb7fe7813
jnz 0xb7fe7840	0xb7fe781b
jz 0xb7fe7840	0xb7fe7823
jz 0xb7fe7840	0xb7fe782a
jnbe 0xb7fe7749	0xb7fe7847
jz 0xb7fe7840	0xb7fe776e
jz 0xb7fe7788	0xb7fe7779
jz 0xb7fe7840	0xb7fe7782
jz 0xb7fe7806	0xb7fe7c55
jnz 0xb7fe7c70	0xb7fe7c85
jnz 0xb7fe7d3c	0xb7fe7c77
jnz 0xb7fe7c70	0xb7fe7c85
jnz 0xb7fe7679	0xb7fe755c
jnz 0xb7fe7640	0xb7fe756f
jnb 0xb7fe7640	0xb7fe757d
jnz 0xb7fe7562	0xb7fe7680
jnz 0xb7fe7640	0xb7fe756f
jnb 0xb7fe7640	0xb7fe757d
jz 0xb7fe75a4	0xb7fe7586
jz 0xb7fe7608	0xb7fe75b2
jz 0xb7fe768d	0xb7fe75b6
jz 0xb7fe7648	0xb7fe75d9
jz 0xb7fe75ec	0xb7fe7663
jz 0xb7fe7c70	0xb7fe7cae
jz 0xb7fe78a8	0xb7fe7872
jz 0xb7fe78d0	0xb7fe7877
jnz 0xb7fe7815	0xb7fe787c
jle 0xb7fe7e78	0xb7fe7edb
jz 0xb7fe817b	0xb7fe7ee5
jz 0xb7fe7f04	0xb7fe7ef2
jz 0xb7fe8080	0xb7fe7efe
jz 0xb7fe8255	0xb7fe7f1a
jz 0xb7fe86ac	0xb7fe7f28
jnz 0xb7fe82bf	0xb7fe7f39
jz 0xb7fe9b25	0xb7fe9b1e
jz 0xb7fe9b39	0xb7fe9b27
jz 0xb7fea686	0xb7fe9b33
jbe 0xb7fe9b98	0xb7fe9b3d
jnbe 0xb7fe99c8	0xb7fe9bba
jz 0xb7fea64a	0xb7fe9a15
jz 0xb7fe9b87	0xb7fe9a20
jz 0xb7fe9b1a	0xb7fe9a37
jz 0xb7fea6a6	0xb7fe9a43
jnz 0xb7fe9a89	0xb7fe9a60
jz 0xb7fe9d08	0xb7fe9a66
jz 0xb7fe9d08	0xb7fe9a70
jz 0xb7fe9acd	0xb7fe9abe
jz 0xb7fe9b25	0xb7fe9b1e
jz 0xb7fe9b39	0xb7fe9b27
jz 0xb7fea686	0xb7fe9b33
jz 0xb7fe9b87	0xb7fe9c1d
jbe 0xb7feabbd	0xb7fe9c2c
jnbe 0xb7fe99c8	0xb7fe9c47
jz 0xb7fe9b87	0xb7fe9bca
jnbe 0xb7fe99c8	0xb7fe9be0
jnz 0xb7fe7d45	0xb7fe7837
jnbe 0xb7fe7749	0xb7fe7847
jz 0xb7fe7860	0xb7fe7813
jnz 0xb7fe7840	0xb7fe781b
jz 0xb7fe7840	0xb7fe7823
jz 0xb7fe7840	0xb7fe782a
jnz 0xb7fe7640	0xb7fe759e
jz 0xb7fe7608	0xb7fe75b2
jz 0xb7fe768d	0xb7fe75b6
jz 0xb7fe7648	0xb7fe75d9
jnz 0xb7fe7640	0xb7fe75e0
jnz 0xb7fe7640	0xb7fe75e4
jnbe 0xb7fe99c8	0xb7fe9be0
jz 0xb7fe787e	0xb7fe78b0
jnz 0xb7fe7815	0xb7fe78bc
jz 0xb7fe75ec	0xb7fe760a
jnle 0xb7fe75ec	0xb7fe7629
js 0xb7fe7640	0xb7fe762e
jnz 0xb7fea6dc	0xb7fea6bb
jz 0xb7fea713	0xb7fea6c1
jz 0xb7fea713	0xb7fea6c7
jnz 0xb7fe9a59	0xb7fea6f2
jnz 0xb7fe7f58	0xb7fe7e7f
jz 0xb7fe7edd	0xb7fe7e8c
jz 0xb7fe817b	0xb7fe7ee5
jz 0xb7fe7f04	0xb7fe7ef2
jz 0xb7fe8080	0xb7fe7efe
jz 0xb7fe818f	0xb7fe8182
jz 0xb7fe8196	0xb7fe818d
jz 0xb7fe81a6	0xb7fe8194
jz 0xb7fe9b39	0xb7fe9b27
jz 0xb7fea686	0xb7fe9b33
jbe 0xb7fe9b98	0xb7fe9b3d
jnz 0xb7fe9d33	0xb7fe959a
jb 0xb7fe95a5	0xb7fe95b3
jz 0xb7fea41c	0xb7fe95ba
jz 0xb7fe9930	0xb7fe9537
jnb 0xb7fe958a	0xb7fe953f
jnz 0xb7fea4a1	0xb7fe955e
jnz 0xb7fea48c	0xb7fe956f
jnbe 0xb7fe9550	0xb7fe9580
jnz 0xb7fe9d33	0xb7fe959a
jnz 0xb7fea4a1	0xb7fe955e
jnz 0xb7fea48c	0xb7fe956f
jnbe 0xb7fe9550	0xb7fe9580
jnz 0xb7fea7e8	0xb7fea4a4
jnz 0xb7fea4e9	0xb7fea4b1
jz 0xb7fea84f	0xb7fea7eb
jnz 0xb7fea862	0xb7fea85e
jnz 0xb63f002a	0xb63f0023
jnz 0xb638b898	0xb638b882
jnz 0xb638b898	0xb638b88a
jz 0xb638b9e0	0xb638b892
jz 0xb638b900	0xb638b89e
jz 0xb638b8d0	0xb638b8bd
jz 0xb638b9a0	0xb638b8ca
jnz 0xb638b8a0	0xb638b906
jnz 0xb638b8a0	0xb638b90e
jz 0xb638b952	0xb638b949
jbe 0xb638b8b7	0xb638b96a
jz 0xb638b8d0	0xb638b8bd
jz 0xb638b9a0	0xb638b8ca
jz 0xb63f0042	0xb63f003a
jnbe 0xb7fe9550	0xb7fe9580
jnz 0xb7fe9d33	0xb7fe959a
jb 0xb7fe95a5	0xb7fe95b3
jnz 0xb63f157a	0xb63f1573
jz 0xb63f15a4	0xb63f158a
jz 0xb63f15a4	0xb63f159c
jnz 0xb63f5fba	0xb63f5fb3
jz 0xb63f5fda	0xb63f5fc4
jz 0xb63f5fe2	0xb63f5fd0
jnz 0xb640a66a	0xb640a663
jz 0xb640a682	0xb640a67a
jb 0xb7fe95a5	0xb7fe95b3
jz 0xb7fea41c	0xb7fe95ba
jz 0xb7fe95f6	0xb7fe95da
jz 0xb7fe960a	0xb7fe95fe
jz 0xb7fea162	0xb7fe9604
jz 0xb7fe9673	0xb7fe9658
jnz 0xb7fea128	0xb7fe965f
jz 0xb7fea128	0xb7fe966d
jz 0xb7fea18b	0xb7fe967b
jnb 0xb7fe9673	0xb7fea12a
jnbe 0xb7fea138	0xb7fea147
jz 0xb7fea18b	0xb7fe967b
jbe 0xb7fe9877	0xb7fe9690
jz 0xb7fea018	0xb7fe96dc
jnz 0xb7fea45e	0xb7fe9885
jnz 0xb7feac1f	0xb7fe9890
jnz 0xb7feacf7	0xb7fe98a5
jz 0xb7fe9673	0xb7fe9658
jnz 0xb7fea128	0xb7fe965f
jz 0xb7fea128	0xb7fe966d
jz 0xb7fe98c0	0xb7fe98b3
jz 0xb7fe9362	0xb7fe9346
jnb 0xb7ff5dfd	0xb7ff5dfa
js 0xb7fe936e	0xb7fe9360
jz 0xb7fe1290	0xb7fe127d
jz 0xb7fe1290	0xb7fe1286
jb 0xb7fefff5	0xb7feffa6
jnz 0xb7feffa0	0xb7feffaf
jnz 0xb7ff003c	0xb7feffb3
jnz 0xb7fe1216	0xb7fe1299
jz 0xb7fe12c8	0xb7fe12c1
jz 0xb7fe94fa	0xb7fe94ee
jz 0xb7fe9d12	0xb7fe94f4
jz 0xb7fe9930	0xb7fe9537
jz 0xb7fe9d69	0xb7fe999c
jbe 0xb7fe9582	0xb7fe99ae
jz 0xb7fea64a	0xb7fe9a15
jz 0xb7fe9b87	0xb7fe9a20
jz 0xb7fe9b1a	0xb7fe9a37
jz 0xb7fea6a6	0xb7fe9a43
jnz 0xb7fe9a89	0xb7fe9a60
jz 0xb7fe9d08	0xb7fe9a66
jz 0xb7fe9d08	0xb7fe9a70
jz 0xb7fe9acd	0xb7fe9abe
jnz 0xb7fe12e2	0xb7fe12cf
jz 0xb7fe12e2	0xb7fe12d9
jz 0xb7fefa0e	0xb7fef878
jnb 0xb7fef9ba	0xb7fef8b3
jb 0xb7fefa08	0xb7fef8c1
jz 0xb7fef955	0xb7fef979
jnbe 0xb7fef8d0	0xb7fef98c
jnbe 0xb7fef960	0xb7fef9b2
jnz 0xb7fefa1a	0xb7fef8d6
jb 0xb7fefa44	0xb7fef8f4
jb 0xb7fefa6e	0xb7fef8fe
jbe 0xb7fef9b4	0xb7fef95e
jnbe 0xb7fefa08	0xb7fef96f
jz 0xb7fef955	0xb7fef979
jnz 0xb7fe1356	0xb7fe12f4
jnz 0xb7fe263d	0xb7fe1362
jnz 0xb7fe13d1	0xb7fe136f
jz 0xb7fe13d1	0xb7fe1375
jz 0xb7fe9acd	0xb7fe9abe
jnz 0xb7fe25d6	0xb7fe13de
jnbe 0xb7fe74a9	0xb7fe748b
jnb 0xb7ff5dbb	0xb7ff5db8
jnz 0xb7fe31e9	0xb7fe2f18
jnz 0xb7fed01e	0xb7fecf50
jz 0xb7fecf5e	0xb7fecf58
jnz 0xb7fecfa8	0xb7fecf5c
jz 0xb7fecf99	0xb7fecf66
jnz 0xb7feceb2	0xb7fecdf2
jz 0xb7feced6	0xb7fece11
jz 0xb7fecec8	0xb7fece1c
jz 0xb7feceb2	0xb7fececf
jnz 0xb7fecf70	0xb7fecf97
jnz 0xb7fecee3	0xb7fece29
jz 0xb7fece4d	0xb7fece31
jz 0xb638b3a0	0xb638b352
jnz 0xb638b3a0	0xb638b358
jz 0xb638b364	0xb638b3bd
jz 0xb6460b81	0xb6460b50
jz 0xb6460b81	0xb6460b56
jz 0xb63f0253	0xb63f01cc
jnz 0xb63f01da	0xb63f01d6
jz 0xb63f0366	0xb63f01dc
jz 0xb63f0366	0xb63f01dc
jz 0xb63f0253	0xb63f01e9
jnz 0xb63f01f3	0xb63f01ef
jz 0xb63f0366	0xb63f01f5
jz 0xb63f0253	0xb63f0202
jnz 0xb63f020c	0xb63f0208
jnb 0xb63f033c	0xb63f025c
jnz 0xb63f033c	0xb63f026b
jnb 0xb63f021a	0xb63f027a
jnz 0xb63f0230	0xb63f0285
jnb 0xb63f0339	0xb63f0291
jnz 0xb63f0339	0xb63f02a0
jnz 0xb63f0246	0xb63f023f
jnz 0xb63f0250	0xb63f024b
jnb 0xb63f033c	0xb63f025c
jnz 0xb63f033c	0xb63f026b
jnb 0xb63f033c	0xb63f025c
jnz 0xb63f033c	0xb63f026b
jnb 0xb63f021a	0xb63f027a
jnb 0xb63f021d	0xb63f02af
jnz 0xb63f0233	0xb63f02be
jnb 0xb63f0336	0xb63f02ce
jnz 0xb63f0336	0xb63f02d9
jnb 0xb63f0220	0xb63f02e4
jnz 0xb63f0236	0xb63f02f3
jnb 0xb63f0333	0xb63f0303
jnz 0xb63f0333	0xb63f030e
jnb 0xb63f0223	0xb63f0319
jz 0xb63f0250	0xb63f0328
jnz 0xb63f0246	0xb63f023f
jnz 0xb63f0342	0xb63f033e
jz 0xb63f0366	0xb63f0344
jnz 0xb63f034d	0xb63f0348
jz 0xb63f0366	0xb63f0344
jnz 0xb63f034d	0xb63f0348
jz 0xb63f0366	0xb63f034f
jz 0xb63f0366	0xb63f034f
jnz 0xb63f035b	0xb63f0356
jz 0xb63f0366	0xb63f035d
jz 0xb63f0366	0xb63f035d
jnz 0xb63f0366	0xb63f0361
jz 0xb6460b98	0xb6460b6a
jz 0xb7feceb2	0xb7fece55
jz 0xb7feceb2	0xb7fece72
jnz 0xb638b30e	0xb638b2fe
jnz 0xb7fece90	0xb7feceb0
jz 0xb638b092	0xb638b07a
jz 0xb638b09f	0xb638b07f
jz 0xb638b209	0xb638b084
jnle 0xb6409e30	0xb6409dcd
jnbe 0xb6409e30	0xb6409de2
jnle 0xb6409df9	0xb6409df2
jbe 0xb6409e48	0xb6409e02
jbe 0xb6409e48	0xb6409e02
jz 0xb6409e32	0xb6409eed
jz 0xb6409e32	0xb6409e75
jle 0xb638b19f	0xb638b240
jnbe 0xb638b28f	0xb638b24b
jle 0xb638b1c9	0xb638b1a1
jle 0xb638b08a	0xb638b1cb
jnz 0xb638b055	0xb638b005
jnz 0xb7fece17	0xb7fecedb
jnz 0xb7fec2ea	0xb7fec219
jnz 0xb7fec358	0xb7fec226
jz 0xb7fec256	0xb7fec236
jnz 0xb7fec343	0xb7fec25e
jnz 0xb7fec314	0xb7fec2a8
jz 0xb7fec2cd	0xb7fec2b2
jz 0xb7fec2ba	0xb7fec2b6
jz 0xb7fec361	0xb7fec2c7
jnz 0xb7fec2e2	0xb7fec2d5
jz 0xb638b4db	0xb638b405
jz 0xb638b438	0xb638b41e
jz 0xb638b438	0xb638b41e
jz 0xb63a5054	0xb63a5051
jnz 0xb63a522a	0xb63a505b
jz 0xb63a512a	0xb63a506d
jnz 0xb63a522a	0xb63a505b
jz 0xb63a512a	0xb63a506d
jz 0xb63a50b2	0xb63a507d
jz 0xb63a512c	0xb63a50bf
jz 0xb63a5133	0xb63a511c
jz 0xb63a50fb	0xb63a50f8
jnz 0xb63a523a	0xb63a5102
jnz 0xb63a523a	0xb63a5102
jz 0xb63a51db	0xb63a51ad
jnz 0xb638b584	0xb638b443
jz 0xb638b46a	0xb638b44b
jz 0x8048397	0x8048390
jz 0x80484f1	0x80484dd
jz 0x80484f1	0x80484e6
jz 0x8048624	0x804860f
jz 0x80485d9	0x80485ae
jnz 0xb638b540	0xb638b478
jnz 0xb638b51c	0xb638b480
jnz 0xb638b4e2	0xb638b494
jnz 0xb63ebf4a	0xb63ebdac
jz 0xb63ebec8	0xb63ebdc4
jz 0xb63ebdda	0xb63ebdd7
js 0xb63eb2e8	0xb63eb2da
jz 0xb63eb3e9	0xb63eb2fa
jz 0xb6499ca8	0xb6499c45
jz 0xb6499c97	0xb6499c5f
jb 0xb6499c90	0xb6499c70
jnb 0xb6499c90	0xb6499c78
jnz 0xb6499cd0	0xb6499c81
jnz 0xb6499c68	0xb6499c95
jnz 0xb6499c4f	0xb6499ca4
jb 0xb6499c90	0xb6499c70
jnb 0xb6499c90	0xb6499c78
jnz 0xb6499cd0	0xb6499c81
jz 0xb6499f3f	0xb6499cdf
jz 0xb6499e6c	0xb6499d0b
jz 0xb6499e18	0xb6499d25
jz 0xb6499e01	0xb6499d55
jnz 0xb6499d8e	0xb6499d85
jz 0xb6499df0	0xb6499d8c
jnz 0xb6499d48	0xb6499e0e
jz 0xb6499e26	0xb6499e1e
jz 0xb6499e39	0xb6499e2c
jz 0xb6499e01	0xb6499d55
jnz 0xb6499d8e	0xb6499d85
jz 0xb6499df0	0xb6499d8c
jz 0xb6499df0	0xb6499d98
jb 0xb6499df0	0xb6499daa
jz 0xb6499db8	0xb6499daf
jnz 0xb6499dc1	0xb6499db6
jz 0xb6499dc9	0xb6499dbc
jnb 0xb6499df0	0xb6499dc7
jnb 0xb6499df0	0xb6499dc7
jz 0xb6499dda	0xb6499dcf
jbe 0xb6499df0	0xb6499dd8
jz 0xb6499d78	0xb6499dfb
jnz 0xb6499d48	0xb6499e0e
jz 0xb6499e26	0xb6499e1e
jnz 0xb6499d8e	0xb6499d85
jz 0xb6499df0	0xb6499d8c
jz 0xb6499df0	0xb6499d98
jz 0xb6499e39	0xb6499e2c
jz 0xb6499f23	0xb6499e3f
jz 0xb6499f23	0xb6499e3f
jz 0xb63eb30e	0xb63eb408
jz 0xb63eb30e	0xb63eb417
jz 0xb646ecc5	0xb646ecc2
jnz 0xb646ecb0	0xb646ecce
jnz 0xb646ecb0	0xb646ecce
jz 0xb63eb3a6	0xb63eb378
jz 0xb63eb39b	0xb63eb380
jz 0xb63eb422	0xb63eb38c
jnz 0xb63eb388	0xb63eb399
jz 0xb63eb3a6	0xb63eb39d
jnz 0xb63eb3c8	0xb63eb3a4
jz 0xb63eb422	0xb63eb38c
jnz 0xb63eb388	0xb63eb399
jz 0xb63eb3a6	0xb63eb39d
jnz 0xb63eb392	0xb63eb426
jnz 0xb63eb392	0xb63eb430
jnz 0xb63eb392	0xb63eb43a
jz 0xb63eb3b4	0xb63eb3b0
jnz 0xb63eda57	0xb63ebddd
jnbe 0xb63e97c4	0xb63e90be
jnbe 0xb63e9190	0xb63e90ea
jz 0xb63e9190	0xb63e9106
jnbe 0xb63e91fb	0xb63e9198
jz 0xb63e922f	0xb63e91ae
jz 0xb63e9228	0xb63e91b2
jbe 0xb63e97b8	0xb63e9205
jnbe 0xb63e97e7	0xb63e9215
jnz 0xb63e922f	0xb63e9226
jnz 0xb63e922f	0xb63e9226
jz 0xb63e81c8	0xb63e8084
jz 0xb63e8095	0xb63e8092
jnz 0xb63e814c	0xb63e80c2
jnz 0xb63e81c8	0xb63e81da
jz 0xb63e8230	0xb63e81e4
jz 0xb63e9576	0xb63e9306
jbe 0xb63e998e	0xb63e9315
jnbe 0xb63e998e	0xb63e9321
jnbe 0xb63e96f5	0xb63e9585
jz 0xb63e95c0	0xb63e95ba
jbe 0xb63e95fb	0xb63e95be
jz 0xb63e958b	0xb63e9706
jnbe 0xb63e958b	0xb63e9713
jz 0xb63e95c0	0xb63e95ba
jbe 0xb63e95fb	0xb63e95be
jnbe 0xb63e961e	0xb63e95c6
jz 0xb63e95c0	0xb63e95d1
jnz 0xb63e95ff	0xb63e95e7
jz 0xb63e9949	0xb63e95f5
jnbe 0xb63e961e	0xb63e95c6
jz 0xb63e95c0	0xb63e95d1
jnz 0xb63e95ff	0xb63e95e7
jnb 0xb63e99ad	0xb63e962d
jnz 0xb63e99e6	0xb63e9637
jb 0xb63e9a4a	0xb63e9a0a
jnl 0xb63e9a4a	0xb63e9a18
jb 0xb63ea1b8	0xb63e9a30
jz 0xb63e9ab0	0xb63e9a5f
jbe 0xb63ea271	0xb63e9a66
jz 0xb63ea271	0xb63e9a6e
jnz 0xb63e9a61	0xb63e9ab4
jz 0xb63e9cf5	0xb63e9ac2
jle 0xb63e9bf6	0xb63e9ae5
jle 0xb63e9dba	0xb63e9d29
jz 0xb6458af0	0xb6458aad
jnz 0xb6458af0	0xb6458ab7
jz 0xb6458ad6	0xb6458abc
jnbe 0xb6458a58	0xb6458a49
js 0xb6458ad6	0xb6458b03
jz 0xb6458ad6	0xb6458abc
jle 0xb6458b18	0xb6458abe
jb 0xb6458b10	0xb6458ac2
jz 0xb63e9db1	0xb63e9d4e
jz 0xb63e9d66	0xb63e9d5a
jnz 0xb63e9d7d	0xb63e9d75
jnz 0xb63e9df6	0xb63e9d93
jz 0xb63e9df6	0xb63e9d9a
jz 0xb63e9f91	0xb63e9e05
jz 0xb63e9f99	0xb63e9e0d
jnbe 0xb63e9f6d	0xb63e9e17
jnz 0xb63e9e2d	0xb63e9f93
jnz 0xb63e9fbe	0xb63e9f9f
jz 0xb63e9f34	0xb63e9fa6
jz 0xb63e9e56	0xb63e9e3e
js 0xb63e9f4b	0xb63e9e6e
js 0xb63e9f4b	0xb63e9e6e
jz 0xb63e9f24	0xb63e9e8c
jz 0xb63e9eb0	0xb63e9e9c
jz 0xb63e9b4b	0xb63e9edd
jbe 0xb63e9b4b	0xb63e9f05
jbe 0xb63e9b59	0xb63e9b51
jnbe 0xb63e97c4	0xb63e9b63
jz 0xb63e917e	0xb63e9b9b
jnz 0xb63e9c89	0xb63e9ba9
jz 0xb63ebe48	0xb63ebdf0
jz 0xb63ebdfd	0xb63ebdfa
jnz 0xb63eda63	0xb63ebe00
jnz 0xb63eda63	0xb63ebe00
jnz 0xb63ebe1f	0xb63ebe0b
jnz 0xb63ebe38	0xb63ebe15
jnz 0xb63ebf5e	0xb63ebe19
jnz 0xb63ec2ee	0xb63ec27d
jz 0xb63ec300	0xb63ec281
jnz 0xb63ec2b8	0xb63ec28c
jz 0xb63ec2a2	0xb63ec297
jnbe 0xb63e8c64	0xb63e85fe
jnz 0xb63e8c64	0xb63e860a
jbe 0xb63e8c90	0xb63e8613
jnbe 0xb63e86d0	0xb63e861f
jbe 0xb63e8cc9	0xb63e862e
jnb 0xb63e8cc9	0xb63e8641
jnz 0xb63e8b00	0xb63e86d2
jz 0xb63e89d8	0xb63e86e6
jz 0xb63e905b	0xb63e86f5
jz 0xb63e89f0	0xb63e89ed
jnz 0xb63ed8b6	0xb63e89f3
jnz 0xb63ed8b6	0xb63e89f3
jz 0xb63e905b	0xb63e86f5
jz 0xb63e906a	0xb63e8702
jz 0xb63e9089	0xb63e870e
jb 0xb63e8708	0xb63e9074
jz 0xb63e9089	0xb63e870e
jbe 0xb63e8d38	0xb63e8717
jnb 0xb63e8d38	0xb63e872a
jnz 0xb63e8e09	0xb63e8738
jnz 0xb63e8780	0xb63e8742
jnz 0xb63e903a	0xb63e8753
jz 0xb63e8b20	0xb63e8787
jz 0xb63e8a08	0xb63e8792
jnz 0xb63e8eaa	0xb63e87ad
jbe 0xb63e8ac8	0xb63e87ea
jz 0xb63e8b38	0xb63e87f8
jz 0xb63e8b42	0xb63e8808
jb 0xb63e8ac8	0xb63e8b54
jle 0xb63e7d8d	0xb63e7d72
jnz 0xb63e86c2	0xb63e8ace
jz 0xb63e8d75	0xb63e8ada
jz 0xb63e8aef	0xb63e8aec
jnz 0xb63ed8c2	0xb63e8af2
jnz 0xb63b4b0b	0xb63b4ae9
jz 0xb63b4c9e	0xb63b4af3
jnz 0xb63b4cb0	0xb63b4afe
jnz 0xb63b4ed8	0xb63b4b10
jz 0xb63b4eff	0xb63b4b1b
jnz 0xb63b4b47	0xb63b4b25
jz 0xb63b4cc5	0xb63b4b2f
jnz 0xb63b4cd8	0xb63b4b3a
jnz 0xb63b4ceb	0xb63b4b4d
jnz 0xb63b4cb9	0xb63b4cdb
jz 0xb63b4b53	0xb63b4ce5
jz 0xb63f28e3	0xb63f2895
jz 0xb63f29dd	0xb63f289b
jz 0xb63f29dd	0xb63f28a3
jnb 0xb63f29bf	0xb63f28ee
jnz 0xb63f29bf	0xb63f28fd
jnb 0xb63f29bf	0xb63f290c
jz 0xb63f29dd	0xb63f29c1
jz 0xb63f29dd	0xb63f29c5
jz 0xb63f29dd	0xb63f29ca
jnz 0xb63b4bd4	0xb63b4b7e
jnz 0xb63b4e80	0xb63b4b8e
jz 0xb63b4bd0	0xb63b4bad
jz 0xb63b4bc1	0xb63b4bbe
jnz 0xb63ba2bc	0xb63b4bc4
jnz 0xb63ba2bc	0xb63b4bc4
jz 0xb63e36f9	0xb63e35fa
jz 0xb63e3710	0xb63e3610
jnbe 0xb63e36a0	0xb63e3624
jz 0xb63b4d10	0xb63b4c0b
js 0xb63b4c11	0xb63b4d18
jz 0xb63b4c1b	0xb63b4d27
jnz 0xb63b5b52	0xb63b4d35
jnz 0xb63b5b52	0xb63b4d43
jnz 0xb63b5b52	0xb63b4d51
jbe 0xb63b4eb8	0xb63b4dc0
jz 0xb63b71aa	0xb63b6ca0
jz 0xb63b6fe3	0xb63b6cad
jnz 0xb63b6fe3	0xb63b6cba
jz 0xb63b6e19	0xb63b6cc7
jnz 0xb63b6e35	0xb63b6ce2
js 0xb63b6dd6	0xb63b6d12
jnz 0xb63b6d7b	0xb63b6d1f
jz 0xb63b6d7b	0xb63b6d28
js 0xb63b53d5	0xb63b6ddd
jnz 0xb63e44d0	0xb63e436b
jz 0xb63e43d8	0xb63e4374
jz 0xb63e44f8	0xb63e437b
jz 0xb63e44f8	0xb63e43dd
jnz 0xb63e4538	0xb63e43e9
jz 0xb63e44c0	0xb63e43f4
jz 0xb63e53d0	0xb63e53bf
jz 0xb63e53dc	0xb63e53d3
jle 0xb63e53f2	0xb63e53da
js 0xb63d71d6	0xb63d7183
jnbe 0xb644f5cd	0xb644f5c9
js 0xb63d71d6	0xb63d71a0
jz 0xb63d7258	0xb63d71b0
jle 0xb63d71d6	0xb63d71c6
jnbe 0xb63d7288	0xb63d727b
jle 0xb63d71d6	0xb63d71c6
jnz 0xb645d118	0xb645d107
jnbe 0xb645d124	0xb645d121
jz 0xb63d72c0	0xb63d7209
jz 0xb63e5346	0xb63e533f
jz 0xb63e5380	0xb63e5344
jnz 0xb63e5370	0xb63e535a
jnz 0xb63e5370	0xb63e535a
jnz 0xb63e53c1	0xb63e53f0
jnz 0xb63e4538	0xb63e43e9
jz 0xb63e44c0	0xb63e43f4
jnle 0xb63e4384	0xb63e4416
jz 0xb63e4384	0xb63e4422
jz 0xb63e44a0	0xb63e4387
jz 0xb63e4458	0xb63e4390
jnz 0xb63e4430	0xb63e43a5
jz 0xb63e4109	0xb63e40ec
jz 0xb63e3778	0xb63e3646
jbe 0xb63e3673	0xb63e3667
jnz 0xb63e3788	0xb63e3679
jz 0xb63e36f5	0xb63e3681
jz 0xb63e5536	0xb63e548e
jnb 0xb63e54e5	0xb63e54a8
jnbe 0xb63e5510	0xb63e54b4
jz 0xb63e5530	0xb63e54e7
jz 0xb63e44a0	0xb63e4387
jz 0xb63e4458	0xb63e4390
jnz 0xb63e4430	0xb63e43a5
jnz 0xb63e43b8	0xb63e43ae
jnz 0xb63e4430	0xb63e43b3
jz 0xb63e5530	0xb63e5504
jnb 0xb63e54e5	0xb63e54a8
jnbe 0xb63e5510	0xb63e54b4
jz 0xb63e54e3	0xb63e54b8
jz 0xb63b7084	0xb63b6e04
jnbe 0xb63b70b5	0xb63b7091
jnz 0xb63b534b	0xb63b5261
js 0xb63b5321	0xb63b5295
jz 0xb63b52f0	0xb63b52c6
jnbe 0xb63b546d	0xb63b52fd
jnz 0xb63b5458	0xb63b530c
jz 0xb63b4c2f	0xb63b5040
jnz 0xb63b4c66	0xb63b4c50
jz 0xb63b4e60	0xb63b4c60
jz 0xb63b4c90	0xb63b4c6e
jz 0xb63b4e72	0xb63b4e6f
jnz 0xb63ba2c8	0xb63b4e75
jnz 0xb63ba2c8	0xb63b4e75
jz 0xb63b4c90	0xb63b4c6e
jnz 0xb63d8e0b	0xb63d8dd1
jz 0xb63d8e07	0xb63d8de0
jz 0xb63d8df2	0xb63d8def
jnz 0xb63d8f28	0xb63d8df5
jnb 0xb63d8edc	0xb63d8e11
jz 0xb63d8ed8	0xb63d8e23
jnz 0xb63e520a	0xb63e51e8
jz 0xb63e5298	0xb63e51f2
jnz 0xb63e52b0	0xb63e51fd
jz 0xb63e5268	0xb63e520f
jnz 0xb63e5284	0xb63e5216
jb 0xb63e52e0	0xb63e521e
jnz 0xb63e52c8	0xb63e5229
jz 0xb63e52f0	0xb63e5234
jz 0xb63e524f	0xb63e52f5
jnz 0xb63e42e0	0xb63e4136
jb 0xb63e4270	0xb63e4142
jz 0xb63e4288	0xb63e414d
jz 0xb63e429d	0xb63e428d
jz 0xb63e41f0	0xb63e4158
jnz 0xb63e41ab	0xb63e416f
jz 0xb63e41a5	0xb63e417e
jz 0xb63e4190	0xb63e418d
jnz 0xb63e4815	0xb63e4193
jz 0xb63e42c0	0xb63e41b7
jnz 0xb63e4815	0xb63e4193
jz 0xb63e42c0	0xb63e41b7
jnz 0xb63e41f0	0xb63e41c2
jz 0xb63e2ad0	0xb63e2a57
jz 0xb63e2a67	0xb63e2ad8
jle 0xb63e2bb5	0xb63e2b76
jnz 0xb63e2bde	0xb63e2b9e
jnz 0xb64504ec	0xb64504c8
jnb 0xb645051d	0xb64504e9
jns 0xb63e2b80	0xb63e2bab
js 0xb63e2bd0	0xb63e2bbd
jle 0xb63e2bd8	0xb63e2b86
jnz 0xb63e2bde	0xb63e2b9e
js 0xb63e2bd0	0xb63e2bbd
jnz 0xb63e2b18	0xb63e2a8c
jle 0xb63e2b48	0xb63e2aa9
jz 0xb63e2a92	0xb63e2b1b
jle 0xb63e2b48	0xb63e2aa9
jnz 0xb63e2ab2	0xb63e2b4e
jnz 0xb63e41f0	0xb63e41c2
jnz 0xb63e41f0	0xb63e41d2
jz 0xb63e41e6	0xb63e41e3
jnz 0xb63e4821	0xb63e41e9
jnbe 0xb63e4f78	0xb63e4f3e
jnz 0xb63e4f70	0xb63e4f45
jnb 0xb63e4f55	0xb63e4f50
jnz 0xb63e4596	0xb63e4580
jnz 0xb645046c	0xb6450448
jnb 0xb645049d	0xb6450469
jle 0xb63e4278	0xb63e422e
jz 0xb63e4251	0xb63e4240
jz 0xb63e5460	0xb63e544c
jz 0xb63d8e8f	0xb63d8ee9
jz 0xb63d8ed8	0xb63d8e23
jz 0xb63d8c1c	0xb63d8c10
jz 0xb63d8d70	0xb63d8c21
jnz 0xb63d8c86	0xb63d8c33
jz 0xb63d8d70	0xb63d8c21
jnz 0xb63d8c86	0xb63d8c33
jnle 0xb63d8c40	0xb63d8c90
jb 0xb63f0bff	0xb63f0ab1
jz 0xb63f0b96	0xb63f0ac3
jz 0xb63f0c38	0xb63f0acb
jz 0xb63f0c18	0xb63f0ad3
jz 0xb63f0b96	0xb63f0adb
jz 0xb63f0c38	0xb63f0ae3
jz 0xb63f0c18	0xb63f0aeb
jz 0xb63f0b96	0xb63f0af3
jz 0xb63f0c38	0xb63f0afb
jnb 0xb63f0b10	0xb63f0b99
jb 0xb63f0bff	0xb63f0ba2
jnb 0xb63f0c25	0xb63f0baf
jnz 0xb63f0c25	0xb63f0bba
jb 0xb63f0bff	0xb63f0bc2
jnb 0xb63f0c25	0xb63f0bcf
jnz 0xb63f0c25	0xb63f0bda
jb 0xb63f0bff	0xb63f0be2
jnb 0xb63f0c25	0xb63f0bef
jz 0xb63f0c38	0xb63f0c27
jz 0xb63f0c38	0xb63f0c2c
jz 0xb63f0c38	0xb63f0c35
jnz 0xb63d8cd0	0xb63d8c63
js 0xb63d8cf1	0xb63d8ce4
jnz 0xb63f17a6	0xb63f1768
jbe 0xb63f17a6	0xb63f176d
jz 0xb63f178d	0xb63f1775
jz 0xb63f178d	0xb63f177f
jz 0xb63f178d	0xb63f1789
jnz 0xb63d8e8f	0xb63d8e79
jnz 0xb63d8ebd	0xb63d8e94
jnz 0xb63d8ebd	0xb63d8ea4
jz 0xb63d8eb8	0xb63d8eb5
jnz 0xb63d8f34	0xb63d8ebb
jnz 0xb63d8f34	0xb63d8ebb
jnz 0xb63ef83a	0xb63ef833
jz 0xb63ef870	0xb63ef84a
jnz 0xb63ef870	0xb63ef85c
jz 0xb63ef870	0xb63ef868
jnz 0xb7fec2e2	0xb7fec2d5
jz 0xb63f7fa0	0xb63f68cb
jz 0xb63f7fb0	0xb63f68d5
jz 0xb63f7fc0	0xb63f68df
jz 0xb63f7fd0	0xb63f68e9
jz 0xb63f7fe0	0xb63f68f3
jz 0xb63f7ff0	0xb63f68fd
jz 0xb63f8000	0xb63f6907
jz 0xb63f8010	0xb63f6911
jz 0xb63f8020	0xb63f691b
jz 0xb63f8040	0xb63f6925
jz 0xb63f8060	0xb63f692f
jz 0xb63f8080	0xb63f6939
jz 0xb63f80a0	0xb63f6943
jz 0xb63f80c0	0xb63f694d
jz 0xb63f80e0	0xb63f6957
jz 0xb63f8100	0xb63f6961
jnz 0xb63f7d90	0xb63f6993
jz 0xb63f6a36	0xb63f69af
jz 0x8048573	0x804856c
jz 0xb63a4f79	0xb63a4ee8
jz 0xb63a4f70	0xb63a4ef5
jz 0xb63a4f58	0xb63a4f0d
jz 0xb63a4f38	0xb63a4f12
jnz 0xb63a4ef3	0xb63a4f17
js 0xb7fed4a1	0xb7fed2c7
jz 0xb7fed2f8	0xb7fed32b
jnz 0xb7fed2f8	0xb7fed340
jbe 0xb7fed36e	0xb7fed34c
jnz 0xb7fed510	0xb7fed353
jz 0xb7fed3b1	0xb7fed377
jnz 0xb7fed380	0xb7fed38a
jbe 0xb7fed5a1	0xb7fed38e
jnz 0xb7fed387	0xb7fed3ac
jnz 0xb7fed555	0xb7fed3b4
jz 0xb7fed196	0xb7fed073
jnz 0xb7fed0c8	0xb7fed128
jz 0xb7fed0c8	0xb7fed131
jnb 0xb7fed0c8	0xb7fed13c
jnz 0xb7fed15f	0xb7fed152
jnz 0xb7fed241	0xb7fed16d
jb 0xb7fed148	0xb7fed180
jnz 0xb7fed0d9	0xb7fed18d
jnz 0xb7fed15f	0xb7fed152
jnz 0xb7fed158	0xb7fed163
jnz 0xb7fed241	0xb7fed16d
jb 0xb7fed148	0xb7fed180
jz 0xb7fed1a0	0xb7fed15d
jnz 0xb7fed158	0xb7fed163
jnz 0xb7fed241	0xb7fed16d
jb 0xb7fed148	0xb7fed180
jnz 0xb7fed0d9	0xb7fed18d
jnz 0xb7fed0c8	0xb7fed128
jz 0xb7fed0c8	0xb7fed131
jnb 0xb7fed0c8	0xb7fed13c
jz 0xb7ff695d	0xb7ff6940
jnz 0xb7ff6949	0xb7ff6945
jz 0xb7fed193	0xb7fed0d3
jz 0xb7fed304	0xb7fed3e1
jz 0xb7fed480	0xb7fed3ff
jz 0xb7fed4c8	0xb7fed412
jz 0xb7fed465	0xb7fed4cd
jz 0xb7fed425	0xb7fed4d6
jnz 0xb7fed4ec	0xb7fed4e2
jz 0xb7fed457	0xb7fed427
jz 0xb7fed457	0xb7fed43c
jz 0xb7fed465	0xb7fed45c
jnz 0x80484bf	0x804847e
jnb 0x80484b8	0x8048498
jnz 0xb7fed480	0xb7fed46a
jnz 0xb7fed5cb	0xb7fed47a
jnz 0xb7fed3f0	0xb7fed48d
jz 0xb7fed480	0xb7fed3ff
jz 0xb7fed4c8	0xb7fed412
jnz 0xb7fed4dc	0xb7fed41f
jnz 0xb7fed3f0	0xb7fed48d
jns 0xb7fed318	0xb7fed49b
jnz 0xb7fed540	0xb7fed4a6
jnz 0xb7fed480	0xb7fed46a
jnz 0xb7fed5cb	0xb7fed47a
jnz 0xb7fed3f0	0xb7fed48d
jns 0xb7fed318	0xb7fed49b
jnz 0xb7fed540	0xb7fed4a6
jz 0xb7fed540	0xb7fed4b4
jnz 0xb7fed610	0xb7fed547
jz 0xb63a4f70	0xb63a4ef5
jz 0xb63a4f58	0xb63a4f0d
jz 0xb63a4f38	0xb63a4f12
jnz 0xb63a4fa1	0xb63a4f77
jz 0xb63a4f99	0xb63a4f7e
jnb 0xb63a4f99	0xb63a4f8e
jz 0xb63e5b81	0xb63e5b20
jnz 0xb63e5d38	0xb63e5b2e
jz 0xb63e5b7a	0xb63e5b53
jz 0xb63e5cab	0xb63e5b97
jz 0xb63e5c06	0xb63e5bc8
jnz 0xb63e5c06	0xb63e5bd1
jz 0xb63e5c02	0xb63e5bdd
jle 0xb63e5cf8	0xb63e5c0b
jnz 0xb63e5c51	0xb63e5c15
jle 0xb63e5c51	0xb63e5c19
jbe 0xb63e5c11	0xb63e5cfe
jnz 0xb63e5c51	0xb63e5c15
jle 0xb63e5c51	0xb63e5c19
jbe 0xb63e5c51	0xb63e5c24
jz 0xb63e5c88	0xb63e5c53
jnz 0xb63e5c88	0xb63e5c5a
jnz 0xb63e5c88	0xb63e5c6a
jnz 0xb63e5bb0	0xb63e5c9a
jnz 0xb63e5bc0	0xb63e5ca5
jz 0xb63e5cc2	0xb63e5cad
jz 0xb63e5ceb	0xb63e5cc8
jz 0xb63e5e42	0xb63e5d9a
jnz 0xb63e5e30	0xb63e5dac
jz 0xb63e5e30	0xb63e5dba
jnz 0xb63e5da8	0xb63e5e3c
jnz 0xb63e5e30	0xb63e5dac
jz 0xb63e5e30	0xb63e5dba
jz 0xb63e5e30	0xb63e5dc1
jz 0xb63e5dfb	0xb63e5dca
jz 0xb63e5ec8	0xb63e5dcf
jz 0xb63e5de7	0xb63e5de4
jnz 0xb63e5e50	0xb63e5dec
jnz 0xb63e5e0a	0xb63e5e02
jz 0xb63e5e68	0xb63e5e08
jbe 0xb63e3265	0xb63e322c
jle 0xb63e32c0	0xb63e3233
jnz 0xb63e3288	0xb63e326b
jz 0xb63e56f0	0xb63e565e
jz 0xb63e566c	0xb63e5666
jnz 0xb63e56d0	0xb63e566a
jz 0xb63e3360	0xb63e3334
jnz 0xb63e5e90	0xb63e5e2e
jnz 0xb63e5da8	0xb63e5e3c
jz 0xb63e5e30	0xb63e5e95
jnz 0xb63e5e30	0xb63e5ea2
jz 0xb63e5eb6	0xb63e5eb3
jnz 0xb63e665e	0xb63e5eb9
jb 0xb63a4f90	0xb63a4f97
