jz 0xb7fe2d26
jnbe 0xb7fe2cd8
jnz 0xb7fe2d05
jz 0xb7fe2d92
jnbe 0xb7fe2f28
jz 0xb7fe2d20
jnbe 0xb7fe2cd8
jbe 0xb7fe2f40
jnbe 0xb7fe3098
jnbe 0xb7fe2cf6
jnz 0xb7fe2d05
jz 0xb7fe2d92
jz 0xb7fe2d37
jz 0xb7fe2d92
jz 0xb7fe2d37
jz 0xb7fe2d44
jz 0xb7fe2d51
jz 0xb7fe2d5e
jz 0xb7fe2d6b
jz 0xb7fe2d78
jz 0xb7fe2d85
jz 0xb7fe2d92
jz 0xb7fe2da6
jnz 0xb7fe32f2
jz 0xb7fe2dc0
jnz 0xb7fe324a
jz 0xb7fe2dd7
jnz 0xb7fe3220
jz 0xb7fe2dee
jnz 0xb7fe329e
jnz 0xb7fe3274
jnz 0xb7fe3274
jnz 0xb7fe31f6
jnz 0xb7fe2f68
jz 0xb7fe3154
jz 0xb7fe316b
jz 0xb7fe2fd1
jnz 0xb7fe32c8
jnb 0xb7fe3019
jnz 0xb7fe317d
jnbe 0xb7fe3000
jz 0xb7fe31bf
jbe 0xb7fe2e26
jnz 0xb7fe317d
jnbe 0xb7fe3000
jz 0xb7fe31bf
jbe 0xb7fe2e26
jz 0xb7fe31a7
jnbe 0xb7fe30c2
jnbe 0xb7fe3048
jz 0xb7fe31a7
jnbe 0xb7fe30c2
jnz 0xb7fe2e97
jnbe 0xb7fe2e82
jb 0xb7fe2e86
jbe 0xb7fe2e86
jnz 0xb7fe2e60
jnbe 0xb7fe2e82
jb 0xb7fe2e86
jbe 0xb7fe2e86
jnz 0xb7fe2e60
jz 0xb7fe8cb3
jnz 0xb7fe8cd9
jz 0xb7ff27c9
jnz 0xb7ff27c0
jz 0xb7ff2912
jnz 0xb7ff27c0
jz 0xb7ff2912
jnbe 0xb7ff2888
jnz 0xb7ff2868
jnbe 0xb7ff2888
jnz 0xb7ff2868
jnz 0xb7ff2868
jnz 0xb7ff2868
jnz 0xb7ff2868
jnz 0xb7ff2868
jz 0xb7ff2912
jz 0xb7ff2912
jnz 0xb7ff2868
jz 0xb7ff2912
jz 0xb7ff2912
jnz 0xb7ff2868
jnz 0xb7ff2868
jnz 0xb7ff2868
jnz 0xb7ff2868
jnz 0xb7ff2868
jz 0xb7ff2912
jz 0xb7ff2912
jnbe 0xb7ff3fc0
jz 0xb7ff293b
jnz 0xb7ff2b08
jz 0xb7ff6311
jp 0xb7ff6306
jz 0xb7ff6396
jz 0xb7ff6396
jnb 0xb7ff6379
jnz 0xb7ff6379
jz 0xb7ff6396
jz 0xb7ff6396
jz 0xb7ff6396
jz 0xb7ff4048
jnz 0xb7ff4048
jz 0xb7ff4034
jz 0xb7ff2b1b
jnz 0xb7ff2b35
jz 0xb7ff3720
jz 0xb7ff3724
jnz 0xb7ff3710
jz 0xb7ff3724
jnz 0xb7ff3710
jnz 0xb7ff3715
jnz 0xb7ff3715
jnz 0xb7ff3710
jz 0xb7fdf7b6
jz 0xb7fdf7e0
jnz 0xb7fdf794
jnz 0xb7fdfe80
jnz 0xb7fdfc40
jnz 0xb7fe0213
jle 0xb7fe00f4
jz 0xb7fe8ff0
jbe 0xb7ff3944
jz 0xb7ff3944
jnz 0xb7ff394c
jz 0xb7ff3898
jnb 0xb7ff3813
jb 0xb7ff3878
jnb 0xb7ff3813
jb 0xb7ff3878
jz 0xb7ff38bc
jz 0xb7fe8fe0
jnz 0xb7ff6a86
jbe 0xb7ff6a86
jz 0xb7ff6a6d
jnb 0xb7ff6a8b
jnb 0xb7ff6a91
jz 0xb7fe9040
jz 0xb7fe8ec6
jnz 0xb7fe8eb8
jz 0xb7fe8ec6
jnz 0xb7fe8eb8
jz 0xb7fe8efb
jnz 0xb7fe8eb8
jz 0xb7fe8efb
jnz 0xb7fe8f0a
jnz 0xb7fe8f0a
jz 0xb7fe8f24
jz 0xb7fe8fe0
jz 0xb7fe22ec
jnz 0xb7fe8d5a
jnz 0xb7fe2316
jnb 0xb7fe2881
jz 0xb7fe04d2
jbe 0xb7fe02f4
jz 0xb7fe04c4
jnb 0xb7fe039f
jz 0xb7fe04d2
jbe 0xb7fe02f4
jz 0xb7fe055c
jz 0xb7fe052e
jz 0xb7fe04df
jz 0xb7fe1554
jnb 0xb7fe04fa
jbe 0xb7fe050d
jz 0xb7fe030f
jbe 0xb7fe030f
jbe 0xb7fe050d
jz 0xb7fe030f
jbe 0xb7fe030f
jz 0xb7fe04c4
jz 0xb7fe04ad
jnz 0xb7fe030f
jz 0xb7fe03c3
jnz 0xb7fe03d4
jnz 0xb7fe03e5
jnz 0xb7fe03d4
jnz 0xb7fe03e5
jz 0xb7fe152f
jnz 0xb7fe03e5
jz 0xb7fe152f
jz 0xb7fe0425
jz 0xb7fe152f
jz 0xb7fe0425
jnz 0xb7ff6237
jnz 0xb7ff6228
jnz 0xb7fe10db
jz 0xb7fe1116
jnz 0xb7fe06a5
jnz 0xb7fe26f1
jnz 0xb7fe0432
jnz 0xb7fe06a5
jz 0xb7fe069d
jz 0xb7fe0569
jbe 0xb7fe0469
jnbe 0xb7fe11b8
jz 0xb7fe0569
jbe 0xb7fe0469
jnbe 0xb7fe11b8
jbe 0xb7fe1428
jnbe 0xb7fe1510
jnbe 0xb7fe0470
jz 0xb7fe0569
jbe 0xb7fe0469
jnbe 0xb7fe11b8
jz 0xb7fe05ea
jz 0xb7fe057c
jz 0xb7fe0589
jz 0xb7fe0600
jnz 0xb7fe2537
jz 0xb7fe0617
jz 0xb7fe0600
jz 0xb7fe0617
jnz 0xb7fe2891
jz 0xb7fe062e
jz 0xb7fe062e
jnz 0xb7fe28bb
jz 0xb7fe0665
jz 0xb7fe0689
jz 0xb7fe0689
jz 0xb7fe069d
jz 0xb7fe069d
jz 0xb7fe276f
jz 0xb7fe14ff
jz 0xb7fe8efb
jnz 0xb7fe8f0a
jz 0xb7fe8f2b
jz 0xb7fe90eb
jz 0xb7fe27e9
jz 0xb7fe076d
jnz 0xb7fe0718
jnbe 0xb7fe0738
jz 0xb7fe0a7a
jz 0xb7fe1045
jz 0xb7fe27fa
jbe 0xb7fe076d
jnz 0xb7fe1050
jb 0xb7fe1061
jz 0xb7fe072a
jb 0xb7fe072a
jbe 0xb7fe076d
jnz 0xb7fe0718
jnbe 0xb7fe0738
jnz 0xb7fe0718
jnbe 0xb7fe0738
jz 0xb7fe0a7a
jz 0xb7fe0a7a
jz 0xb7fe07e4
jbe 0xb7fe07a9
jnbe 0xb7fe1082
jnz 0xb7fe07b8
jz 0xb7fe07e2
jbe 0xb7fe07a9
jnbe 0xb7fe1082
jnz 0xb7fe07b8
jz 0xb7fe09e6
jz 0xb7fe0816
jz 0xb7fe09e6
jz 0xb7fe0816
jz 0xb7fe084e
jz 0xb7fe0886
jz 0xb7fe08be
jz 0xb7fe08f6
jz 0xb7fe092e
jz 0xb7fe0966
jz 0xb7fe09a4
jz 0xb7fe0966
jz 0xb7fe09a4
jz 0xb7fe09e6
jz 0xb7fe09a4
jz 0xb7fe09e6
jz 0xb7fe271b
jz 0xb7fe09f9
jnz 0xb7fe2052
jz 0xb7fe0a0d
jz 0xb7fe0a0d
jnz 0xb7fe2891
jz 0xb7fe0a21
jz 0xb7fe0a21
jnz 0xb7fe28bb
jz 0xb7fe0a4d
jz 0xb7fe0a4d
jz 0xb7fe0a3c
jz 0xb7fe0a44
jz 0xb7fe0a69
jnz 0xb7fe10c5
jz 0xb7fe0a7a
jz 0xb7fe0a7a
jz 0xb7fe8c9f
jz 0xb7fe0b0a
jnb 0xb7ff6379
jnz 0xb7ff6379
jnb 0xb7ff6379
jnz 0xb7ff6379
jnb 0xb7ff6379
jnz 0xb7ff6379
jnb 0xb7ff6379
jz 0xb7ff6311
jz 0xb7ff6396
jz 0xb7fe114f
jz 0xb7fe0b0a
jnz 0xb7fe8d58
jnz 0xb7fe199e
jnz 0xb7fe19c8
jz 0xb7fe1176
jz 0xb7ff35f8
jz 0xb7ff35f8
jnz 0xb7ff3558
jbe 0xb7ff3558
jz 0xb7ff35f8
jnz 0xb7ff3558
jbe 0xb7ff3558
jnz 0xb7ff6604
jnz 0xb7ff65fd
jl 0xb7ff65f9
jnl 0xb7ff6820
jnz 0xb7ff6897
jnz 0xb7ff6897
jnz 0xb7ff6897
jnz 0xb7ff6897
jnz 0xb7ff6897
jnz 0xb7ff3598
js 0xb7fe1194
jnz 0xb7fe2491
jle 0xb7fe24a4
jz 0xb7ff2e5f
jz 0xb7ff2e51
jnz 0xb7ff2e18
jnz 0xb7ff2e18
jz 0xb7ff2f58
jz 0xb7ff2f58
jz 0xb7ff2e51
jnz 0xb7ff2e18
jz 0xb7ff2f58
jnz 0xb7ff2eb0
jnbe 0xb7ff2f11
jz 0xb7ff2fae
jnz 0xb7ff2eb0
jnbe 0xb7ff2f11
jnz 0xb7ff2ef0
jnz 0xb7ff2ef0
jbe 0xb7ff2eb0
jnz 0xb7ff2ef0
jnz 0xb7ff2ef0
jnz 0xb7ff6897
jnz 0xb7ff2ef3
jbe 0xb7ff2ef3
jnb 0xb7ff5ccb
jnz 0xb7ff2fb4
jz 0xb7ff33ee
jnb 0xb7ff33ee
jz 0xb7ff6396
jz 0xb7ff6311
jz 0xb7ff6396
jnb 0xb7ff6379
jnz 0xb7ff6379
jnb 0xb7ff6379
jz 0xb7ff34e9
jb 0xb7ff3008
jz 0xb7ff3119
jb 0xb7ff3008
jz 0xb7ff3119
jz 0xb7ff3084
jz 0xb7ff30f8
jz 0xb7ff309b
jnz 0xb7ff3070
jnz 0xb7ff3070
jz 0xb7ff3137
jnz 0xb7ff34a8
jz 0xb7ff3084
jz 0xb7ff30f8
jz 0xb7ff309b
jz 0xb7ff309b
jnz 0xb7ff3070
jz 0xb7ff3137
jnz 0xb7ff34a8
jz 0xb7ff3401
jnbe 0xb7ff3397
jnz 0xb7ff33a8
jz 0xb7ff33e1
jnbe 0xb7ff34d2
jnz 0xb7ff33a8
jz 0xb7ff33e1
jnbe 0xb7ff34d2
jnz 0xb7ff34d2
jz 0xb7ff34d2
jz 0xb7ff344f
jz 0xb7ff3409
jnb 0xb7ff6986
jnb 0xb7ff698c
jz 0xb7ff3260
jz 0xb7ff3228
jnb 0xb7ff698c
jnz 0xb7ff322d
jnz 0xb7ff31f8
jz 0xb7ff32a7
jnz 0xb7ff3298
jz 0xb7ff3260
jz 0xb7ff3228
jnz 0xb7ff3298
jz 0xb7ff32f4
jz 0xb7ff32ed
jnz 0xb7ff32d8
jnz 0xb7ff32d0
jnz 0xb7ff32b0
jz 0xb7ff32ed
jnz 0xb7ff32d8
jnz 0xb7ff32d0
jnz 0xb7ff32d0
jnz 0xb7ff32b0
jz 0xb7ff335d
jz 0xb7ff32f4
jz 0xb7ff32ed
jnz 0xb7ff32d8
jnz 0xb7ff32b0
jz 0xb7ff335d
jnz 0xb7ff3320
jnz 0xb7ff3337
jnz 0xb7ff3370
jz 0xb7ff3352
jnz 0xb7ff3320
jnz 0xb7ff3337
jnz 0xb7ff3370
jnz 0xb7ff3370
jz 0xb7fe60c3
jz 0xb7ff38bc
jnz 0xb7ff5d73
jnbe 0xb7ff5d7f
jz 0xb7ff38b8
jz 0xb7fe60ac
jz 0xb7fe5e42
jnz 0xb7fe5e30
jnz 0xb7fe5e30
jz 0xb7fe5ea0
jnz 0xb7fe6082
jz 0xb7fe5e42
jnz 0xb7fe5e30
jz 0xb7fe5ea0
jz 0xb7fe5f10
jz 0xb7fe618d
jz 0xb7fe601a
jz 0xb7fe605c
jz 0xb7fe6008
jz 0xb7fe6008
jz 0xb7fed6b1
jz 0xb7fed700
jz 0xb7fed6f0
jz 0xb7fed700
jz 0xb7fed6f0
jz 0xb7fe15b4
jz 0xb7fe15a4
jz 0xb7fe0c54
jz 0xb7fe15a4
jz 0xb7fe0c54
jnz 0xb7fe0c2d
jz 0xb7fe0c54
jnz 0xb7fe0c2d
jnz 0xb7fe15f8
jnz 0xb7fe1611
jz 0xb7fe0c8d
jz 0xb7fe0ca0
jnz 0xb7fe24af
jnz 0xb7fe250d
jnz 0xb7fe2340
jnb 0xb7ff5ccb
jz 0xb7fe23e4
jnz 0xb7fe28e5
jz 0xb7feb248
jnz 0xb7feb20b
jz 0xb7feb499
jz 0xb7feb499
jz 0xb7feb3c3
jz 0xb7feb3df
jz 0xb7feb83d
jnz 0xb7feb83d
jz 0xb7feb2af
jz 0xb7feb3c3
jz 0xb7feb3df
jnz 0xb7febba9
jz 0xb7ff60c1
jp 0xb7ff60ad
jz 0xb7ff61ed
jnb 0xb7ff61f2
jnz 0xb7ff61f2
jnb 0xb7ff61d7
jnz 0xb7ff61d7
jnb 0xb7ff61f2
jnz 0xb7ff61f2
jnb 0xb7ff61d7
jnz 0xb7ff61d7
jnb 0xb7ff61f2
jnz 0xb7ff61f2
jnb 0xb7ff61d7
jnz 0xb7ff61d7
jz 0xb7ff61ed
jz 0xb7ff621a
jz 0xb7ff61ed
jz 0xb7ff621a
jz 0xb7ff61ed
jz 0xb7ff621a
jnz 0xb7feb9da
jnz 0xb7fecd04
js 0xb7fe6ac9
jnb 0xb7fe69d6
jnz 0xb7fe6264
jnz 0xb7fe625d
jnz 0xb7fe625d
jnz 0xb7ff6237
jnz 0xb7ff6228
jz 0xb7fede16
jnz 0xb7feddff
jnz 0xb7feddf8
jz 0xb7fede20
jz 0xb7fe6250
jz 0xb7fe685f
jz 0xb7fe6290
jnz 0xb7fe625d
jz 0xb7fe625d
jz 0xb7fe6290
jnz 0xb7fe625d
jnz 0xb7fe625d
jnz 0xb7ff6237
jnz 0xb7ff6228
jnz 0xb7fe625d
jnz 0xb7fe63c8
jnz 0xb7fe6a67
jz 0xb7fe629d
jz 0xb7fe6424
jnz 0xb7fe6a67
jz 0xb7fe642e
jz 0xb7fe6500
jz 0xb7ff6311
jp 0xb7ff6306
jz 0xb7ff6396
jnb 0xb7ff6379
jnz 0xb7ff6379
jnb 0xb7ff6379
jnz 0xb7ff6379
jnb 0xb7ff6379
jnz 0xb7ff6379
jz 0xb7ff6396
jz 0xb7ff6396
jz 0xb7ff6396
jnz 0xb7fe6a45
jz 0xb7fe6687
jz 0xb7fe6687
jz 0xb7fe6760
jz 0xb7fe5cf1
jz 0xb7fe5d00
jz 0xb7fe66b8
jz 0xb7fe674d
jnz 0xb7fe6460
jz 0xb7fe6460
jz 0xb7fe6460
jz 0xb7fe6460
jz 0xb7fe6520
jz 0xb7fe64d0
jnz 0xb7fe6810
jnz 0xb7fe6927
jnz 0xb7fe744a
jz 0xb7fe7083
jz 0xb7fe6fc8
jnb 0xb7ff5b8d
js 0xb7fedcad
jnbe 0xb7ff5b18
js 0xb7fedca5
jnz 0xb7fedcd8
jnz 0xb7ff5d73
jnbe 0xb7ff5d7f
jnb 0xb7ff5bc7
jz 0xb7fe7184
jbe 0xb7fe7170
jnz 0xb7ff6604
jnz 0xb7ff65fd
jl 0xb7ff65f9
jnl 0xb7ff6820
jnz 0xb7ff6897
jnz 0xb7ff6897
jnz 0xb7ff68ab
jnz 0xb7ff68ab
jnz 0xb7ff68ab
jnz 0xb7fe7195
jb 0xb7fe7129
jnz 0xb7ff6897
jnz 0xb7ff6897
jnz 0xb7ff6897
jnz 0xb7ff6897
jnz 0xb7ff6897
jz 0xb7fe7133
jnz 0xb7fe6e9a
jnz 0xb7fe6e9a
jz 0xb7fe6fd8
jz 0xb7fe6efe
jz 0xb7fe7062
jnz 0xb7fe6ecf
jz 0xb7fe7062
jnz 0xb7fe6ecf
js 0xb7fe6fca
jb 0xb7fe6fa8
jz 0xb7fe6e08
jnbe 0xb7fe6de8
jnbe 0xb7fe6e35
jbe 0xb7fe6e14
jnz 0xb7fe6e20
jnz 0xb7fe6d06
jnbe 0xb7fe6de8
jnbe 0xb7fe6e35
jnbe 0xb7fe6d88
jz 0xb7fe71d3
jnl 0xb7fe6f80
jnl 0xb7fe6f87
jbe 0xb7fe6fc8
jl 0xb7fe6fc8
jbe 0xb7fe6fc8
jnbe 0xb7fe6dcf
jbe 0xb7fe6da8
jz 0xb7fe6cf8
jz 0xb7fe6cf8
jz 0xb7fe6e08
jnbe 0xb7fe6de8
jnbe 0xb7fe6e35
jle 0xb7fe722e
jnbe 0xb7fe7215
jz 0xb7fe71f8
jle 0xb7fe726d
jbe 0xb7fe729b
jz 0xb7fe7279
jnz 0xb7fe7292
jbe 0xb7fe7292
jbe 0xb7fe7292
jz 0xb7fe72cc
jz 0xb7fe72cc
jnz 0xb7fe7292
jz 0xb7fe72fb
jb 0xb7fe7292
jnz 0xb7fe740a
jnz 0xb7fe7292
jnz 0xb7fe7292
jz 0xb7fe7311
jnz 0xb7fe7292
jnz 0xb7fe7292
jz 0xb7fe6fca
jz 0xb7fe6fca
jz 0xb7fe65ff
jz 0xb7fe68ab
jnz 0xb7fe68d5
jz 0xb7fe68c1
jz 0xb7fe3968
jz 0xb7fe3968
jnz 0xb7fe3968
jz 0xb7fe3b74
jnb 0xb7ff5c0d
jle 0xb7fe3d2a
jnz 0xb7ff6897
jnz 0xb7ff6897
jnz 0xb7fe3de0
jnz 0xb7fe3b7f
jnz 0xb7ff6897
jnz 0xb7ff68ab
jnz 0xb7ff68ab
jnz 0xb7ff68ab
jnz 0xb7fe3b90
jnz 0xb7fe3cb5
jnz 0xb7fe3b58
jnz 0xb7fe3cf9
jnz 0xb7fe3d8b
jnbe 0xb7fe3bb8
jnb 0xb7fe3b74
jnz 0xb7fe3a80
jbe 0xb7fe3a80
jbe 0xb7fe3a80
jnb 0xb7fe3b74
jnz 0xb7fe3a80
jbe 0xb7fe3a80
jbe 0xb7fe3a80
jnbe 0xb7fe3c40
jnz 0xb7ff6897
jnz 0xb7ff6897
jnz 0xb7ff6897
jnz 0xb7ff68ab
jnz 0xb7ff68ab
jnz 0xb7ff68ab
jnz 0xb7fe3ad0
jz 0xb7fe3ca9
jnz 0xb7fe3b58
jnbe 0xb7fe3c30
jnz 0xb7ff6897
jz 0xb7fe3b74
jbe 0xb7fe3b74
jz 0xb7fe65ff
jz 0xb7ff6396
jz 0xb7ff6311
jz 0xb7ff6396
jnb 0xb7ff6379
jz 0xb7ff6311
jz 0xb7ff6396
jz 0xb7ff3898
jnb 0xb7ff3813
jb 0xb7ff3878
jz 0xb7fe3447
jnz 0xb7ff6a86
jbe 0xb7ff6a86
jz 0xb7ff6a6d
jnb 0xb7ff6a8b
jnb 0xb7ff6a91
jnb 0xb7ff6a91
jnz 0xb7fe64d5
jz 0xb7fe6346
jz 0xb7fe6943
jz 0xb7fed6b1
jz 0xb7fed700
jz 0xb7fed6f0
jz 0xb7fed700
jz 0xb7fed6f0
jz 0xb7fed6ba
js 0xb7fe539b
jz 0xb7fe43e0
jnz 0xb7fe4370
jnz 0xb7fe4370
jnz 0xb7fe4370
jz 0xb7fe43e0
jnz 0xb7fe4370
jnz 0xb7fe4370
jnz 0xb7fe513b
jnz 0xb7fe4e68
jnz 0xb7fe541c
jz 0xb7fe45e8
jnz 0xb7fe5440
jz 0xb7fe8ff0
jbe 0xb7ff3944
jz 0xb7ff3944
jnz 0xb7ff394c
jz 0xb7fe8fe0
jz 0xb7fe9040
jz 0xb7fe8ec6
jnz 0xb7fe8eb8
jz 0xb7fe8ec6
jnz 0xb7fe8eb8
jz 0xb7fe8efb
jz 0xb7fe8efb
jnz 0xb7fe8f0a
jnz 0xb7fe8f08
jnz 0xb7fe9018
jz 0xb7fe8fe0
jz 0xb7fe8f2b
jz 0xb7fe90eb
jz 0xb7fe8fe0
jz 0xb7fe9063
jz 0xb7fe90e1
jnb 0xb7ff6986
jnb 0xb7ff698c
jnb 0xb7ff698c
jnz 0xb7fe9098
jnz 0xb7fe9098
jz 0xb7fe5130
jnbe 0xb7fe4c57
jnb 0xb7fe4ed9
jz 0xb7fe4700
jbe 0xb7fe4510
jz 0xb7fe4728
jnb 0xb7fe4750
jz 0xb7fe4700
jbe 0xb7fe4510
jz 0xb7fe4620
jnz 0xb7fe4538
jnb 0xb7fe4750
jnz 0xb7fe4f2b
jnz 0xb7fe4f35
jbe 0xb7fe46e3
jz 0xb7fe4728
jz 0xb7fe4710
jnz 0xb7fe4538
jz 0xb7fe4538
jnz 0xb7fe4738
jnz 0xb7fe54bd
jnz 0xb7fe54bd
jnz 0xb7fef38a
jz 0xb7fe4ed9
jnz 0xb7fe546a
jz 0xb7fe4947
jnz 0xb7fe4960
jz 0xb7fe482f
jz 0xb7fe4dbc
jbe 0xb7fe48e4
jnb 0xb7fe48d8
jnb 0xb7fe4996
jbe 0xb7fe4817
jnz 0xb7fe4817
jz 0xb7fe482f
jz 0xb7fe4dbc
jbe 0xb7fe48e4
jz 0xb7fe4dbc
jbe 0xb7fe48e4
jnb 0xb7fe48d8
jz 0xb7fe504e
jecxz 0xb7ff695d
jz 0xb7ff6949
jp 0xb7ff693e
jz 0xb7fe5098
jnbe 0xb7fe4e1d
jnb 0xb7fe4996
jnz 0xb7fe48e4
jz 0xb7fe4e88
jz 0xb7fe4b4a
jz 0xb7fe4a11
jbe 0xb7fe49d8
jnbe 0xb7fe4d58
jnz 0xb7fe49e7
jz 0xb7fe4a11
jbe 0xb7fe49d8
jnbe 0xb7fe4d58
jbe 0xb7fe4d76
jnbe 0xb7fe4d97
jnbe 0xb7fe49dc
jz 0xb7fe4a11
jbe 0xb7fe49d8
jnbe 0xb7fe4d58
jnz 0xb7fe49e7
jz 0xb7fe4ab5
jz 0xb7fe4a2f
jz 0xb7fe4ab5
jz 0xb7fe4a2f
jz 0xb7fe4a3f
jz 0xb7fe4a4f
jz 0xb7fe4a5f
jz 0xb7fe4a6f
jz 0xb7fe4a7f
jz 0xb7fe4a8f
jz 0xb7fe4aa2
jz 0xb7fe4ab5
jz 0xb7fe4ac8
jnz 0xb7fe52f4
jz 0xb7fe4ac8
jz 0xb7fe4adc
jnz 0xb7fe5327
jz 0xb7fe4af0
jz 0xb7fe4af0
jnz 0xb7fe5351
jz 0xb7fe4b1b
jz 0xb7fe4b0a
jz 0xb7fe4b11
jz 0xb7fe4b1b
jz 0xb7fe4b11
jz 0xb7fe4b1b
jz 0xb7fe4b39
jz 0xb7fe4b1b
jz 0xb7fe4b39
jz 0xb7fe4b39
jz 0xb7fe4b39
jz 0xb7fe4b39
jz 0xb7fe4b4a
jz 0xb7fe4b4a
jnz 0xb7fe53af
jz 0xb7fe4ee9
jnz 0xb7fe53af
jz 0xb7fe4ee9
jnz 0xb7fe50c9
jz 0xb7fe4b96
jnz 0xb7fe54b2
jz 0xb7fe4d30
jnz 0xb7fe4fdd
jz 0xb7fe8cb3
jnz 0xb7fe8cd9
jz 0xb7fe4cc0
jnz 0xb7fe537b
jz 0xb7fe4be7
jz 0xb7fe4be7
jnz 0xb7fe537b
jnz 0xb7fe8d5a
jnz 0xb7fe8d58
jnz 0xb7fe8d58
jnz 0xb7fe4f3f
jnz 0xb7feb948
jnz 0xb7feb2f8
jz 0xb7feb30e
jz 0xb7feb3e6
jnz 0xb7febba9
jz 0xb7feb3e6
jnz 0xb7febba9
jz 0xb7febbbb
jnz 0xb7feb30e
jz 0xb7feb471
jz 0xb7feb28e
jz 0xb7feb50d
jnz 0xb7feb480
jz 0xb7feb499
jz 0xb7feb3c3
jz 0xb7feb3df
jbe 0xb7feb2af
jz 0xb7fec0a7
jz 0xb7ff61ed
jz 0xb7ff621a
jnb 0xb7ff61f2
jnz 0xb7ff61f2
jnb 0xb7ff61d7
jnz 0xb7ff61d7
jnb 0xb7ff61f2
jnz 0xb7ff61f2
jnb 0xb7ff61d7
jnz 0xb7ff61d7
jnb 0xb7ff61f2
jnz 0xb7ff61f2
jnb 0xb7ff61d7
jnz 0xb7ff61d7
jnb 0xb7ff61f2
jnz 0xb7ff61f2
jnb 0xb7ff61d7
jz 0xb7ff60cf
jz 0xb7febcbe
jz 0xb7feb28e
jz 0xb7feb50d
jnz 0xb7feb480
jnz 0xb7feb2ba
jnz 0xb7feb2ba
jz 0xb7feb471
jz 0xb7feb539
jz 0xb7feb539
jz 0xb7feb565
jz 0xb7fec08c
jnz 0xb7fec00c
jnz 0xb7feb5ad
jnz 0xb7fec00c
jnz 0xb7feb5ad
jnz 0xb7febfb0
jnz 0xb7febf86
jz 0xb7febf5b
jbe 0xb7feb638
jbe 0xb7feb89a
jnb 0xb7feb800
jnz 0xb7feb7ef
jb 0xb7feb7d8
jz 0xb7feb897
jz 0xb7ff695d
jz 0xb7ff695d
jnz 0xb7ff6949
jnb 0xb7feb800
jnz 0xb7feb7ef
jz 0xb7feb897
jz 0xb7feb8c9
jnz 0xb7fec166
jz 0xb7fe0d8d
jnz 0xb7fe0d7c
jz 0xb7fe0da9
jnz 0xb7fe0d7c
jz 0xb7fe0da9
jbe 0xb7fe0de3
jz 0xb7fe284b
jnz 0xb7fe0dd3
jz 0xb7fe146c
jnz 0xb7fe0dd3
jnz 0xb7fe25b1
jbe 0xb7fe1493
jz 0xb7fe14ae
jz 0xb7fe14ae
jz 0xb7fe2599
jnz 0xb7fe256f
jz 0xb7fe14f6
jnz 0xb7fe2545
jz 0xb7fee6ea
jnz 0xb7fee6b8
jz 0xb7fee569
jz 0xb7fee3ea
jnz 0xb7fee5d2
jz 0xb7fee390
jz 0xb7fee2c8
jz 0xb7fee5a8
jnz 0xb7fee671
jz 0xb7fee390
jnz 0xb7fee339
jnz 0xb7fee153
jz 0xb7fee0b2
jz 0xb7fee129
jnz 0xb7fedf12
jz 0xb7fedfe0
jz 0xb7fee018
jz 0xb7fedef6
jz 0xb7fedfe0
jz 0xb7fee018
jz 0xb7fedef6
jnz 0xb7fedeff
jnz 0xb7fee300
jz 0xb7fee3f8
jz 0xb7fee442
jz 0xb7fee442
jnz 0xb7fee428
jnz 0xb7fee454
jz 0xb7fee57b
jz 0xb7fee506
jbe 0xb7fee4f1
jnz 0xb7fee4b8
jz 0xb7fee506
jz 0xb7fee449
jnz 0xb7fee6c1
jz 0xb7fee442
jz 0xb7fee442
jnz 0xb7fee428
jnz 0xb7fee454
jnz 0xb7fee557
jnz 0xb7fee528
jnz 0xb7fee528
jnz 0xb7fee557
jnz 0xb7fee528
jnz 0xb7fee339
jnz 0xb7fee428
jnz 0xb7fee454
jbe 0xb7fee4f1
jnz 0xb7fee4b8
jz 0xb7fee506
jz 0xb7fe2c57
jnz 0xb7fe2c68
jz 0xb7fe15c7
jnz 0xb7fe0e3e
jnz 0xb7fe0e2f
jz 0xb7ff38bc
jz 0xb7ff38b8
jz 0xb7fded11
jnz 0xb7fded1b
jz 0xb7fded5e
jz 0xb7fded29
jnz 0xb7fded1b
jz 0xb7fded5e
jnz 0xb7fded1b
jz 0xb7fded5e
jz 0xb7fef64a
jnz 0xb7fef620
jz 0xb7fef5dd
jz 0xb7fef5f6
jnb 0xb7fef4c8
jbe 0xb7fef58b
jz 0xb7fef5a0
jz 0xb7fef5f6
jnb 0xb7fef4c8
jz 0xb7fef858
jnz 0xb7fef830
jnz 0xb7fef848
jnz 0xb7fef820
jnz 0xb7fef800
jz 0xb7fef328
jz 0xb7fef80e
jnz 0xb7fded92
jnz 0xb7fdedfa
jnz 0xb7fe0e3e
jz 0xb7fdff6e
jz 0xb7fdff52
jz 0xb7fdff68
jnz 0xb7fe18a5
jz 0xb7fe14e4
jnz 0xb7fe14e4
jnz 0xb7fe2691
jz 0xb7fe11d4
jz 0xb7fe1000
jnz 0xb7fe1216
jz 0xb7fe12c8
jnz 0xb7fe25c2
jz 0xb7fe1275
jz 0xb7fe1239
jz 0xb7fe1275
jz 0xb7fe1290
jz 0xb7fe1290
jnz 0xb7fe1216
jz 0xb7fe12c8
jnz 0xb7fe944d
jnz 0xb7fe98c0
jz 0xb7fe9900
jnz 0xb7feae3e
jnz 0xb7feaa59
jnz 0xb7fe98c8
jz 0xb7fe94a0
jnz 0xb7fe991d
jnz 0xb7fea7fc
jb 0xb7fe94a2
jz 0xb7fe9d44
jz 0xb7fe94e6
jb 0xb7fe94a2
jz 0xb7fe9d44
jz 0xb7fe94e6
jz 0xb7fe94fa
jz 0xb7fe9d12
jz 0xb7fe9930
jnz 0xb7fe9d4f
jnz 0xb7fe9d4f
jz 0xb7fe9930
jnb 0xb7fe958a
jnz 0xb7fea4a1
jz 0xb7fe9991
jz 0xb7fe9991
jnb 0xb7fe9991
jnz 0xb7fea65c
jnbe 0xb7fe9978
jz 0xb7fe9d69
jbe 0xb7fe9582
jnz 0xb7fea65c
jnbe 0xb7fe9978
jz 0xb7fe9d69
jbe 0xb7fe9582
jz 0xb7fea64a
jz 0xb7fe9b87
jz 0xb7fe9b1a
jz 0xb7fea6a6
jnz 0xb7fe9a89
jz 0xb7fe9d08
jz 0xb7fe9d08
jz 0xb7fe9acd
jz 0xb7fe7e16
jnz 0xb7fe7e00
jz 0xb7fe7e46
jnz 0xb7fe7e00
jz 0xb7fe7e46
jnz 0xb7fe84e7
jnz 0xb7fe822c
jz 0xb7fe817b
jz 0xb7fe7840
jz 0xb7fe7788
jz 0xb7fe7840
jnz 0xb7fe7840
jnz 0xb7fe7c08
jz 0xb7fe7840
jz 0xb7fe7b96
jnz 0xb7fe7c40
jz 0xb7fe7860
jnz 0xb7fe7840
jz 0xb7fe7840
jz 0xb7fe7840
jnbe 0xb7fe7749
jz 0xb7fe7840
jz 0xb7fe7788
jz 0xb7fe7840
jz 0xb7fe7806
jnz 0xb7fe7c70
jnz 0xb7fe7d3c
jnz 0xb7fe7c70
jnz 0xb7fe7679
jnz 0xb7fe7640
jnb 0xb7fe7640
jnz 0xb7fe7562
jnz 0xb7fe7640
jnb 0xb7fe7640
jz 0xb7fe75a4
jz 0xb7fe7608
jz 0xb7fe768d
jz 0xb7fe7648
jz 0xb7fe75ec
jz 0xb7fe7c70
jz 0xb7fe78a8
jz 0xb7fe78d0
jnz 0xb7fe7815
jle 0xb7fe7e78
jz 0xb7fe817b
jz 0xb7fe7f04
jz 0xb7fe8080
jz 0xb7fe8255
jz 0xb7fe86ac
jnz 0xb7fe82bf
jz 0xb7fe9b25
jz 0xb7fe9b39
jz 0xb7fea686
jbe 0xb7fe9b98
jnbe 0xb7fe99c8
jz 0xb7fea64a
jz 0xb7fe9b87
jz 0xb7fe9b1a
jz 0xb7fea6a6
jnz 0xb7fe9a89
jz 0xb7fe9d08
jz 0xb7fe9d08
jz 0xb7fe9acd
jz 0xb7fe9b25
jz 0xb7fe9b39
jz 0xb7fea686
jz 0xb7fe9b87
jbe 0xb7feabbd
jnbe 0xb7fe99c8
jz 0xb7fe9b87
jnbe 0xb7fe99c8
jnz 0xb7fe7d45
jnbe 0xb7fe7749
jz 0xb7fe7860
jnz 0xb7fe7840
jz 0xb7fe7840
jz 0xb7fe7840
jnz 0xb7fe7640
jz 0xb7fe7608
jz 0xb7fe768d
jz 0xb7fe7648
jnz 0xb7fe7640
jnz 0xb7fe7640
jnbe 0xb7fe99c8
jz 0xb7fe787e
jnz 0xb7fe7815
jz 0xb7fe75ec
jnle 0xb7fe75ec
js 0xb7fe7640
jnz 0xb7fea6dc
jz 0xb7fea713
jz 0xb7fea713
jnz 0xb7fe9a59
jnz 0xb7fe7f58
jz 0xb7fe7edd
jz 0xb7fe817b
jz 0xb7fe7f04
jz 0xb7fe8080
jz 0xb7fe818f
jz 0xb7fe8196
jz 0xb7fe81a6
jz 0xb7fe9b39
jz 0xb7fea686
jbe 0xb7fe9b98
jnz 0xb7fe9d33
jb 0xb7fe95a5
jz 0xb7fea41c
jz 0xb7fe9930
jnb 0xb7fe958a
jnz 0xb7fea4a1
jnz 0xb7fea48c
jnbe 0xb7fe9550
jnz 0xb7fe9d33
jnz 0xb7fea4a1
jnz 0xb7fea48c
jnbe 0xb7fe9550
jnz 0xb7fea7e8
jnz 0xb7fea4e9
jz 0xb7fea84f
jnz 0xb7fea862
jnz 0xb63b602a
jnz 0xb6351898
jnz 0xb6351898
jz 0xb63519e0
jz 0xb6351900
jz 0xb63518d0
jz 0xb63519a0
jnz 0xb63518a0
jnz 0xb63518a0
jz 0xb6351952
jbe 0xb63518b7
jz 0xb63518d0
jz 0xb63519a0
jz 0xb63b6042
jnbe 0xb7fe9550
jnz 0xb7fe9d33
jb 0xb7fe95a5
jnz 0xb63b757a
jz 0xb63b75a4
jz 0xb63b75a4
jnz 0xb63bbfba
jz 0xb63bbfda
jz 0xb63bbfe2
jnz 0xb63d066a
jz 0xb63d0682
jb 0xb7fe95a5
jz 0xb7fea41c
jz 0xb7fe95f6
jz 0xb7fe960a
jz 0xb7fea162
jz 0xb7fe9673
jnz 0xb7fea128
jz 0xb7fea128
jz 0xb7fea18b
jnb 0xb7fe9673
jnbe 0xb7fea138
jz 0xb7fea18b
jbe 0xb7fe9877
jz 0xb7fea018
jnz 0xb7fea45e
jnz 0xb7feac1f
jnz 0xb7feacf7
jz 0xb7fe9673
jnz 0xb7fea128
jz 0xb7fea128
jz 0xb7fe98c0
jz 0xb7fe9362
jnb 0xb7ff5dfd
js 0xb7fe936e
jz 0xb7fe1290
jz 0xb7fe1290
jb 0xb7fefff5
jnz 0xb7feffa0
jnz 0xb7ff003c
jnz 0xb7fe1216
jz 0xb7fe12c8
jz 0xb7fe94fa
jz 0xb7fe9d12
jz 0xb7fe9930
jz 0xb7fe9d69
jbe 0xb7fe9582
jz 0xb7fea64a
jz 0xb7fe9b87
jz 0xb7fe9b1a
jz 0xb7fea6a6
jnz 0xb7fe9a89
jz 0xb7fe9d08
jz 0xb7fe9d08
jz 0xb7fe9acd
jnz 0xb7fe12e2
jz 0xb7fe12e2
jz 0xb7fefa0e
jnb 0xb7fef9ba
jb 0xb7fefa08
jz 0xb7fef955
jnbe 0xb7fef8d0
jnbe 0xb7fef960
jnz 0xb7fefa1a
jb 0xb7fefa44
jb 0xb7fefa6e
jbe 0xb7fef9b4
jnbe 0xb7fefa08
jz 0xb7fef955
jnz 0xb7fe1356
jnz 0xb7fe263d
jnz 0xb7fe13d1
jz 0xb7fe13d1
jz 0xb7fe9acd
jnz 0xb7fe25d6
jnbe 0xb7fe74a9
jnb 0xb7ff5dbb
jnz 0xb7fe31e9
jnz 0xb7fed01e
jz 0xb7fecf5e
jnz 0xb7fecfa8
jz 0xb7fecf99
jnz 0xb7feceb2
jz 0xb7feced6
jz 0xb7fecec8
jz 0xb7feceb2
jnz 0xb7fecf70
jnz 0xb7fecee3
jz 0xb7fece4d
jz 0xb63513a0
jnz 0xb63513a0
jz 0xb6351364
jz 0xb6426b81
jz 0xb6426b81
jz 0xb63b6253
jnz 0xb63b61da
jz 0xb63b6366
jz 0xb63b6366
jz 0xb63b6253
jnz 0xb63b61f3
jnb 0xb63b633c
jnz 0xb63b633c
jnb 0xb63b621a
jnz 0xb63b6230
jnb 0xb63b6339
jnz 0xb63b6339
jnz 0xb63b6246
jnz 0xb63b6250
jnb 0xb63b633c
jnz 0xb63b633c
jnb 0xb63b621a
jnz 0xb63b6230
jnb 0xb63b6339
jnz 0xb63b6339
jnb 0xb63b621d
jnz 0xb63b6233
jnb 0xb63b6336
jnz 0xb63b6336
jnb 0xb63b6220
jnz 0xb63b6236
jnb 0xb63b6333
jnz 0xb63b6333
jnb 0xb63b6223
jz 0xb63b6250
jnb 0xb63b633c
jnz 0xb63b633c
jnb 0xb63b621a
jnz 0xb63b6246
jnz 0xb63b6342
jz 0xb63b6366
jnz 0xb63b634d
jz 0xb63b6366
jnz 0xb63b634d
jz 0xb63b6366
jz 0xb63b6366
jnz 0xb63b635b
jz 0xb63b6366
jz 0xb63b6366
jnz 0xb63b6366
jz 0xb6426b98
jz 0xb7feceb2
jz 0xb7feceb2
jnz 0xb635130e
jnz 0xb7fece90
jz 0xb6351092
jz 0xb635109f
jz 0xb6351209
jnle 0xb63cfe30
jnbe 0xb63cfe30
jnle 0xb63cfdf9
jbe 0xb63cfe48
jbe 0xb63cfe48
jz 0xb63cfe32
jz 0xb63cfe32
jle 0xb635119f
jnbe 0xb635128f
jle 0xb63511c9
jle 0xb635108a
jnz 0xb6351055
jnz 0xb7fece17
jnz 0xb7fec2ea
jnz 0xb7fec358
jz 0xb7fec256
jnz 0xb7fec343
jnz 0xb7fec314
jz 0xb7fec2cd
jz 0xb7fec2ba
jz 0xb7fec361
jnz 0xb7fec2e2
jz 0xb63514db
jz 0xb6351438
jz 0xb6351438
jz 0xb636b054
jnz 0xb636b22a
jz 0xb636b12a
jnz 0xb636b22a
jz 0xb636b12a
jz 0xb636b0b2
jz 0xb636b12c
jz 0xb636b133
jz 0xb636b0fb
jnz 0xb636b23a
jnz 0xb636b23a
jz 0xb636b1db
jnz 0xb6351584
jz 0xb635146a
jz 0x80482f3
jz 0x8048411
jz 0x8048411
jz 0x8048504
jz 0x80484b9
jnz 0xb6351540
jnz 0xb635151c
jnz 0xb63514e2
jnz 0xb63a1837
jz 0xb63a1833
jz 0xb63a181e
jnz 0xb63a18d0
jnb 0xb63a188c
jnz 0xb63a1876
jnz 0xb63ab20a
jz 0xb63ab298
jnz 0xb63ab2b0
jz 0xb63ab268
jnz 0xb63ab284
jb 0xb63ab2e0
jnz 0xb63ab2c8
jz 0xb63ab2f0
jz 0xb63ab24f
jnz 0xb63aa2e0
jb 0xb63aa270
jz 0xb63aa288
jz 0xb63aa29d
jz 0xb63ab3d0
jz 0xb63ab3dc
jle 0xb63ab3f2
js 0xb639d1d6
jnbe 0xb64155cd
js 0xb639d1d6
jz 0xb639d258
jle 0xb639d1d6
jnbe 0xb639d288
jle 0xb639d1d6
jnz 0xb6423118
jnbe 0xb6423124
jz 0xb639d2c0
jz 0xb63ab346
jz 0xb63ab380
jnz 0xb63ab370
jnz 0xb63ab370
jnz 0xb63ab3c1
jz 0xb63aa1f0
jnz 0xb63aa1ab
jz 0xb63aa1a5
jz 0xb63aa190
jnz 0xb63aa815
jz 0xb63aa2c0
jnz 0xb63aa815
jz 0xb63aa2c0
jnz 0xb63aa1f0
jnz 0xb63aa1f0
jz 0xb63aa1e6
jnz 0xb63aa821
jnz 0xb63aa821
jnbe 0xb63aaf78
jnz 0xb63aaf70
jnb 0xb63aaf55
jnz 0xb63aa596
jnz 0xb641646c
jnb 0xb641649d
jle 0xb63aa278
jz 0xb63aa251
jz 0xb63ab460
jnz 0xb63a1876
jnz 0xb63a1876
jz 0xb63a1871
jnz 0xb63a18dc
jnz 0x8048437
jnz 0xb637ab0b
jz 0xb637ac9e
jnz 0xb637acb0
jnz 0xb637aed8
jz 0xb637aeff
jnz 0xb637ab47
jz 0xb637acc5
jnz 0xb637acd8
jnz 0xb637aceb
jnz 0xb637acb9
jz 0xb637ab53
jz 0xb63b88e3
jz 0xb63b89dd
jz 0xb63b89dd
jnb 0xb63b89bf
jnz 0xb63b89bf
jnb 0xb63b89bf
jz 0xb63b89dd
jz 0xb63b89dd
jz 0xb63b89dd
jnz 0xb637abd4
jnz 0xb637ae80
jz 0xb637abd0
jz 0xb637abc1
jnz 0xb63802bc
jnz 0xb63802bc
jz 0xb63a96f9
jz 0xb63a9710
jnbe 0xb63a96a0
jz 0xb637ad10
js 0xb637ac11
jz 0xb637ac1b
jnz 0xb637bb52
jnz 0xb637bb52
jnz 0xb637bb52
jbe 0xb637aeb8
jz 0xb637f915
jz 0xb637dbc9
jl 0xb637df1f
jz 0xb637f981
jnz 0xb637f9bb
jl 0xb637e5af
jnz 0xb637e5b9
jnz 0xb637e5b9
jz 0xb637a490
jz 0xb637a460
jz 0xb637a478
jnz 0xb637a498
jnz 0xb637a498
jnz 0xb637fdf9
jnz 0xb637dc50
jz 0xb637dc50
jz 0xb637e5fa
jnz 0xb637dc50
jz 0xb637dc50
jnle 0xb637dc82
jz 0xb637dc82
jz 0xb637dc82
jnz 0xb637de21
jz 0xb637dd00
jz 0xb637dd00
jz 0xb637f4b3
jz 0xb637f472
jnb 0xb637f59b
jle 0xb637f888
jz 0xb637f472
jnb 0xb637f59b
jz 0xb637f58c
jz 0xb637f53c
jnb 0xb637f514
jnz 0xb637dd5b
jz 0xb637dd62
jnb 0xb637ffdf
jnz 0xb637dd5b
jz 0xb637dd81
jz 0xb637dd81
jz 0xb637f5e9
jle 0xb637ddd0
js 0xb637f862
jnz 0xb63aa4d0
jz 0xb63aa3d8
jz 0xb63aa4f8
jz 0xb63aa4f8
jnz 0xb63aa538
jz 0xb63aa4c0
jnz 0xb63aa538
jz 0xb63aa4c0
jnle 0xb63aa384
jz 0xb63aa384
jz 0xb63aa4a0
jz 0xb63aa458
jnz 0xb63aa430
jz 0xb63aa109
jz 0xb63a9778
jbe 0xb63a9673
jnz 0xb63a9788
jz 0xb63a96f5
jz 0xb63ab536
jnb 0xb63ab4e5
jnbe 0xb63ab510
jz 0xb63ab530
jz 0xb63aa4a0
jz 0xb63aa458
jnz 0xb63aa430
jnz 0xb63aa3b8
jnz 0xb63aa430
jz 0xb63ab530
jnb 0xb63ab4e5
jnbe 0xb63ab510
jz 0xb63ab4e3
jz 0xb637f840
jbe 0xb637b254
jnz 0xb637b34b
jz 0xb63b88e3
jz 0xb63b89dd
jz 0xb63b89dd
js 0xb637b321
jnbe 0xb63a96aa
jnb 0xb63a96b0
jz 0xb63a9745
jz 0xb63a96e7
jnbe 0xb63a9758
jnz 0xb63a96c8
jnz 0xb63a9626
jz 0xb63a8ad0
jz 0xb63a8a67
jle 0xb63a8bb5
jnz 0xb63a8bde
jnz 0xb64164ec
jnb 0xb641651d
jns 0xb63a8b80
js 0xb63a8bd0
jle 0xb63a8bd8
jnz 0xb63a8bde
js 0xb63a8bd0
jnz 0xb63a8b18
jle 0xb63a8b48
jz 0xb63a8a92
jle 0xb63a8b48
jnz 0xb63a8ab2
jz 0xb637b2f0
jnbe 0xb637b46d
jnz 0xb637b458
jz 0xb637ac2f
jnz 0xb63b22ee
jz 0xb63b2300
jnz 0xb63b22b8
jnz 0xb637ac66
jz 0xb637ae60
jz 0xb637ac90
jz 0xb637ae72
jnz 0xb63802c8
jnz 0xb63802c8
jz 0xb637ac90
jz 0xb636af79
jz 0xb636af70
jz 0xb636af58
jz 0xb636af38
jnz 0xb636aef3
js 0xb7fed4a1
jz 0xb7fed2f8
jnz 0xb7fed2f8
jbe 0xb7fed36e
jnz 0xb7fed510
jz 0xb7fed3b1
jnz 0xb7fed380
jbe 0xb7fed5a1
jnz 0xb7fed387
jnz 0xb7fed555
jz 0xb7fed196
jnz 0xb7fed0c8
jz 0xb7fed0c8
jnb 0xb7fed0c8
jnz 0xb7fed15f
jnz 0xb7fed241
jb 0xb7fed148
jnz 0xb7fed0d9
jnz 0xb7fed15f
jnz 0xb7fed158
jnz 0xb7fed241
jb 0xb7fed148
jz 0xb7fed1a0
jnz 0xb7fed158
jnz 0xb7fed241
jb 0xb7fed148
jnz 0xb7fed0d9
jnz 0xb7fed0c8
jz 0xb7fed0c8
jnb 0xb7fed0c8
jz 0xb7ff695d
jnz 0xb7ff6949
jz 0xb7fed193
jz 0xb7fed304
jz 0xb7fed480
jz 0xb7fed4c8
jz 0xb7fed465
jz 0xb7fed425
jnz 0xb7fed4ec
jz 0xb7fed457
jz 0xb7fed457
jz 0xb7fed465
jnz 0x80483df
jnb 0x80483d8
jnz 0xb7fed480
jnz 0xb7fed5cb
jnz 0xb7fed3f0
jz 0xb7fed480
jz 0xb7fed4c8
jnz 0xb7fed4dc
jnz 0xb7fed3f0
jns 0xb7fed318
jnz 0xb7fed540
jnz 0xb7fed480
jnz 0xb7fed5cb
jnz 0xb7fed3f0
jns 0xb7fed318
jnz 0xb7fed540
jz 0xb7fed540
jnz 0xb7fed610
jz 0xb636af70
jz 0xb636af58
jz 0xb636af38
jnz 0xb636afa1
jz 0xb636af99
jnb 0xb636af99
jz 0xb63abb81
jnz 0xb63abd38
jz 0xb63abb7a
jz 0xb63abcab
jz 0xb63abc06
jnz 0xb63abc06
jz 0xb63abc02
jle 0xb63abcf8
jnz 0xb63abc51
jle 0xb63abc51
jbe 0xb63abc11
jnz 0xb63abc51
jle 0xb63abc51
jbe 0xb63abc51
jz 0xb63abc88
jnz 0xb63abc88
jnz 0xb63abc88
jnz 0xb63abbb0
jnz 0xb63abbc0
jz 0xb63abcc2
jz 0xb63abceb
jz 0xb63abe42
jnz 0xb63abe30
jz 0xb63abe30
jnz 0xb63abda8
jnz 0xb63abe30
jz 0xb63abe30
jz 0xb63abe30
jz 0xb63abdfb
jz 0xb63abec8
jz 0xb63abde7
jnz 0xb63abe50
jnz 0xb63abe0a
jz 0xb63abe68
jbe 0xb63a9265
jle 0xb63a92c0
jnz 0xb63a9288
jz 0xb63ab6f0
jz 0xb63ab66c
jnz 0xb63ab6d0
jz 0xb63a9360
jnz 0xb63abe90
jnz 0xb63abda8
jz 0xb63abe30
jnz 0xb63abe30
jz 0xb63abeb6
jnz 0xb63ac65e
jb 0xb636af90
