jnz 0xb77adbec
jnbe 0xb77adbc8
jnz 0xb77adbec
jz 0xb77adc8c
jnbe 0xb77ade08
jz 0xb77adc01
jnbe 0xb77adbc8
jbe 0xb77ade20
jnbe 0xb77adf68
jnbe 0xb77adbe3
jnz 0xb77adbec
jz 0xb77adc8c
jz 0xb77adc1c
jz 0xb77adc8c
jz 0xb77adc1c
jz 0xb77adc2c
jz 0xb77adc3c
jz 0xb77adc4c
jz 0xb77adc5c
jz 0xb77adc6c
jz 0xb77adc7c
jz 0xb77adc8c
jz 0xb77adca0
jnz 0xb77ae100
jz 0xb77adcba
jnz 0xb77ae0d6
jz 0xb77adcd1
jnz 0xb77ae1a8
jz 0xb77adce8
jnz 0xb77ae17e
jnz 0xb77ae154
jnz 0xb77ae154
jnz 0xb77ae12a
jnz 0xb77ade48
jz 0xb77ae02f
jz 0xb77ae04d
jz 0xb77adeb9
jnb 0xb77adef7
jnz 0xb77ae05d
jb 0xb77adee0
jz 0xb77ae0ac
jbe 0xb77add1d
jnz 0xb77ae05d
jb 0xb77adee0
jz 0xb77ae0ac
jbe 0xb77add1d
jz 0xb77ae087
jnbe 0xb77adf95
jnbe 0xb77adf20
jz 0xb77ae087
jnbe 0xb77adf95
jnz 0xb77add70
jb 0xb77add5f
jnbe 0xb77add5b
jnz 0xb77add41
jb 0xb77add5f
jnbe 0xb77add5b
jbe 0xb77add5f
jnz 0xb77add41
jz 0xb77b37a3
jnz 0xb77b37c8
jz 0xb77be219
jnz 0xb77be210
jz 0xb77be53b
jnz 0xb77be210
jz 0xb77be53b
jnbe 0xb77be2c8
jnz 0xb77be2a8
jnbe 0xb77be2c8
jnz 0xb77be2a8
jnz 0xb77be2a8
jnz 0xb77be2a8
jnz 0xb77be2a8
jnz 0xb77be2a8
jz 0xb77be348
jnz 0xb77be530
jnz 0xb77be2a8
jz 0xb77be348
jnz 0xb77be530
jnz 0xb77be2a8
jnz 0xb77be2a8
jnz 0xb77be2a8
jnz 0xb77be2a8
jnz 0xb77be2a8
jz 0xb77be348
jnz 0xb77be530
jnbe 0xb77bf270
jz 0xb77be371
jnz 0xb77be518
jz 0xb77c1601
jp 0xb77c15f6
jz 0xb77c1686
jz 0xb77c1686
jnb 0xb77c1669
jnz 0xb77c1669
jz 0xb77c1686
jz 0xb77c1686
jz 0xb77c1686
jz 0xb77bf2f0
jnz 0xb77bf2f0
jz 0xb77bf2de
jz 0xb77be544
jnz 0xb77be55e
jz 0xb77be989
jz 0xb77be98d
jnz 0xb77be978
jz 0xb77be98d
jnz 0xb77be978
jnz 0xb77be97d
jnz 0xb77be97d
jnz 0xb77be978
jz 0xb77aa800
jz 0xb77aa7b4
jnz 0xb77aa7dc
jnz 0xb77ad998
jz 0xb77aa8c0
jz 0xb77aa8c0
jnz 0xb77aab05
jle 0xb77aa97f
jz 0xb77b3ae0
jnbe 0xb77bebba
jz 0xb77beb08
jnb 0xb77bea83
jb 0xb77beaea
jnb 0xb77bea83
jb 0xb77beaea
jz 0xb77beb27
jz 0xb77b3ad3
jnz 0xb77c1d76
jbe 0xb77c1d76
jz 0xb77c1d5d
jnb 0xb77c1d7b
jnb 0xb77c1d81
jz 0xb77b3b38
jz 0xb77b39c6
jnz 0xb77b39b8
jz 0xb77b39c6
jnz 0xb77b39b8
jz 0xb77b39fe
jnz 0xb77b39b8
jz 0xb77b39fe
jnz 0xb77b3a0a
jnz 0xb77b3a0a
jz 0xb77b3a1c
jz 0xb77b3ad3
jz 0xb77ad2fc
jnz 0xb77b3852
jnz 0xb77ad2d2
jnb 0xb77ad29b
jz 0xb77ab472
jbe 0xb77aabe7
jz 0xb77ab47f
jz 0xb77ab4bb
jz 0xb77ab48d
jz 0xb77ab4c8
jz 0xb77ad0f6
jnb 0xb77aac98
jz 0xb77ab472
jbe 0xb77aabe7
jnb 0xb77ab4fb
jbe 0xb77ab512
jz 0xb77aac02
jbe 0xb77aac02
jbe 0xb77ab512
jz 0xb77aac02
jbe 0xb77aac02
jz 0xb77aacbc
jnz 0xb77aaccd
jnz 0xb77aacde
jnz 0xb77aaccd
jnz 0xb77aacde
jz 0xb77ad27a
jnz 0xb77aacde
jz 0xb77ad27a
jz 0xb77aad54
jz 0xb77ad27a
jz 0xb77aad54
jnz 0xb77c1527
jnz 0xb77c1518
jz 0xb77aad54
jnz 0xb77ad22c
jz 0xb77ad202
jnz 0xb77aaf1b
jz 0xb77aaf13
jnz 0xb77aada0
jbe 0xb77aad90
jnbe 0xb77ab533
jnz 0xb77aada0
jz 0xb77aadc8
jbe 0xb77aad90
jnbe 0xb77ab533
jz 0xb77aae4c
jz 0xb77aadde
jz 0xb77aadeb
jz 0xb77aae62
jnz 0xb77ab68e
jz 0xb77aae79
jz 0xb77aae79
jnz 0xb77abe14
jz 0xb77aae90
jz 0xb77aae90
jnz 0xb77abdea
jz 0xb77aaec7
jz 0xb77aaeff
jnz 0xb77ab663
jz 0xb77aaeff
jz 0xb77aaf13
jz 0xb77b37a2
jz 0xb77ad18c
jz 0xb77ad16f
jz 0xb77b39fe
jnz 0xb77b3a0a
jz 0xb77b3a2b
jz 0xb77b3bd9
jz 0xb77b3ad3
jz 0xb77ad16f
jnz 0xb77aafc4
jnz 0xb77aafa0
jnz 0xb77aafc4
jz 0xb77ab2db
jz 0xb77ab435
jz 0xb77ad145
jz 0xb77aafec
jnz 0xb77ab440
jb 0xb77ab451
jz 0xb77aafb6
jb 0xb77aafb6
jz 0xb77aafec
jnz 0xb77aafa0
jnz 0xb77aafc4
jz 0xb77ab2db
jnz 0xb77ab035
jbe 0xb77ab028
jnbe 0xb77ab577
jnz 0xb77ab035
jz 0xb77ab05d
jbe 0xb77ab028
jnbe 0xb77ab577
jnz 0xb77ab035
jz 0xb77ab231
jz 0xb77ad0c5
jz 0xb77ab231
jz 0xb77ad0c5
jz 0xb77ab0c3
jz 0xb77ab0f5
jz 0xb77ab127
jz 0xb77ab159
jz 0xb77ab18b
jz 0xb77ab1bd
jz 0xb77ab1f5
jz 0xb77ab1bd
jz 0xb77ab1f5
jz 0xb77ab231
jz 0xb77ab1f5
jz 0xb77ab231
jz 0xb77ad09b
jz 0xb77ab244
jnz 0xb77ad08b
jz 0xb77ab258
jz 0xb77ab258
jnz 0xb77abe14
jz 0xb77ab26c
jz 0xb77ab26c
jnz 0xb77abdea
jz 0xb77ab29a
jz 0xb77ab29a
jz 0xb77ab287
jz 0xb77ab28f
jz 0xb77ab2ca
jnz 0xb77abdbf
jz 0xb77ab2ca
jz 0xb77ab2db
jz 0xb77ab375
jnb 0xb77c1669
jnz 0xb77c1669
jnb 0xb77c1669
jnz 0xb77c1669
jnb 0xb77c1669
jnz 0xb77c1669
jnb 0xb77c1669
jz 0xb77c1601
jz 0xb77c1686
jz 0xb77ad0cc
jz 0xb77ab375
jnz 0xb77b3850
jnz 0xb77abd95
jnz 0xb77abe80
jz 0xb77abe3e
jz 0xb77be870
jz 0xb77be870
jnz 0xb77be7e8
jnbe 0xb77be84a
jz 0xb77be870
jnz 0xb77be7e8
jnbe 0xb77be84a
jnz 0xb77c18f4
jnz 0xb77c18ed
jl 0xb77c18e9
jnl 0xb77c1b10
jnz 0xb77c1b87
jnz 0xb77c1b87
jnz 0xb77c1b87
jnz 0xb77c1b87
jnz 0xb77c1b87
jnz 0xb77be828
js 0xb77abe5c
jnz 0xb77abbec
jnle 0xb77ab6c1
jz 0xb77b6eab
jz 0xb77b6ea1
jnz 0xb77b6e68
jnz 0xb77b6e68
jz 0xb77b6f90
jz 0xb77b6f90
jz 0xb77b6ea1
jnz 0xb77b6e68
jz 0xb77b6f90
jnz 0xb77b6ef0
jbe 0xb77b6ef0
jz 0xb77b6f90
jnz 0xb77b6ef0
jbe 0xb77b6ef0
jnz 0xb77b6f28
jnz 0xb77b6f28
jnb 0xb77b6ef0
jnz 0xb77b6f28
jnz 0xb77b6f28
jnz 0xb77c1b87
jnz 0xb77b6f2b
jbe 0xb77b6f2b
jnb 0xb77c0fab
jnz 0xb77b6fe4
jz 0xb77b73f0
jnb 0xb77b73f0
jz 0xb77c1686
jz 0xb77c1601
jz 0xb77c1686
jnb 0xb77c1669
jnz 0xb77c1669
jnb 0xb77c1669
jz 0xb77b74dc
jb 0xb77b7038
jz 0xb77b712c
jb 0xb77b7038
jz 0xb77b712c
jz 0xb77b70b8
jz 0xb77b7113
jnz 0xb77b70a8
jz 0xb77b747e
jnz 0xb77b74e5
jz 0xb77b70b8
jz 0xb77b7113
jnz 0xb77b70a8
jz 0xb77b747e
jnz 0xb77b74e5
jz 0xb77b7400
jbe 0xb77b71de
jnz 0xb77b71a0
jnz 0xb77b71a0
jz 0xb77b71d6
jnbe 0xb77b74c5
jnz 0xb77b74c5
jz 0xb77b74c5
jz 0xb77b7489
jz 0xb77b72b8
jz 0xb77b7270
jnb 0xb77c1c76
jnb 0xb77c1c7c
jnb 0xb77c1c7c
jnz 0xb77b7278
jnz 0xb77b7248
jz 0xb77b7306
jnz 0xb77b72f8
jz 0xb77b72b8
jz 0xb77b72b5
jz 0xb77b7270
jnz 0xb77b72f8
jz 0xb77b7354
jz 0xb77b734d
jnz 0xb77b7338
jnz 0xb77b7330
jnz 0xb77b7310
jz 0xb77b734d
jnz 0xb77b7338
jnz 0xb77b7330
jnz 0xb77b7330
jnz 0xb77b7310
jz 0xb77b73ba
jz 0xb77b7354
jz 0xb77b734d
jnz 0xb77b7338
jnz 0xb77b7310
jz 0xb77b73ba
jnz 0xb77b7380
jnz 0xb77b7397
jnz 0xb77b73c8
jz 0xb77b73b2
jnz 0xb77b7380
jnz 0xb77b7397
jnz 0xb77b73c8
jnz 0xb77b73c8
jz 0xb77b115e
jz 0xb77beb27
jnz 0xb77c1053
jnbe 0xb77c105f
jz 0xb77beb38
jz 0xb77b1239
jz 0xb77b0ef7
jnz 0xb77b0ee8
jnz 0xb77b0ee8
jz 0xb77b0f48
jnz 0xb77b120f
jz 0xb77b0ef7
jnz 0xb77b0ee8
jz 0xb77b0f48
jz 0xb77b0fb7
jz 0xb77b1134
jz 0xb77b10c2
jz 0xb77b1104
jz 0xb77b10b0
jz 0xb77b10b0
jz 0xb77b8a38
jz 0xb77b8a44
jz 0xb77b8a35
jnz 0xb77b8a12
jnz 0xb77b8a1c
jnz 0xb77ab6fe
jnz 0xb77ab74c
jnz 0xb77ab778
jz 0xb77ab790
jnz 0xb77ab778
jz 0xb77ab7b7
jnz 0xb77ab95a
jz 0xb77ab7e2
jz 0xb77ab7f5
jz 0xb77ab7f5
jnz 0xb77abd48
jnz 0xb77abd1e
jnz 0xb77abc68
jz 0xb77abbf9
jnz 0xb77abeaa
jz 0xb77b695f
jnz 0xb77b5e9a
jz 0xb77b612a
jz 0xb77b612a
jz 0xb77b605d
jz 0xb77b6079
jnz 0xb77b5f46
jz 0xb77b5f46
jz 0xb77b5f46
jz 0xb77b605d
jz 0xb77b6079
jnz 0xb77b662e
jz 0xb77c13b1
jp 0xb77c139d
jz 0xb77c14dd
jz 0xb77c150a
jz 0xb77c14dd
jz 0xb77c150a
jnz 0xb77c13b1
jz 0xb77c14dd
jz 0xb77c150a
jnb 0xb77c14e2
jnz 0xb77c14e2
jnb 0xb77c14c7
jnz 0xb77c14c7
jnb 0xb77c14e2
jnz 0xb77c14e2
jz 0xb77c14dd
jz 0xb77c150a
jz 0xb77c14dd
jz 0xb77c150a
jz 0xb77c14dd
jz 0xb77c150a
jnz 0xb77b6728
jnz 0xb77b8080
js 0xb77b1b6e
jnb 0xb77b1b44
jnz 0xb77b1314
jnz 0xb77b130d
jnz 0xb77b130d
jz 0xb77b9121
jnz 0xb77b910f
jnz 0xb77b9108
jz 0xb77b9130
jz 0xb77b1300
jz 0xb77b1979
jz 0xb77b1340
jnz 0xb77b130d
jz 0xb77b130d
jz 0xb77b1340
jnz 0xb77b130d
jnz 0xb77b130d
jnz 0xb77c1527
jnz 0xb77c1518
jnz 0xb77b130d
jnz 0xb77b144a
jnz 0xb77b1ace
jz 0xb77b14d3
jz 0xb77b1602
jnz 0xb77b1a14
jz 0xb77b1805
jz 0xb77b18c8
jz 0xb77b0dd8
jz 0xb77b0da0
jz 0xb77b18f0
jz 0xb77b1625
jz 0xb77b180f
jnz 0xb77b1527
jz 0xb77b150f
jz 0xb77b150f
jz 0xb77b150f
jz 0xb77b164b
jnz 0xb77b177c
jz 0xb77b165a
jz 0xb77b13dc
jz 0xb77b1586
jz 0xb77b165a
jnz 0xb77b1aa2
jnz 0xb77b1709
jnz 0xb77be155
jz 0xb77bddc3
jz 0xb77bdd08
jnb 0xb77c0e7d
js 0xb77b8fe0
jnbe 0xb77c0e08
js 0xb77b8fad
jnz 0xb77b8fe8
jnb 0xb77c0eb7
jz 0xb77bde6d
jbe 0xb77bde61
jnz 0xb77c1b87
jnz 0xb77c1b87
jnz 0xb77c1b9b
jnz 0xb77c1b9b
jnz 0xb77c1b9b
jnz 0xb77bde7c
jb 0xb77bde52
jz 0xb77bdbf0
jz 0xb77bdd20
jz 0xb77bdc46
jz 0xb77bdda2
jnz 0xb77bdc1f
jz 0xb77bdda2
jnz 0xb77bdc1f
js 0xb77bdd08
jbe 0xb77bdd08
jz 0xb77bdb68
jnbe 0xb77bdb48
jnbe 0xb77bdb95
jbe 0xb77bdb74
jnz 0xb77bdb80
jnz 0xb77bda86
jnbe 0xb77bdb48
jnbe 0xb77bdb95
jnbe 0xb77bdafc
jz 0xb77bdee0
jnl 0xb77bdcc0
jle 0xb77bdcc7
jbe 0xb77bdd08
jnle 0xb77bdd08
jbe 0xb77bdd08
jnbe 0xb77bdb33
jbe 0xb77bdb10
jz 0xb77bda78
jz 0xb77bda78
jz 0xb77bdb68
jnbe 0xb77bdb48
jnbe 0xb77bdb95
jle 0xb77bdf3c
jnbe 0xb77bdf25
jz 0xb77bdf08
jle 0xb77bdf7d
jbe 0xb77bdfac
jnz 0xb77bdfa3
jbe 0xb77bdfa3
jz 0xb77bdfe8
jnz 0xb77bdfa3
jz 0xb77be02e
jb 0xb77bdfa3
jnz 0xb77be137
jnz 0xb77bdfa3
jnz 0xb77bdfa3
jz 0xb77be048
jnz 0xb77bdfa3
jnz 0xb77bdfa3
jz 0xb77bdd10
jz 0xb77bdd08
jz 0xb77b1709
jz 0xb77b19c9
jnz 0xb77b1a36
jz 0xb77b1a00
jnz 0xb77aecbd
jz 0xb77aea5d
jnb 0xb77c0eed
jle 0xb77aebda
jbe 0xb77ae867
jle 0xb77aed48
jnz 0xb77c1b87
jnz 0xb77c1b87
jnz 0xb77aed20
jnz 0xb77aea6f
jnz 0xb77c1b87
jnz 0xb77c1b9b
jnz 0xb77c1b9b
jnz 0xb77c1b9b
jnz 0xb77aea80
jnz 0xb77aed7d
jnz 0xb77aea48
jnz 0xb77aed8a
jnz 0xb77aeda0
jnbe 0xb77aeb28
jnb 0xb77aea64
jnz 0xb77ae970
jbe 0xb77ae970
jbe 0xb77ae970
jnb 0xb77aea64
jnz 0xb77ae970
jbe 0xb77ae970
jbe 0xb77ae970
jnbe 0xb77aeab8
jnz 0xb77c1b87
jnz 0xb77c1b87
jnz 0xb77c1b87
jnz 0xb77c1b9b
jnz 0xb77c1b9b
jnz 0xb77c1b9b
jnz 0xb77ae9c0
jz 0xb77aecb1
jnz 0xb77aea48
jnbe 0xb77aeaa8
jnz 0xb77c1b87
jz 0xb77aea64
jbe 0xb77aea64
jz 0xb77b1709
jz 0xb77ae338
jnb 0xb77c1d81
jnz 0xb77b158f
jz 0xb77b13dc
jz 0xb77b1ba3
jz 0xb77b8a35
js 0xb77b019c
jz 0xb77af4a8
jnz 0xb77af438
jnz 0xb77af438
jnz 0xb77af438
jz 0xb77af4a8
jnz 0xb77af438
jnz 0xb77af438
jnz 0xb77b005f
jnz 0xb77afed6
jnz 0xb77b01b0
jz 0xb77af6a0
jnz 0xb77aff69
jnz 0xb77b3a08
jnz 0xb77b3b08
jz 0xb77b3ad3
jz 0xb77b3ad3
jz 0xb77b3b53
jz 0xb77b3bcf
jnz 0xb77b3b88
jnz 0xb77b3b88
jz 0xb77aff93
jnbe 0xb77afd29
jnb 0xb77afef6
jz 0xb77af7b8
jbe 0xb77af5d8
jz 0xb77af7e0
jnb 0xb77af808
jz 0xb77af7b8
jbe 0xb77af5d8
jz 0xb77af6d8
jnz 0xb77af600
jnb 0xb77af808
jnz 0xb77aff44
jnz 0xb77aff4e
jbe 0xb77af79c
jz 0xb77af7e0
jz 0xb77af7c8
jnz 0xb77af600
jz 0xb77af600
jnz 0xb77af7f0
jnz 0xb77aff9b
jnz 0xb77aff9b
jnz 0xb77ba69a
jz 0xb77afef6
jnz 0xb77b03ad
jz 0xb77afa10
jnz 0xb77afa20
jz 0xb77af8f8
jz 0xb77afdaa
jbe 0xb77af9ad
jbe 0xb77af9a1
jnb 0xb77afa5a
jbe 0xb77af8e0
jnz 0xb77af8e0
jz 0xb77af8f8
jz 0xb77afdaa
jbe 0xb77af9ad
jz 0xb77afdaa
jbe 0xb77af9ad
jbe 0xb77af9a1
jz 0xb77b03fe
jecxz 0xb77c1c4d
jz 0xb77c1c39
jp 0xb77c1c2e
jz 0xb77b01d4
jb 0xb77afe07
jnb 0xb77afa5a
jnz 0xb77af9ad
jz 0xb77afe89
jz 0xb77afe7e
jnz 0xb77afcc1
jbe 0xb77afcb0
jnbe 0xb77afce0
jz 0xb77afa8d
jbe 0xb77afcb0
jnbe 0xb77afce0
jbe 0xb77afcfb
jbe 0xb77afd95
jnbe 0xb77afcb4
jz 0xb77afa8d
jbe 0xb77afcb0
jnbe 0xb77afce0
jz 0xb77afaf1
jz 0xb77afa9b
jz 0xb77afaa5
jz 0xb77afaaf
jz 0xb77afab9
jz 0xb77afac3
jz 0xb77afacd
jz 0xb77afad7
jz 0xb77afae4
jz 0xb77afaf1
jz 0xb77afb04
jnz 0xb77b044d
jz 0xb77afb04
jz 0xb77afb18
jnz 0xb77b0480
jz 0xb77afb2c
jz 0xb77afb2c
jnz 0xb77b04aa
jz 0xb77afb57
jz 0xb77afb46
jz 0xb77afb4d
jz 0xb77afb57
jz 0xb77afb4d
jz 0xb77afb57
jz 0xb77afe73
jz 0xb77afb57
jz 0xb77afe73
jnz 0xb77b02e9
jz 0xb77afe73
jnz 0xb77b02e9
jz 0xb77afb8d
jz 0xb77afb9e
jnz 0xb77b027e
jz 0xb77aff06
jnz 0xb77b027e
jz 0xb77aff06
jnz 0xb77b0217
jz 0xb77afbe6
jnz 0xb77b0669
jz 0xb77afe58
jnz 0xb77b05f8
jnz 0xb77afc11
jnz 0xb77b05f8
jnz 0xb77afc46
jnz 0xb77b0599
jnz 0xb77b0579
jnz 0xb77b3850
jnz 0xb77b04d4
jnz 0xb77b61a0
jnz 0xb77b5f98
jz 0xb77b5fae
jz 0xb77b6080
jnz 0xb77b662e
jz 0xb77b6080
jnz 0xb77b662e
jnz 0xb77b5fae
jz 0xb77b60f7
jz 0xb77b611c
jz 0xb77b6c08
jnz 0xb77b6108
jz 0xb77b612a
jz 0xb77b605d
jz 0xb77b6079
jbe 0xb77b5f46
jz 0xb77b6c14
jnb 0xb77c14c7
jnz 0xb77c14c7
jnb 0xb77c14e2
jnz 0xb77c14e2
jnb 0xb77c14c7
jnz 0xb77c14c7
jz 0xb77b6973
jz 0xb77b611c
jz 0xb77b6c08
jnz 0xb77b6108
jnz 0xb77b5f54
jnz 0xb77b5f54
jz 0xb77b60f7
jnz 0xb77b6255
jz 0xb77b6255
jz 0xb77b6281
jz 0xb77b6bd9
jnz 0xb77b6b59
jnz 0xb77b62c9
jnz 0xb77b6b59
jnz 0xb77b62c9
jnz 0xb77b6afa
jnz 0xb77b6ad0
jz 0xb77b6aa5
jbe 0xb77b6355
jbe 0xb77b65b3
jnb 0xb77b6518
jnz 0xb77b6507
jb 0xb77b64f0
jz 0xb77b65b0
jnb 0xb77b6518
jnz 0xb77b6507
jz 0xb77b65b0
jz 0xb77b65e2
jnz 0xb77b6cb4
jz 0xb77ab8f1
jnz 0xb77ab8e0
jz 0xb77ab90d
jnz 0xb77ab8e0
jz 0xb77ab90d
jbe 0xb77ab94e
jz 0xb77aca9d
jnz 0xb77ab938
jz 0xb77abf0a
jnz 0xb77ab938
jnz 0xb77acfb3
jbe 0xb77abf34
jz 0xb77abf4f
jz 0xb77abf4f
jz 0xb77acd4e
jnz 0xb77acd24
jz 0xb77ac703
jnz 0xb77ac6d9
jz 0xb77b9a24
jnz 0xb77b99e8
jz 0xb77b98d1
jz 0xb77b9742
jnz 0xb77b98f8
jz 0xb77b979b
jz 0xb77b979b
jnz 0xb77b9780
jnz 0xb77b97ad
jnz 0xb77b99f1
jnz 0xb77b97ad
jz 0xb77b99af
jz 0xb77b986b
jz 0xb77b97a2
jnz 0xb77b98bf
jnz 0xb77b9890
jnz 0xb77b9890
jnz 0xb77b98bf
jnz 0xb77b9890
jnz 0xb77b95fb
jz 0xb77b95f0
jnz 0xb77b98e3
jz 0xb77b96b8
jnz 0xb77b9659
jnz 0xb77b9479
jz 0xb77b93c8
jz 0xb77b944f
jnz 0xb77b9222
jz 0xb77b92e8
jz 0xb77b9320
jz 0xb77b9206
jz 0xb77b92e8
jz 0xb77b9320
jz 0xb77b9206
jnz 0xb77b920f
jnz 0xb77b9620
jz 0xb77b9750
jnz 0xb77b9659
jz 0xb77b979b
jz 0xb77b979b
jnz 0xb77b9780
jnz 0xb77b9780
jnz 0xb77b97ad
jbe 0xb77b9853
jnz 0xb77b9818
jz 0xb77b9868
jbe 0xb77b9853
jnz 0xb77b9818
jz 0xb77b9868
jz 0xb77b97a2
jz 0xb77adb47
jnz 0xb77adb58
jnz 0xb77abfd3
jnz 0xb77a9d7b
jz 0xb77a9c70
jnz 0xb77a9c7a
jz 0xb77a9cbd
jz 0xb77a9c88
jnz 0xb77a9c7a
jz 0xb77a9cbd
jnz 0xb77a9c7a
jz 0xb77a9cbd
jz 0xb77ba95a
jnz 0xb77ba930
jz 0xb77ba8ed
jz 0xb77ba906
jnb 0xb77ba7d8
jbe 0xb77ba89f
jz 0xb77ba8b0
jz 0xb77ba906
jnb 0xb77ba7d8
jz 0xb77bab5d
jnz 0xb77bab40
jnz 0xb77bab50
jnz 0xb77bab30
jnz 0xb77bab10
jz 0xb77ba648
jz 0xb77bab1e
jnz 0xb77a9cf1
jnz 0xb77a9d4d
jnz 0xb77abfe2
jnz 0xb77a9dfc
jz 0xb77a9e3d
jnz 0xb77a9e2e
jnz 0xb77ac5df
jz 0xb77ac5d2
jnz 0xb77ac5d2
jnz 0xb77ac3c2
jz 0xb77ac2a9
jz 0xb77ac1b6
jnz 0xb77ac2f0
jz 0xb77ac201
jnz 0xb77ac3a3
jz 0xb77ac349
jz 0xb77ac310
jz 0xb77ac349
jz 0xb77ac35c
jnz 0xb77ac3b7
jnz 0xb77ac2f0
jnz 0xb77ac2f0
jz 0xb77ac201
jnz 0xb77b3f02
jnz 0xb77b4378
jz 0xb77b4380
jz 0xb77b3f1d
jz 0xb77b3f35
jnz 0xb77b581b
jnz 0xb77b5b46
jz 0xb77b3f71
jnz 0xb77b43b0
jb 0xb77b3f73
jz 0xb77b480d
jnz 0xb77b43dc
jnz 0xb77b5863
jb 0xb77b3f73
jz 0xb77b480d
jz 0xb77b4820
jb 0xb77b3f73
jz 0xb77b480d
jz 0xb77b4820
jz 0xb77b3fdb
jz 0xb77b47a4
jz 0xb77b43f0
jz 0xb77b5047
jnz 0xb77b47e2
jnz 0xb77b4a17
jz 0xb77b43f0
jnb 0xb77b4075
jnz 0xb77b50be
jz 0xb77b4447
jz 0xb77b4447
jnb 0xb77b4447
jnz 0xb77b525b
jnbe 0xb77b4430
jz 0xb77b482e
jbe 0xb77b406d
jnz 0xb77b525b
jnbe 0xb77b4430
jz 0xb77b482e
jbe 0xb77b406d
jz 0xb77b524f
jz 0xb77b4640
jz 0xb77b4768
jz 0xb77b5691
jnz 0xb77b4778
jbe 0xb77b4798
jz 0xb77b45f8
jz 0xb77b45f8
jz 0xb77b28e3
jnz 0xb77b28d0
jz 0xb77b2913
jnz 0xb77b28d0
jz 0xb77b2913
jnz 0xb77b3690
jnz 0xb77b2c30
jz 0xb77b2c61
jz 0xb77b2170
jz 0xb77b20b9
jz 0xb77b2170
jnz 0xb77b2170
jnz 0xb77b26d8
jz 0xb77b2170
jz 0xb77b265d
jnz 0xb77b2710
jz 0xb77b2190
jz 0xb77b27f0
jz 0xb77b213f
jz 0xb77b2856
jecxz 0xb77b2856
jecxz 0xb77b2856
jecxz 0xb77b2856
jecxz 0xb77b2856
jecxz 0xb77b2856
jz 0xb77b213f
jz 0xb77b1faa
jnz 0xb77b1f80
jnb 0xb77b1f80
jz 0xb77b1ea4
jz 0xb77b2698
jz 0xb77b27de
jz 0xb77b1ee6
jnz 0xb77b1f80
jz 0xb77b1f48
jz 0xb77b1fb9
jz 0xb77b2190
jnz 0xb77b2170
jz 0xb77b2170
jz 0xb77b2170
jnbe 0xb77b2079
jz 0xb77b2170
jz 0xb77b20b9
jz 0xb77b2170
jz 0xb77b2137
jnz 0xb77b2740
jnz 0xb77b27e7
jnz 0xb77b2740
jz 0xb77b1f48
jz 0xb77b1fb9
jz 0xb77b1f88
jz 0xb77b1f2d
jnz 0xb77b26c9
jz 0xb77b21e0
jz 0xb77b2210
jnz 0xb77b2146
jle 0xb77b2948
jz 0xb77b2c61
jz 0xb77b29c9
jz 0xb77b2a20
jz 0xb77b2d26
jz 0xb77b34cf
jnz 0xb77b315a
jz 0xb77b4788
jz 0xb77b5671
jbe 0xb77b4660
jnbe 0xb77b4480
jz 0xb77b524f
jz 0xb77b4640
jz 0xb77b4768
jz 0xb77b5671
jbe 0xb77b4660
jz 0xb77b4640
jbe 0xb77b5713
jz 0xb77b4640
jz 0xb77b5691
jnz 0xb77b4778
jbe 0xb77b4798
jz 0xb77b45f8
jz 0xb77b45f8
jnz 0xb77b2837
jnz 0xb77b2788
jnbe 0xb77b2079
jz 0xb77b2190
jnz 0xb77b2170
jz 0xb77b2170
jz 0xb77b1f88
jnz 0xb77b1f80
jnz 0xb77b1f80
jz 0xb77b21ae
jnz 0xb77b2146
jnz 0xb77b2170
jz 0xb77b2170
jz 0xb77b2170
jz 0xb77b1f2d
jnle 0xb77b1f2d
js 0xb77b1f80
jnz 0xb77b56d6
jbe 0xb77b56d6
jnz 0xb77b4513
jz 0xb77b4788
jz 0xb77b5671
jbe 0xb77b4660
jnz 0xb77b2b10
jz 0xb77b29a7
jz 0xb77b2c61
jz 0xb77b29c9
jz 0xb77b2a20
jz 0xb77b2c75
jz 0xb77b2c7c
jz 0xb77b2c8c
jz 0xb77b45e5
jbe 0xb77b4660
jz 0xb77b1f2d
jnz 0xb77b47f9
jb 0xb77b408d
jz 0xb77b503c
jz 0xb77b43f0
jnb 0xb77b4075
jnz 0xb77b50be
jnz 0xb77b50dd
jnbe 0xb77b4038
jnz 0xb77b47f9
jnz 0xb77b50be
jnz 0xb77b50dd
jnbe 0xb77b4038
jnz 0xb77b5947
jnz 0xb77b5105
jz 0xb77b59af
jnz 0xb77b59c2
jnz 0xb5a8381a
jnz 0xb5a1ecc8
jnz 0xb5a1ecc8
jz 0xb5a1ee28
jz 0xb5a1eea0
jz 0xb5a1eec0
jbe 0xb5a1ef00
jz 0xb5a1ece5
jz 0xb5a1ed00
jz 0xb5a1ede0
jz 0xb5a1edf1
jz 0xb5a1ee05
jz 0xb5a1ed00
jz 0xb5a1ed00
jz 0xb5a83832
jnbe 0xb77b4038
jnz 0xb77b47f9
jb 0xb77b408d
jnz 0xb5a84d9a
jz 0xb5a84dc4
jz 0xb5a84dc4
jnz 0xb5a8a00a
jz 0xb5a8a02a
jz 0xb5a8a032
jnz 0xb5a9e87a
jz 0xb5a9e892
jb 0xb77b408d
jz 0xb77b503c
jz 0xb77b40db
jz 0xb77b40f2
jz 0xb77b4d22
jz 0xb77b4169
jnz 0xb77b4cf0
jz 0xb77b4cf0
jz 0xb77b4d76
jnb 0xb77b4169
jnbe 0xb77b4d00
jz 0xb77b4d76
jbe 0xb77b4328
jz 0xb77b4bb0
jnz 0xb77b5070
jnz 0xb77b5ad1
jnz 0xb77b5500
jz 0xb77b4169
jnz 0xb77b4cf0
jz 0xb77b4cf0
jz 0xb77b4378
jz 0xb77b3e32
jnb 0xb77c10dd
js 0xb77b3e3e
jz 0xb77ac35c
jnz 0xb77ac3b7
jnz 0xb77ac2f0
jb 0xb77bb2f8
jnz 0xb77bb2b0
jnz 0xb77bb343
jz 0xb77b3fdb
jz 0xb77b47a4
jz 0xb77b43f0
jz 0xb77b482e
jbe 0xb77b406d
jz 0xb77b524f
jbe 0xb77b406d
jz 0xb77b5cdc
jz 0xb77b49c0
jz 0xb77b49e0
jz 0xb77b5a6d
jnz 0xb77b49ea
jz 0xb77b49f4
jz 0xb77b5c39
jnbe 0xb77b45ea
jnbe 0xb77b4850
jz 0xb77b5cdc
jz 0xb77b49c0
jz 0xb77b49e0
jz 0xb77b5a6d
jnz 0xb77b49ea
jbe 0xb77b5064
jz 0xb77b496c
jnbe 0xb77b45ea
jz 0xb77b49c0
jnbe 0xb77b5967
jb 0xb77b5959
jnbe 0xb77b4850
jz 0xb77b4169
jnz 0xb77b4cf0
jz 0xb77b4cf0
jbe 0xb77b4328
jz 0xb77b5010
jz 0xb77b4ee0
jnz 0xb77ac21b
jz 0xb77ac21b
jz 0xb77bad22
jnb 0xb77bacd1
jb 0xb77bad18
jz 0xb77bac61
jnbe 0xb77babe8
jnbe 0xb77bac6c
jnz 0xb77bad2e
jb 0xb77bad58
jb 0xb77bad82
jbe 0xb77baccb
jb 0xb77bad18
jz 0xb77bac61
jnz 0xb77ac3fb
jnz 0xb77ac5a8
jz 0xb77ac53c
jz 0xb77ac417
jz 0xb77b4640
jz 0xb77b4768
jz 0xb77b5691
jnz 0xb77b4778
jbe 0xb77b4798
jz 0xb77b45f8
jz 0xb77b45f8
jz 0xb77b45f8
jz 0xb77b45f8
jnz 0xb77ac4df
jnbe 0xb77be1c9
jnb 0xb77c109b
jnz 0xb77ae09f
jnz 0xb77b82fb
jnz 0xb77b8327
jz 0xb77b82f1
jnz 0xb77b820f
jz 0xb77b8237
jz 0xb77b8228
jz 0xb77b820f
jnz 0xb77b82c8
jnz 0xb77b8242
jz 0xb77b81c9
jz 0xb5a1e7d0
jnz 0xb5a1e7d0
jz 0xb5a1e794
jz 0xb5af6dd1
jz 0xb5af6dd1
jz 0xb5a83a43
jnz 0xb5a839ca
jz 0xb5a83b56
jz 0xb5a83b56
jz 0xb5a83a43
jnz 0xb5a839e3
jnb 0xb5a83b2c
jnz 0xb5a83b2c
jnb 0xb5a83a0a
jnz 0xb5a83a20
jnb 0xb5a83b29
jnz 0xb5a83b29
jnz 0xb5a83a36
jnz 0xb5a83a40
jnb 0xb5a83b2c
jnz 0xb5a83b2c
jnb 0xb5a83b2c
jnz 0xb5a83b2c
jnb 0xb5a83a0a
jnb 0xb5a83a0d
jnz 0xb5a83a23
jnb 0xb5a83b26
jnz 0xb5a83b26
jnb 0xb5a83a10
jnz 0xb5a83a26
jnb 0xb5a83b23
jnz 0xb5a83b23
jnb 0xb5a83a13
jnz 0xb5a83b32
jz 0xb5a83b56
jnz 0xb5a83b3d
jz 0xb5a83b56
jnz 0xb5a83b3d
jz 0xb5a83b56
jz 0xb5a83b56
jnz 0xb5a83b4b
jz 0xb5a83b56
jz 0xb5af6de8
jz 0xb77b820f
jz 0xb77b820f
jnz 0xb5a1e465
jnz 0xb77b81f0
jz 0xb5a1e4a2
jz 0xb5a1e4af
jz 0xb5a1e61a
jbe 0xb5a9e588
jz 0xb5a9e550
js 0xb5a9e2c8
jz 0xb5a9e2c8
jnz 0xb5a9e220
jnz 0xb5a9e29e
jz 0xb5a9e2f8
jnz 0xb5a9e258
jnz 0xb5a9e258
jnz 0xb5a371c3
jz 0xb5a9dfc8
jnl 0xb5a371b8
jb 0xb5a371c3
jz 0xb5a9e29e
jz 0xb5a9e3a0
jz 0xb5a9e2e8
jz 0xb5a9e2c8
jnz 0xb5a9e220
jnz 0xb5a9e29e
jz 0xb5a371f8
jnb 0xb5a371f6
jnz 0xb5a9e580
jz 0xb5a9e2c8
jnz 0xb5a9e358
jz 0xb5a9e358
jz 0xb5a9e372
jz 0xb5a9e3cf
jz 0xb5a9e435
jnz 0xb5a9e46c
jnz 0xb5a9e580
jnz 0xb5a9e368
jz 0xb5a9e368
jz 0xb5a9e372
jnz 0xb5a9e310
jnz 0xb5a9e310
jz 0xb5a9e3cf
jz 0xb5a9e401
jz 0xb5a9e410
jnz 0xb5a9e319
jz 0xb5a9e410
jz 0xb5a9e2c8
jnz 0xb5a9e358
jz 0xb5a9e358
jle 0xb5a1e6e5
jle 0xb5a1e69d
jz 0xb5a1e695
jnz 0xb5a1e506
jz 0xb5a1e5a3
jz 0xb5a1e5b2
jnle 0xb5a1e610
jle 0xb5a1e5da
jle 0xb5a1e5da
jle 0xb5a1e49a
jnz 0xb5a1e73e
jnz 0xb77b818b
jz 0xb5a1e90d
jz 0xb5a1e868
jz 0xb5a1e868
jz 0xb5a38894
jnz 0xb5a38a5a
jz 0xb5a38984
jnz 0xb5a38a5a
jz 0xb5a38984
jz 0xb5a388f2
jz 0xb5a38956
jz 0xb5a3893b
jnz 0xb5a38a6a
jnz 0xb5a38a6a
jz 0xb5a38a0b
jnz 0xb5a1e9b6
jz 0xb5a1e89a
jz 0x80486da
jz 0x8048699
jnz 0xb5a1e972
jnz 0xb5a1e94e
jnz 0xb5a1e914
jnz 0xb5a6ee49
jz 0xb5a6ee45
jz 0xb5a6ee36
jnz 0xb5a6eed2
jnb 0xb5a6ee94
jnz 0xb5a6ee82
jnz 0xb5a78b6a
jz 0xb5a78bff
jnz 0xb5a78c10
jz 0xb5a78bc8
jnz 0xb5a78be5
jb 0xb5a78c40
jnz 0xb5a78c28
jz 0xb5a78c50
jz 0xb5a78baa
jnz 0xb5a77f10
jb 0xb5a77ea0
jz 0xb5a77eb8
jz 0xb5a77ecd
jz 0xb5a78d18
jz 0xb5a78d24
jle 0xb5a78d3a
js 0xb5a6aac8
jnbe 0xb5ae4a8d
js 0xb5a6aac8
jz 0xb5a6ab50
jle 0xb5a6aac8
jnz 0xb5af21b8
jnbe 0xb5af21c4
jz 0xb5a6abc0
jz 0xb5a78ca6
jz 0xb5a78ce0
jnz 0xb5a78cd0
jnz 0xb5a78cd0
jnz 0xb5a78d0f
jz 0xb5a77e20
jnz 0xb5a77ddf
jz 0xb5a77f08
jnbe 0xb5a788d8
jnz 0xb5a788d0
jnb 0xb5a788b5
jnz 0xb5a77446
jnz 0xb5ae58bc
jnb 0xb5ae58ed
jle 0xb5a77ea8
jz 0xb5a77e81
jz 0xb5a78da0
jnz 0xb5a6ee82
jnz 0xb5a6ee82
jz 0xb5a6ee7d
jnz 0xb5a6eede
jnz 0x804860e
jz 0x804862c
jnz 0xb5a4991b
jz 0xb5a49a9c
jnz 0xb5a49ab0
jnz 0xb5a4bd70
jz 0xb5a4c082
jnz 0xb5a49957
jz 0xb5a49ad1
jnz 0xb5a49ae8
jnz 0xb5a49af8
jnz 0xb5a49ab9
jz 0xb5a49960
jz 0xb5a86273
jz 0xb5a8636d
jz 0xb5a8636d
jnb 0xb5a8634f
jnz 0xb5a8634f
jnb 0xb5a8634f
jnz 0xb5a8634f
jnb 0xb5a8634c
jnz 0xb5a8634c
jnb 0xb5a8634c
jnz 0xb5a8634c
jnb 0xb5a86349
jnz 0xb5a86349
jnb 0xb5a86349
jnz 0xb5a86349
jz 0xb5a8636d
jz 0xb5a8636d
jz 0xb5a8636d
jnz 0xb5a499f4
jnz 0xb5a49cb8
jz 0xb5a499f0
jz 0xb5a499e1
jnz 0xb5a4eb17
jnz 0xb5a4eb17
jz 0xb5a7730c
jz 0xb5a77388
jbe 0xb5a77320
jz 0xb5a77308
jnz 0xb5a780f8
jz 0xb5a78000
jz 0xb5a78120
jz 0xb5a78120
jnz 0xb5a78160
jz 0xb5a780e8
jnbe 0xb5a6ab90
jnle 0xb5a6aab4
jnz 0xb5a78160
jz 0xb5a780e8
jnle 0xb5a77fb4
jz 0xb5a77fb4
jz 0xb5a780c8
jz 0xb5a78088
jnz 0xb5a78060
jz 0xb5a77d39
jz 0xb5a773d8
jbe 0xb5a7735f
jnz 0xb5a773f0
jz 0xb5a77308
jz 0xb5a78e6e
jnb 0xb5a78e1d
jnbe 0xb5a78e48
jz 0xb5a78e68
jz 0xb5a780c8
jz 0xb5a78088
jnz 0xb5a78060
jz 0xb5a77fe4
jz 0xb5a78060
jz 0xb5a78e68
jnb 0xb5a78e1d
jnbe 0xb5a78e48
jz 0xb5a78e1b
jz 0xb5a766e8
jz 0xb5a76689
jle 0xb5a76810
jnz 0xb5a76816
jnz 0xb5ae593c
jnb 0xb5ae596d
jns 0xb5a767a0
js 0xb5a767f6
jle 0xb5a76808
jnz 0xb5a76816
js 0xb5a767f6
jnz 0xb5a76730
jle 0xb5a76758
jnz 0xb5a766d1
jnz 0xb5a77fe4
jz 0xb5a49b20
jz 0xb5a49a3b
jnz 0xb5a4ada4
jnz 0xb5a4ada4
jnz 0xb77b7655
jnz 0xb77b7651
jz 0xb77b7628
jnz 0xb77b763c
jnz 0xb77b767f
jz 0xb77b7630
jz 0xb77b7638
jz 0xb77b76b2
jnz 0xb77b761d
jnz 0xb5a7f13e
jz 0xb5a7f150
jnz 0xb5a7f108
jnz 0xb5a49a80
jz 0xb5a49c58
jnz 0xb5a49c81
jz 0xb5a49c6a
jnz 0xb5a4eb23
jz 0xb5a49a8e
jnz 0xb5a4eb23
jz 0xb5a49a8e
jz 0xb5a387b9
jz 0xb5a387b0
jz 0xb5a38798
jz 0xb5a38778
jnz 0xb5a38733
js 0xb77b8822
jz 0xb77b8670
jnz 0xb77b8670
jbe 0xb77b86ef
jnz 0xb77b88a0
jnz 0xb77b8700
jbe 0xb77b897e
jnz 0xb77b8707
jnz 0xb77b8937
jz 0xb77b84fe
jnz 0xb77b8430
jz 0xb77b8430
jnb 0xb77b8430
jnz 0xb77b84c7
jnz 0xb77b85b5
jb 0xb77b84b0
jnz 0xb77b8441
jnz 0xb77b84c7
jnz 0xb77b84c0
jnz 0xb77b85b5
jb 0xb77b84b0
jz 0xb77b8508
jnz 0xb77b84c0
jnz 0xb77b85b5
jb 0xb77b84b0
jnz 0xb77b8441
jnz 0xb77b8430
jz 0xb77b8430
jnb 0xb77b8430
jz 0xb77c1c4d
jz 0xb77c1c4d
jnz 0xb77c1c39
jz 0xb77b84fb
jz 0xb77b867c
jz 0xb77b87fd
jz 0xb77b8858
jz 0xb77b87e2
jz 0xb77b87a8
jnz 0xb77b887c
jnz 0xb77b87fd
jnz 0xb77b88fa
jnz 0xb77b8770
jz 0xb77b87fd
jz 0xb77b8858
jnz 0xb77b886c
jnz 0xb77b8770
jns 0xb77b8690
jnz 0xb77b883e
jns 0xb77b8690
jnz 0xb77b883e
jnz 0xb77b862b
jnz 0xb77b88d0
jz 0xb5a387b0
jz 0xb5a38798
jz 0xb5a38778
jnz 0xb5a387e1
jz 0xb5a387d9
jnb 0xb5a387d9
jz 0xb5a794a1
jnz 0xb5a79650
jz 0xb5a7949a
jz 0xb5a79580
jz 0xb5a7950e
jnz 0xb5a7950e
jle 0xb5a79610
jz 0xb5a795c6
jz 0xb5a79558
jbe 0xb5a79528
jz 0xb5a79558
jnz 0xb5a79558
jnz 0xb5a79558
jz 0xb5a79608
jnz 0xb5a794c8
jz 0xb5a79591
jnz 0xb5a794c8
jz 0xb5a79591
jz 0xb5a79628
jz 0xb5a7950e
jnz 0xb5a7950e
jz 0xb5a7950a
jz 0xb5a795ba
jz 0xb5a797a2
jnz 0xb5a79790
jz 0xb5a79790
jnz 0xb5a796b8
jnz 0xb5a79790
jz 0xb5a79790
jz 0xb5a79790
jz 0xb5a79837
jz 0xb5a79820
jz 0xb5a79705
jz 0xb5a797b0
jnz 0xb5a7976a
jz 0xb5a797b8
jbe 0xb5a76f04
jle 0xb5a76f60
jnz 0xb5a76f28
jz 0xb5a79020
jz 0xb5a78f9d
jnz 0xb5a79000
jz 0xb5a77010
jnz 0xb5a797f0
jnz 0xb5a796b8
jz 0xb5a79790
jnz 0xb5a79790
jz 0xb5a7980f
jnz 0xb5a79f9e
jb 0xb5a387d0
