ret 
jnz 0xb77acbec
jmp 0xb77acc01
jnbe 0xb77acbc8
jnz 0xb77acbec
jz 0xb77acc8c
jnbe 0xb77ace08
jz 0xb77acc01
jnbe 0xb77acbc8
jbe 0xb77ace20
jmp 0xb77acbe3
jnbe 0xb77acf68
jmp 0xb77acbe3
jnbe 0xb77acbe3
jmp 0xb77acbf8
jnz 0xb77acbec
jz 0xb77acc8c
jz 0xb77acc1c
jz 0xb77acc8c
jz 0xb77acc1c
jz 0xb77acc2c
jz 0xb77acc3c
jz 0xb77acc4c
jz 0xb77acc5c
jz 0xb77acc6c
jz 0xb77acc7c
jz 0xb77acc8c
jz 0xb77acca0
cmp dword ptr [edx+0x4], 0x11
jnz 0xb77ad100
jz 0xb77accba
cmp dword ptr [ecx+0x4], 0x8
jnz 0xb77ad0d6
jz 0xb77accd1
test dword ptr [ecx+0x4], 0xfffffffe
jnz 0xb77ad1a8
jz 0xb77acce8
test dword ptr [ecx+0x4], 0xfffffff7
jnz 0xb77ad17e
jnz 0xb77ad154
jnz 0xb77ad154
jnz 0xb77ad12a
jnz 0xb77ace48
jz 0xb77ad02f
jz 0xb77ad04d
jz 0xb77aceb9
jnb 0xb77acef7
cmp byte ptr [eax+0x4], 0x8
jnz 0xb77ad05d
jmp 0xb77aceee
jb 0xb77acee0
jz 0xb77ad0ac
cmp dword ptr [ebp-0x3c], edi
jbe 0xb77acd1d
cmp byte ptr [eax+0x4], 0x8
jnz 0xb77ad05d
jb 0xb77acee0
jz 0xb77ad0ac
cmp dword ptr [ebp-0x3c], edi
jbe 0xb77acd1d
jz 0xb77ad087
jnbe 0xb77acf95
cmp dword ptr [ebp-0x3c], edi
jnbe 0xb77acf20
jmp 0xb77acd1d
jz 0xb77ad087
jnbe 0xb77acf95
jnz 0xb77acd70
jb 0xb77acd5f
jnbe 0xb77acd5b
jnz 0xb77acd41
jb 0xb77acd5f
jnbe 0xb77acd5b
jbe 0xb77acd5f
jnz 0xb77acd41
jz 0xb77b27a3
ret 
jnz 0xb77b27c8
ret 
ret 
jz 0xb77bd219
jnz 0xb77bd210
jz 0xb77bd53b
jnz 0xb77bd210
jz 0xb77bd53b
jnbe 0xb77bd2c8
jnz 0xb77bd2a8
jmp 0xb77bd2d8
jnbe 0xb77bd2c8
jnz 0xb77bd2a8
jmp 0xb77bd2d8
jnz 0xb77bd2a8
jmp 0xb77bd2d8
jnz 0xb77bd2a8
jmp 0xb77bd2d8
jnz 0xb77bd2a8
jmp 0xb77bd2d8
jnz 0xb77bd2a8
jz 0xb77bd348
jnz 0xb77bd530
jnz 0xb77bd2a8
jz 0xb77bd348
jnz 0xb77bd530
jnz 0xb77bd2a8
jmp 0xb77bd2d8
jnz 0xb77bd2a8
jmp 0xb77bd2d8
jnz 0xb77bd2a8
jmp 0xb77bd2d8
jnz 0xb77bd2a8
jmp 0xb77bd2d8
jnz 0xb77bd2a8
jmp 0xb77bd2d8
jz 0xb77bd348
jnz 0xb77bd530
jmp 0xb77bd348
ret 
int 0x80
jnbe 0xb77be270
ret 
jz 0xb77bd371
cmp byte ptr [eax], 0x0
jnz 0xb77bd518
jz 0xb77c0601
jp 0xb77c05f6
cmp byte ptr [eax], dh
jz 0xb77c0686
cmp byte ptr [eax], dh
jz 0xb77c0686
jnb 0xb77c0669
jnz 0xb77c0669
jz 0xb77c0686
jz 0xb77c0686
jz 0xb77c0686
ret 
jmp 0xb77bd371
ret 
jz 0xb77be2f0
jnz 0xb77be2f0
jz 0xb77be2de
ret 
jz 0xb77bd544
jnz 0xb77bd55e
call dword ptr [esp+0x74]
ret 
cmp dword ptr [ebx-0xcc], 0x1
jz 0xb77bd989
cmp byte ptr [edx], 0x4c
jz 0xb77bd98d
jnz 0xb77bd978
cmp byte ptr [edx], 0x4c
jz 0xb77bd98d
jnz 0xb77bd978
ret 
cmp byte ptr [edx+0x1], 0x44
jnz 0xb77bd97d
cmp byte ptr [edx+0x2], 0x5f
jnz 0xb77bd97d
jmp 0xb77bd986
jnz 0xb77bd978
ret 
jz 0xb77a9800
jz 0xb77a97b4
jnz 0xb77a97dc
jnz 0xb77ac998
jz 0xb77a98c0
jz 0xb77a98c0
cmp dword ptr [edi], eax
jnz 0xb77a9b05
jle 0xb77a997f
rep cmpsb byte ptr [esi], byte ptr [edi]
ret 
ret 
jz 0xb77b2ae0
jmp 0xb77b2906
jmp dword ptr [ebx+0x14]
ret 
jnbe 0xb77bdbba
jmp dword ptr [ebx+0x10]
ret 
jmp dword ptr [ebx+0xc]
ret 
jz 0xb77bdb08
jnb 0xb77bda83
jb 0xb77bdaea
jmp 0xb77bda66
jnb 0xb77bda83
jb 0xb77bdaea
jz 0xb77bdb27
ret 
ret 
ret 
jz 0xb77b2ad3
jnz 0xb77c0d76
jbe 0xb77c0d76
jz 0xb77c0d5d
jnb 0xb77c0d7b
jnb 0xb77c0d81
jmp 0xb77c0d6d
ret 
test byte ptr [ebx-0x33f], 0x1
jz 0xb77b2b38
jz 0xb77b29c6
jnz 0xb77b29b8
jmp 0xb77b29a0
jz 0xb77b29c6
jnz 0xb77b29b8
jz 0xb77b29fe
jnz 0xb77b29b8
jz 0xb77b29fe
jnz 0xb77b2a0a
jnz 0xb77b2a0a
jmp 0xb77b2b47
jz 0xb77b2a1c
jmp 0xb77b2b08
jz 0xb77b2ad3
ret 0xc
jz 0xb77ac2fc
ret 
call dword ptr [ebx+0x834]
ret 
jnz 0xb77b2852
jmp 0xb77b28b1
jmp 0xb77b285f
call dword ptr [ebx+0x838]
ret 
ret 
cmp dword ptr [ebx+0x40], edi
jnz 0xb77ac2d2
cmp dword ptr [ebp+0x8], eax
jnb 0xb77ac29b
jmp 0xb77a9c11
jz 0xb77aa472
jbe 0xb77a9be7
jz 0xb77aa47f
jz 0xb77aa4bb
jz 0xb77aa48d
jz 0xb77aa4c8
jz 0xb77ac0f6
jmp 0xb77a9c02
jnb 0xb77a9c98
jz 0xb77aa472
jbe 0xb77a9be7
jnb 0xb77aa4fb
jbe 0xb77aa512
test byte ptr [eax+0x18], 0x1
jz 0xb77a9c02
jbe 0xb77a9c02
jmp 0xb77a9c02
jbe 0xb77aa512
test byte ptr [eax+0x18], 0x1
jz 0xb77a9c02
jbe 0xb77a9c02
jmp 0xb77a9c02
jz 0xb77a9cbc
jnz 0xb77a9ccd
jnz 0xb77a9cde
jnz 0xb77a9ccd
jnz 0xb77a9cde
jz 0xb77ac27a
jnz 0xb77a9cde
jz 0xb77ac27a
jz 0xb77a9d54
jz 0xb77ac27a
jz 0xb77a9d54
jnz 0xb77c0527
jnz 0xb77c0518
ret 
ret 
jz 0xb77a9d54
jnz 0xb77ac22c
test byte ptr [ebx+0x6f0], 0x4
jz 0xb77ac202
jnz 0xb77a9f1b
jz 0xb77a9f13
jnz 0xb77a9da0
jbe 0xb77a9d90
jnbe 0xb77aa533
jnz 0xb77a9da0
jz 0xb77a9dc8
jbe 0xb77a9d90
jnbe 0xb77aa533
jz 0xb77a9e4c
jz 0xb77a9dde
jz 0xb77a9deb
jz 0xb77a9e62
jnz 0xb77aa68e
jz 0xb77a9e79
jz 0xb77a9e79
cmp dword ptr [eax+0x4], 0xc
jnz 0xb77aae14
jz 0xb77a9e90
jz 0xb77a9e90
cmp dword ptr [eax+0x4], 0x8
jnz 0xb77aadea
jz 0xb77a9ec7
jz 0xb77a9eff
test byte ptr [ebx-0x340], 0x40
jnz 0xb77aa663
jz 0xb77a9eff
jz 0xb77a9f13
jz 0xb77b27a2
ret 
cmp dword ptr [ebp-0x90], 0x2
jz 0xb77ac18c
jz 0xb77ac16f
jz 0xb77b29fe
jnz 0xb77b2a0a
jmp 0xb77b2b47
jz 0xb77b2a2b
test byte ptr [esp+0x54], 0x8
jz 0xb77b2bd9
jmp 0xb77b2a24
jmp 0xb77b2a24
jz 0xb77b2ad3
jz 0xb77ac16f
jnz 0xb77a9fc4
jmp 0xb77a9fec
jnz 0xb77a9fa0
jnz 0xb77a9fc4
jz 0xb77aa2db
jz 0xb77aa435
jz 0xb77ac145
jz 0xb77a9fec
jnz 0xb77aa440
jb 0xb77aa451
test byte ptr [edx+0x18], 0x1
jz 0xb77a9fb6
jb 0xb77a9fb6
jmp 0xb77a9fb6
jz 0xb77a9fec
jnz 0xb77a9fa0
jnz 0xb77a9fc4
jz 0xb77aa2db
jnz 0xb77aa035
jmp 0xb77aa05d
jbe 0xb77aa028
jnbe 0xb77aa577
jnz 0xb77aa035
jz 0xb77aa05d
jbe 0xb77aa028
jnbe 0xb77aa577
jnz 0xb77aa035
jz 0xb77aa231
jz 0xb77ac0c5
jz 0xb77aa231
jz 0xb77ac0c5
jz 0xb77aa0c3
jz 0xb77aa0f5
jz 0xb77aa127
jz 0xb77aa159
jz 0xb77aa18b
jz 0xb77aa1bd
jz 0xb77aa1f5
jz 0xb77aa1bd
jz 0xb77aa1f5
jz 0xb77aa231
jz 0xb77aa1f5
jz 0xb77aa231
jz 0xb77ac09b
jz 0xb77aa244
jnz 0xb77ac08b
jz 0xb77aa258
jz 0xb77aa258
cmp dword ptr [eax+0x4], 0xc
jnz 0xb77aae14
jz 0xb77aa26c
jz 0xb77aa26c
cmp dword ptr [eax+0x4], 0x8
jnz 0xb77aadea
jz 0xb77aa29a
jz 0xb77aa29a
jz 0xb77aa287
jz 0xb77aa28f
jz 0xb77aa2ca
test byte ptr [ebx-0x340], 0x40
jnz 0xb77aadbf
jz 0xb77aa2ca
jz 0xb77aa2db
jz 0xb77aa375
jnb 0xb77c0669
jnz 0xb77c0669
jnb 0xb77c0669
jnz 0xb77c0669
jnb 0xb77c0669
jnz 0xb77c0669
jnb 0xb77c0669
jz 0xb77c0601
jz 0xb77c0686
jz 0xb77ac0cc
ret 
jz 0xb77aa375
jnz 0xb77b2850
call dword ptr [ebx+0x838]
jnz 0xb77aad95
jnz 0xb77aae80
cmp dword ptr [ebx-0x1b0], eax
jz 0xb77aae3e
ret 
jz 0xb77bd870
jz 0xb77bd870
jmp 0xb77bd7fc
cmp dword ptr [ecx], 0x4
jnz 0xb77bd7e8
jnbe 0xb77bd84a
jmp 0xb77bd7e8
cmp dword ptr [esp+0x24], ecx
jz 0xb77bd870
cmp dword ptr [ecx], 0x4
jnz 0xb77bd7e8
jnbe 0xb77bd84a
jnz 0xb77c08f4
jnz 0xb77c08ed
ret 
jl 0xb77c08e9
jnl 0xb77c0b10
ret 
jnz 0xb77c0b87
jnz 0xb77c0b87
jnz 0xb77c0b87
jnz 0xb77c0b87
jnz 0xb77c0b87
ret 
jnz 0xb77bd828
ret 
js 0xb77aae5c
jnz 0xb77aabec
jnle 0xb77aa6c1
ret 
ret 
jz 0xb77b5eab
jz 0xb77b5ea1
jnz 0xb77b5e68
jnz 0xb77b5e68
jz 0xb77b5f90
jz 0xb77b5f90
jz 0xb77b5ea1
jnz 0xb77b5e68
jz 0xb77b5f90
jmp 0xb77b5f04
cmp dword ptr [edx], 0x4
jnz 0xb77b5ef0
jbe 0xb77b5ef0
jmp 0xb77b5f49
cmp dword ptr [ebp-0x1c], esi
jz 0xb77b5f90
cmp dword ptr [edx], 0x4
jnz 0xb77b5ef0
jbe 0xb77b5ef0
jmp 0xb77b5f49
cmp dword ptr [esi+0x8], 0x2
jnz 0xb77b5f28
jnz 0xb77b5f28
jnb 0xb77b5ef0
cmp dword ptr [esi+0x8], 0x2
jnz 0xb77b5f28
jnz 0xb77b5f28
jnz 0xb77c0b87
ret 
jnz 0xb77b5f2b
jbe 0xb77b5f2b
jmp 0xb77b5f94
int 0x80
jnb 0xb77bffab
ret 
ret 
ret 
jnz 0xb77b5fe4
jz 0xb77b63f0
jnb 0xb77b63f0
cmp byte ptr [eax], dh
jz 0xb77c0686
jz 0xb77c0601
cmp byte ptr [eax], dh
jz 0xb77c0686
jnb 0xb77c0669
jnz 0xb77c0669
jnb 0xb77c0669
test dword ptr [ebp-0x20], edx
jz 0xb77b64dc
jb 0xb77b6038
jz 0xb77b612c
jmp 0xb77b606a
jb 0xb77b6038
jz 0xb77b612c
jz 0xb77b60b8
jz 0xb77b6113
jnz 0xb77b60a8
cmp byte ptr [ebp-0x3c], 0x0
jz 0xb77b647e
cmp dword ptr [ebp-0x38], edx
jnz 0xb77b64e5
jz 0xb77b60b8
jz 0xb77b6113
jnz 0xb77b60a8
cmp byte ptr [ebp-0x3c], 0x0
jz 0xb77b647e
cmp dword ptr [ebp-0x38], edx
jnz 0xb77b64e5
cmp dword ptr [ebp-0x38], 0x1
jz 0xb77b6400
cmp dword ptr [ebp-0x38], 0x2
jbe 0xb77b61de
jnz 0xb77b61a0
jnz 0xb77b61a0
cmp dword ptr [ebp-0x38], 0x3
jz 0xb77b61d6
cmp dword ptr [ebp-0x38], 0x1f
jnbe 0xb77b64c5
jnz 0xb77b64c5
jz 0xb77b64c5
cmp dword ptr [ebp-0x38], 0x2
jz 0xb77b6489
jz 0xb77b62b8
jmp 0xb77b6278
jz 0xb77b6270
jnb 0xb77c0c76
jnb 0xb77c0c7c
jnb 0xb77c0c7c
ret 
jnz 0xb77b6278
jnz 0xb77b6248
jz 0xb77b6306
jnz 0xb77b62f8
jz 0xb77b62b8
jmp 0xb77b6278
jz 0xb77b62b5
jz 0xb77b6270
jnz 0xb77b62f8
jz 0xb77b6354
test dword ptr [ebp-0x20], eax
jz 0xb77b634d
test dword ptr [ebp-0x20], eax
jnz 0xb77b6338
jnz 0xb77b6330
jnz 0xb77b6310
test dword ptr [ebp-0x20], eax
jz 0xb77b634d
test dword ptr [ebp-0x20], eax
jnz 0xb77b6338
jnz 0xb77b6330
jnz 0xb77b6330
jnz 0xb77b6310
cmp dword ptr [ebp-0x20], edx
jz 0xb77b63ba
jz 0xb77b6354
test dword ptr [ebp-0x20], eax
jz 0xb77b634d
test dword ptr [ebp-0x20], eax
jnz 0xb77b6338
jnz 0xb77b6310
cmp dword ptr [ebp-0x20], edx
jz 0xb77b63ba
jmp 0xb77b6397
jnz 0xb77b6380
jnz 0xb77b6397
jnz 0xb77b63c8
jz 0xb77b63b2
jnz 0xb77b6380
jnz 0xb77b6397
jnz 0xb77b63c8
ret 0x4
jnz 0xb77b63c8
ret 0x4
jz 0xb77b015e
jz 0xb77bdb27
jnz 0xb77c0053
int 0x80
jnbe 0xb77c005f
ret 
jz 0xb77bdb38
ret 
jz 0xb77b0239
jz 0xb77afef7
jnz 0xb77afee8
jnz 0xb77afee8
cmp dword ptr [ebp-0x1c], edx
jz 0xb77aff48
cmp byte ptr [edi], 0x2f
jnz 0xb77b020f
jmp 0xb77afedf
jz 0xb77afef7
jnz 0xb77afee8
cmp dword ptr [ebp-0x1c], edx
jz 0xb77aff48
jz 0xb77affb7
jz 0xb77b0134
jz 0xb77b00c2
jz 0xb77b0104
jmp 0xb77affb7
jz 0xb77b00b0
cmp byte ptr [eax], 0x0
jz 0xb77b00b0
ret 
ret 
jz 0xb77b7a38
cmp dword ptr [eax+0x4], 0x0
jz 0xb77b7a44
jz 0xb77b7a35
cmp dword ptr [eax+0x4], 0x0
jnz 0xb77b7a12
jnz 0xb77b7a1c
jmp 0xb77b7a1c
ret 
jnz 0xb77aa6fe
cmp dword ptr [ebx-0x1d0], 0xfffffffe
jnz 0xb77aa74c
cmp dword ptr [eax], 0x1
jmp 0xb77aa78a
jnz 0xb77aa778
jmp 0xb77aa7a2
jz 0xb77aa790
jnz 0xb77aa778
jmp 0xb77aa7a2
jz 0xb77aa7b7
jnz 0xb77aa95a
jz 0xb77aa7e2
jz 0xb77aa7f5
jz 0xb77aa7f5
ret 
jnz 0xb77aad48
jnz 0xb77aad1e
jnz 0xb77aac68
jz 0xb77aabf9
jnz 0xb77aaeaa
cmp dword ptr [ebp-0x90], 0x3
ret 
jz 0xb77b595f
jnz 0xb77b4e9a
jz 0xb77b512a
jmp 0xb77b4edf
jz 0xb77b512a
jz 0xb77b505d
jz 0xb77b5079
jnz 0xb77b4f46
cmp dword ptr [ebp-0x74], esi
jz 0xb77b4f46
jz 0xb77b4f46
jz 0xb77b505d
jz 0xb77b5079
jmp 0xb77b4fbb
jnz 0xb77b562e
jz 0xb77c03b1
jp 0xb77c039d
jz 0xb77c04dd
jz 0xb77c050a
jz 0xb77c04dd
jz 0xb77c050a
jnz 0xb77c03b1
jz 0xb77c04dd
jz 0xb77c050a
jnb 0xb77c04e2
jnz 0xb77c04e2
jnb 0xb77c04c7
jnz 0xb77c04c7
jnb 0xb77c04e2
jnz 0xb77c04e2
jz 0xb77c04dd
jz 0xb77c050a
jz 0xb77c04dd
jz 0xb77c050a
jz 0xb77c04dd
jz 0xb77c050a
jmp 0xb77c04dd
ret 
jnz 0xb77b5728
ret 
call dword ptr [ebx+0x558]
ret 
ret 
ret 
jnz 0xb77b7080
ret 
js 0xb77b0b6e
jnb 0xb77b0b44
jnz 0xb77b0314
jnz 0xb77b030d
jnz 0xb77b030d
ret 
jz 0xb77b8121
jnz 0xb77b810f
jmp 0xb77b8130
jnz 0xb77b8108
ret 
jz 0xb77b8130
ret 
jz 0xb77b0300
ret 0xc
test byte ptr [ebp+0x195], 0x1
jz 0xb77b0979
jz 0xb77b0340
jnz 0xb77b030d
jz 0xb77b030d
jz 0xb77b0340
jnz 0xb77b030d
jnz 0xb77b030d
jnz 0xb77c0527
jnz 0xb77c0518
ret 
jnz 0xb77b030d
jnz 0xb77b044a
jnz 0xb77b0ace
jz 0xb77b04d3
jz 0xb77b0602
jnz 0xb77b0a14
jz 0xb77b0805
jz 0xb77b08c8
jmp 0xb77b08fe
jz 0xb77afdd8
jz 0xb77afda0
ret 
ret 
jz 0xb77b08f0
jz 0xb77b0625
cmp byte ptr [esp+0x3c], 0x0
jz 0xb77b080f
cmp dword ptr [ebx-0xdc], 0xffffffff
jnz 0xb77b0527
jmp 0xb77b0577
jz 0xb77b050f
jz 0xb77b050f
jz 0xb77b050f
cmp dword ptr [ebx-0xdc], 0xffffffff
jz 0xb77b064b
jmp 0xb77b0577
jnz 0xb77b077c
jz 0xb77b065a
test byte ptr [ebx-0x340], 0x1
jz 0xb77b03dc
cmp byte ptr [esp+0x34], 0x0
jz 0xb77b0586
jz 0xb77b065a
jnz 0xb77b0aa2
jnz 0xb77b0709
ret 
test byte ptr [ebx-0x340], 0x1
jnz 0xb77bd155
jz 0xb77bcdc3
jz 0xb77bcd08
ret 
int 0x80
jnb 0xb77bfe7d
ret 
js 0xb77b7fe0
ret 
int 0x80
jnbe 0xb77bfe08
ret 
js 0xb77b7fad
jnz 0xb77b7fe8
jmp 0xb77b7fb2
int 0x80
jnb 0xb77bfeb7
ret 
ret 
jz 0xb77bce6d
jbe 0xb77bce61
jnz 0xb77c0b87
jnz 0xb77c0b87
jnz 0xb77c0b9b
jnz 0xb77c0b9b
jnz 0xb77c0b9b
ret 
jnz 0xb77bce7c
jb 0xb77bce52
jz 0xb77bcbf0
jmp 0xb77bcbf0
jz 0xb77bcd20
jz 0xb77bcc46
jz 0xb77bcda2
jnz 0xb77bcc1f
jz 0xb77bcda2
jnz 0xb77bcc1f
jmp 0xb77bcc56
js 0xb77bcd08
cmp dword ptr [esp+0x20], edx
jbe 0xb77bcd08
jmp 0xb77bcce9
jz 0xb77bcb68
jnbe 0xb77bcb48
jnbe 0xb77bcb95
jbe 0xb77bcb74
cmp byte ptr [esp], cl
jnz 0xb77bcb80
jnz 0xb77bca86
jnbe 0xb77bcb48
jnbe 0xb77bcb95
jnbe 0xb77bcafc
ret 
jz 0xb77bcee0
jnl 0xb77bccc0
jle 0xb77bccc7
cmp dword ptr [esp+0x20], edx
jbe 0xb77bcd08
jnle 0xb77bcd08
cmp dword ptr [esp+0x20], edx
jbe 0xb77bcd08
jnbe 0xb77bcb33
jbe 0xb77bcb10
jz 0xb77bca78
jz 0xb77bca78
ret 
jz 0xb77bcb68
jnbe 0xb77bcb48
jnbe 0xb77bcb95
ret 
jle 0xb77bcf3c
cmp dword ptr [esp+0x20], edx
jnbe 0xb77bcf25
jmp 0xb77bcf3c
jz 0xb77bcf08
jmp 0xb77bcf54
jle 0xb77bcf7d
cmp dword ptr [esp+0x20], eax
jbe 0xb77bcfac
jnz 0xb77bcfa3
cmp dword ptr [esp+0x20], eax
jbe 0xb77bcfa3
jz 0xb77bcfe8
jnz 0xb77bcfa3
jz 0xb77bd02e
jb 0xb77bcfa3
jnz 0xb77bd137
jnz 0xb77bcfa3
cmp dword ptr [ebx-0x304], edx
jnz 0xb77bcfa3
jz 0xb77bd048
jnz 0xb77bcfa3
jmp 0xb77bd048
cmp dword ptr [ebx-0x304], edx
jnz 0xb77bcfa3
jmp 0xb77bcfac
test byte ptr [ebx-0x340], 0x1
jz 0xb77bcd10
jz 0xb77bcd08
ret 
jz 0xb77b0709
cmp byte ptr [esp+0x34], 0x0
jz 0xb77b09c9
test byte ptr [eax+0x205], 0x8
jnz 0xb77b0a36
cmp byte ptr [esp+0x34], 0x0
jz 0xb77b0a00
ret 
jnz 0xb77adcbd
jz 0xb77ada5d
int 0x80
jnb 0xb77bfeed
ret 
jle 0xb77adbda
jbe 0xb77ad867
jle 0xb77add48
jnz 0xb77c0b87
jnz 0xb77c0b87
ret 
jnz 0xb77add20
jnz 0xb77ada6f
jnz 0xb77c0b87
jnz 0xb77c0b9b
jnz 0xb77c0b9b
jnz 0xb77c0b9b
ret 
jnz 0xb77ada80
cmp dword ptr [edx+0x18], 0x1
jnz 0xb77add7d
cmp word ptr [edx+0x16], 0x3
jnz 0xb77ada48
jnz 0xb77add8a
cmp word ptr [edx+0x2e], 0x20
jnz 0xb77adda0
jnbe 0xb77adb28
cmp dword ptr [ebp-0x24], esi
jnb 0xb77ada64
jmp 0xb77ad983
cmp dword ptr [edi], 0x4
jnz 0xb77ad970
jbe 0xb77ad970
cmp dword ptr [edi+0x1c], 0x3
jbe 0xb77ad970
jnb 0xb77ada64
cmp dword ptr [edi], 0x4
jnz 0xb77ad970
jbe 0xb77ad970
cmp dword ptr [edi+0x1c], 0x3
jbe 0xb77ad970
jnbe 0xb77adab8
jmp 0xb77ad9e4
jnz 0xb77c0b87
jnz 0xb77c0b87
jnz 0xb77c0b87
jnz 0xb77c0b9b
jnz 0xb77c0b9b
jnz 0xb77c0b9b
ret 
jnz 0xb77ad9c0
jz 0xb77adcb1
jnz 0xb77ada48
jnbe 0xb77adaa8
jnz 0xb77c0b87
ret 
jz 0xb77ada64
jbe 0xb77ada64
ret 
jz 0xb77b0709
ret 
jz 0xb77ad338
jnb 0xb77c0d81
ret 
jnz 0xb77b058f
test byte ptr [ebx-0x340], 0x1
jz 0xb77b03dc
jz 0xb77b0ba3
ret 
jz 0xb77b7a35
ret 
ret 
js 0xb77af19c
jz 0xb77ae4a8
jmp 0xb77ae43f
test byte ptr [edi+0x195], 0x20
jnz 0xb77ae438
jnz 0xb77ae438
jnz 0xb77ae438
jz 0xb77ae4a8
test byte ptr [edi+0x195], 0x20
jnz 0xb77ae438
jnz 0xb77ae438
jnz 0xb77af05f
test byte ptr [ebp+0x18], 0x4
jnz 0xb77aeed6
test byte ptr [ebx-0x340], 0x40
jnz 0xb77af1b0
jz 0xb77ae6a0
jnz 0xb77aef69
jnz 0xb77b2a08
jnz 0xb77b2b08
jz 0xb77b2ad3
jz 0xb77b2ad3
jz 0xb77b2b53
jz 0xb77b2bcf
jmp 0xb77b2b8a
cmp byte ptr [eax-0x1], 0x2f
jnz 0xb77b2b88
jmp 0xb77b2acd
cmp byte ptr [eax-0x1], 0x2f
jnz 0xb77b2b88
jmp 0xb77b2acd
ret 0xc
jz 0xb77aef93
jnbe 0xb77aed29
cmp dword ptr [ebp-0x8c], esi
jnb 0xb77aeef6
jmp 0xb77ae61b
jz 0xb77ae7b8
jbe 0xb77ae5d8
jz 0xb77ae7e0
jmp 0xb77ae600
jnb 0xb77ae808
jz 0xb77ae7b8
jbe 0xb77ae5d8
jz 0xb77ae6d8
jnz 0xb77ae600
jnb 0xb77ae808
jnz 0xb77aef44
jnz 0xb77aef4e
cmp dword ptr [ebp-0x90], 0x1
jbe 0xb77ae79c
jmp 0xb77ae600
jmp 0xb77ae600
jz 0xb77ae7e0
jz 0xb77ae7c8
jnz 0xb77ae600
jz 0xb77ae600
jnz 0xb77ae7f0
jnz 0xb77aef9b
jmp 0xb77ae66b
jnz 0xb77aef9b
ret 
cmp byte ptr [ebx+0x844], 0x0
jnz 0xb77b969a
ret 
jmp 0xb77ae600
jmp 0xb77ae600
jmp 0xb77ae600
jz 0xb77aeef6
cmp dword ptr [ebp-0xc8], 0x3
jnz 0xb77af3ad
jz 0xb77aea10
cmp byte ptr [ebp-0xa5], 0x0
jnz 0xb77aea20
jz 0xb77ae8f8
jz 0xb77aedaa
jbe 0xb77ae9ad
jbe 0xb77ae9a1
jnb 0xb77aea5a
jbe 0xb77ae8e0
jnz 0xb77ae8e0
jmp 0xb77aee49
jz 0xb77ae8f8
jz 0xb77aedaa
jbe 0xb77ae9ad
jz 0xb77aedaa
jbe 0xb77ae9ad
jbe 0xb77ae9a1
test byte ptr [ebp-0xb4], 0x2
jz 0xb77af3fe
jecxz 0xb77c0c4d
jz 0xb77c0c39
jp 0xb77c0c2e
ret 
jz 0xb77af1d4
jb 0xb77aee07
jnb 0xb77aea5a
jnz 0xb77ae9ad
jmp 0xb77aef5e
jz 0xb77aee89
jz 0xb77aee7e
jnz 0xb77aecc1
jbe 0xb77aecb0
jnbe 0xb77aece0
jmp 0xb77aecb4
jz 0xb77aea8d
jbe 0xb77aecb0
jnbe 0xb77aece0
jbe 0xb77aecfb
jmp 0xb77aecb4
jbe 0xb77aed95
jnbe 0xb77aecb4
jmp 0xb77aecb4
jz 0xb77aea8d
jbe 0xb77aecb0
jnbe 0xb77aece0
jmp 0xb77aecb4
jz 0xb77aeaf1
jz 0xb77aea9b
jz 0xb77aeaa5
jz 0xb77aeaaf
jz 0xb77aeab9
jz 0xb77aeac3
jz 0xb77aeacd
jz 0xb77aead7
jz 0xb77aeae4
jz 0xb77aeaf1
jz 0xb77aeb04
jnz 0xb77af44d
jz 0xb77aeb04
jz 0xb77aeb18
cmp dword ptr [eax+0x4], 0xc
jnz 0xb77af480
jz 0xb77aeb2c
jz 0xb77aeb2c
cmp dword ptr [eax+0x4], 0x8
jnz 0xb77af4aa
jz 0xb77aeb57
jz 0xb77aeb46
jz 0xb77aeb4d
jz 0xb77aeb57
jz 0xb77aeb4d
jz 0xb77aeb57
jz 0xb77aee73
jz 0xb77aeb57
jz 0xb77aee73
test byte ptr [ebx-0x340], 0x40
jnz 0xb77af2e9
jz 0xb77aee73
test byte ptr [ebx-0x340], 0x40
jnz 0xb77af2e9
jz 0xb77aeb8d
jmp 0xb77aeb8d
jz 0xb77aeb9e
jnz 0xb77af27e
jz 0xb77aef06
jnz 0xb77af27e
jz 0xb77aef06
test dword ptr [ebp-0xb0], eax
jnz 0xb77af217
jz 0xb77aebe6
jnz 0xb77af669
jz 0xb77aee58
test byte ptr [ebx-0x340], 0x40
jnz 0xb77af5f8
cmp dword ptr [ebp-0xc8], 0x2
jnz 0xb77aec11
jmp 0xb77aec11
test byte ptr [ebx-0x340], 0x40
jnz 0xb77af5f8
test byte ptr [ebp+0x18], 0x8
jnz 0xb77aec46
jnz 0xb77af599
test byte ptr [edi+0x204], 0x20
jnz 0xb77af579
jnz 0xb77b2850
call dword ptr [ebx+0x838]
jnz 0xb77af4d4
ret 
ret 0xc
ret 
ret 0x8
jnz 0xb77b51a0
test byte ptr [eax+0x194], 0x60
jnz 0xb77b4f98
jmp 0xb77b4f98
jz 0xb77b4fae
jz 0xb77b5080
jnz 0xb77b562e
jz 0xb77b5080
jnz 0xb77b562e
jnz 0xb77b4fae
jz 0xb77b50f7
jz 0xb77b511c
jz 0xb77b5c08
jnz 0xb77b5108
jmp 0xb77b4f25
jz 0xb77b512a
jz 0xb77b505d
jz 0xb77b5079
jbe 0xb77b4f46
cmp dword ptr [ebp-0x80], edx
jz 0xb77b5c14
jmp 0xb77b4f46
jnb 0xb77c04c7
jnz 0xb77c04c7
jnb 0xb77c04e2
jnz 0xb77c04e2
jnb 0xb77c04c7
jnz 0xb77c04c7
jz 0xb77b5973
jz 0xb77b511c
jz 0xb77b5c08
jnz 0xb77b5108
jnz 0xb77b4f54
jnz 0xb77b4f54
jz 0xb77b50f7
jmp 0xb77b5235
jnz 0xb77b5255
jz 0xb77b5255
jz 0xb77b5281
jz 0xb77b5bd9
jnz 0xb77b5b59
jnz 0xb77b52c9
jnz 0xb77b5b59
jnz 0xb77b52c9
test byte ptr [ebx-0x33f], 0x8
jnz 0xb77b5afa
jnz 0xb77b5ad0
jz 0xb77b5aa5
jbe 0xb77b5355
cmp dword ptr [ebp-0x50], 0x1
jbe 0xb77b55b3
jmp 0xb77b5479
cmp dword ptr [ebp-0x4c], edx
jnb 0xb77b5518
jnz 0xb77b5507
jmp 0xb77b550d
cmp dword ptr [ebp-0x4c], edi
jb 0xb77b54f0
cmp dword ptr [ebp-0x50], esi
jz 0xb77b55b0
jmp 0xb77b54c8
cmp dword ptr [ebp-0x4c], edx
jnb 0xb77b5518
jnz 0xb77b5507
jmp 0xb77b550d
cmp dword ptr [ebp-0x50], esi
jz 0xb77b55b0
jz 0xb77b55e2
jnz 0xb77b5cb4
ret 0x8
jz 0xb77aa8f1
jnz 0xb77aa8e0
jz 0xb77aa90d
jnz 0xb77aa8e0
jz 0xb77aa90d
jbe 0xb77aa94e
cmp dword ptr [edi+0x4], edx
jz 0xb77aba9d
jmp 0xb77aa947
jnz 0xb77aa938
jmp 0xb77aaf87
cmp dword ptr [edi+ecx*4], eax
jz 0xb77aaf0a
jnz 0xb77aa938
jmp 0xb77aaf87
jnz 0xb77abfb3
jbe 0xb77aaf34
jz 0xb77aaf4f
jz 0xb77aaf4f
jz 0xb77abd4e
jnz 0xb77abd24
jz 0xb77ab703
jnz 0xb77ab6d9
jmp 0xb77aaf87
ret 
call dword ptr [ebx+0x558]
ret 
ret 
jz 0xb77b8a24
jmp 0xb77b89f1
test byte ptr [esi+0x195], 0x2
jnz 0xb77b89e8
ret 
jz 0xb77b88d1
jz 0xb77b8742
cmp word ptr [esi], 0x1
jnz 0xb77b88f8
jz 0xb77b879b
cmp dword ptr [ebp-0x40], edx
jz 0xb77b879b
jnz 0xb77b8780
jnz 0xb77b87ad
ret 
jnz 0xb77b89f1
ret 
jnz 0xb77b87ad
ret 
jz 0xb77b89af
jz 0xb77b886b
jmp 0xb77b881a
jz 0xb77b87a2
jmp 0xb77b8892
test byte ptr [eax+0x2], 0x1
jnz 0xb77b88bf
jnz 0xb77b8890
ret 
jnz 0xb77b8890
ret 
test byte ptr [eax+0x2], 0x1
jnz 0xb77b88bf
jnz 0xb77b8890
ret 
jnz 0xb77b85fb
jmp 0xb77b86b8
jz 0xb77b85f0
jnz 0xb77b88e3
jmp 0xb77b8622
jz 0xb77b86b8
cmp byte ptr [eax], 0x0
jnz 0xb77b8659
ret 
test byte ptr [ebx-0x340], 0x10
jnz 0xb77b8479
jz 0xb77b83c8
jz 0xb77b844f
cmp word ptr [esi], 0x1
jnz 0xb77b8222
cmp dword ptr [esi+0x8], edi
jz 0xb77b82e8
jz 0xb77b8320
cmp word ptr [esi], 0x1
jz 0xb77b8206
cmp dword ptr [esi+0x8], edi
jz 0xb77b82e8
jz 0xb77b8320
cmp word ptr [esi], 0x1
jz 0xb77b8206
jnz 0xb77b820f
ret 0x10
cmp dword ptr [ebp-0x40], eax
jnz 0xb77b8620
jz 0xb77b8750
jmp 0xb77b85c8
cmp byte ptr [eax], 0x0
jnz 0xb77b8659
jz 0xb77b879b
cmp dword ptr [ebp-0x40], edx
jz 0xb77b879b
jnz 0xb77b8780
jnz 0xb77b8780
jnz 0xb77b87ad
ret 
cmp dword ptr [ebp-0x3c], edx
jbe 0xb77b8853
jnz 0xb77b8818
jz 0xb77b8868
cmp dword ptr [ebp-0x3c], edx
jbe 0xb77b8853
jnz 0xb77b8818
jz 0xb77b8868
jz 0xb77b87a2
jmp 0xb77b8892
jz 0xb77acb47
jnz 0xb77acb58
ret 
ret 
ret 
jnz 0xb77aafd3
ret 
cmp dword ptr [ebx+0x860], 0x0
jnz 0xb77a8d7b
cmp dword ptr [ebx+0x8c], 0x0
jz 0xb77a8c70
jmp 0xb77a8c8b
jnz 0xb77a8c7a
jz 0xb77a8cbd
cmp dword ptr [edx+0x234], 0x0
jz 0xb77a8c88
jnz 0xb77a8c7a
jz 0xb77a8cbd
jnz 0xb77a8c7a
jz 0xb77a8cbd
ret 
jz 0xb77b995a
jnz 0xb77b9930
jz 0xb77b98ed
jz 0xb77b9906
jmp 0xb77b982a
cmp dword ptr [esp+0x24], ecx
jnb 0xb77b97d8
jbe 0xb77b989f
jmp 0xb77b9803
jmp 0xb77b9803
jz 0xb77b98b0
cmp dword ptr [esp+0x20], ecx
jz 0xb77b9906
cmp dword ptr [esp+0x24], ecx
jnb 0xb77b97d8
div dword ptr [esp+0x24]
ret 
ret 
jz 0xb77b9b5d
jnz 0xb77b9b40
jnz 0xb77b9b50
jnz 0xb77b9b30
jnz 0xb77b9b10
ret 
jz 0xb77b9648
ret 
jz 0xb77b9b1e
ret 
jnz 0xb77a8cf1
int 0x80
jnz 0xb77a8d4d
jmp 0xb77a8d7b
ret 
jnz 0xb77aafe2
ret 
jnz 0xb77a8dfc
cmp dword ptr [ebx-0x174], 0x0
jz 0xb77a8e3d
jnz 0xb77a8e2e
jmp 0xb77a8e31
ret 
jnz 0xb77ab5df
jz 0xb77ab5d2
jnz 0xb77ab5d2
jmp 0xb77ab10d
jnz 0xb77ab3c2
jz 0xb77ab2a9
jz 0xb77ab1b6
jmp 0xb77ab366
jnz 0xb77ab2f0
jz 0xb77ab201
jnz 0xb77ab3a3
jz 0xb77ab349
jz 0xb77ab310
jmp 0xb77ab3a3
jz 0xb77ab349
jz 0xb77ab35c
cmp byte ptr [ebx+0x8a0], 0x0
jnz 0xb77ab3b7
jnz 0xb77ab2f0
jnz 0xb77ab2f0
jz 0xb77ab201
ret 
jnz 0xb77b2f02
test byte ptr [eax+0x194], 0x4
jnz 0xb77b3378
jz 0xb77b3380
jz 0xb77b2f1d
test byte ptr [ebx-0x340], 0x20
jz 0xb77b2f35
jmp 0xb77b4835
test byte ptr [ebx-0x340], 0x20
jnz 0xb77b481b
jnz 0xb77b4b46
jz 0xb77b2f71
jnz 0xb77b33b0
jb 0xb77b2f73
jz 0xb77b380d
jnz 0xb77b33dc
jnz 0xb77b4863
jmp 0xb77b2f71
jb 0xb77b2f73
jz 0xb77b380d
jz 0xb77b3820
jb 0xb77b2f73
jz 0xb77b380d
jz 0xb77b3820
jz 0xb77b2fdb
cmp dword ptr [ecx+0x4], 0x11
jz 0xb77b37a4
jz 0xb77b33f0
cmp dword ptr [ebp-0x84], edx
jz 0xb77b4047
jnz 0xb77b37e2
jnz 0xb77b3a17
jmp 0xb77b2fdb
jz 0xb77b33f0
jnb 0xb77b3075
jnz 0xb77b40be
jz 0xb77b3447
jz 0xb77b3447
jnb 0xb77b3447
cmp byte ptr [esi+0x4], 0x8
jnz 0xb77b425b
jmp 0xb77b343e
jnbe 0xb77b3430
jz 0xb77b382e
cmp dword ptr [ebp-0x84], edi
jbe 0xb77b306d
cmp byte ptr [esi+0x4], 0x8
jnz 0xb77b425b
jnbe 0xb77b3430
jz 0xb77b382e
cmp dword ptr [ebp-0x84], edi
jbe 0xb77b306d
jz 0xb77b424f
jz 0xb77b3640
jz 0xb77b3768
jz 0xb77b4691
jnz 0xb77b3778
jbe 0xb77b3798
jz 0xb77b35f8
jz 0xb77b35f8
ret 
jz 0xb77b18e3
jnz 0xb77b18d0
jz 0xb77b1913
jnz 0xb77b18d0
jz 0xb77b1913
test dword ptr [ebp+0x14], 0xfffffffa
jnz 0xb77b2690
jnz 0xb77b1c30
jz 0xb77b1c61
jmp 0xb77b1959
ret 
jz 0xb77b1170
test byte ptr [esp+0x7c], 0x2
jz 0xb77b10b9
test byte ptr [esi+0x194], 0x3
jz 0xb77b1170
test byte ptr [esi+0x195], 0x20
jnz 0xb77b1170
test byte ptr [ebx-0x340], 0x8
jnz 0xb77b16d8
jz 0xb77b1170
jz 0xb77b165d
jnz 0xb77b1710
cmp dword ptr [esp+0x5c], 0x1
jz 0xb77b1190
jz 0xb77b17f0
div dword ptr [esp+0x28]
jz 0xb77b113f
jmp 0xb77b16b5
jz 0xb77b1856
jecxz 0xb77b1856
jecxz 0xb77b1856
jecxz 0xb77b1856
jecxz 0xb77b1856
jecxz 0xb77b1856
jmp 0xb77b1673
div dword ptr [esp+0x28]
jz 0xb77b113f
jmp 0xb77b16b5
ret 
jz 0xb77b0faa
cmp word ptr [esi+0xe], 0x0
test dword ptr [edi+0x24], edx
jnz 0xb77b0f80
jnb 0xb77b0f80
jz 0xb77b0ea4
jmp 0xb77b0f2d
ret 
jz 0xb77b1698
jmp 0xb77b1198
jz 0xb77b17de
jz 0xb77b0ee6
jnz 0xb77b0f80
jz 0xb77b0f48
jz 0xb77b0fb9
jmp 0xb77b0f2d
jmp 0xb77b113f
cmp dword ptr [esp+0x5c], 0x1
jz 0xb77b1190
jnz 0xb77b1170
jz 0xb77b1170
jz 0xb77b1170
cmp dword ptr [esp+0x1c], edi
jnbe 0xb77b1079
ret 
jz 0xb77b1170
test byte ptr [esp+0x7c], 0x2
jz 0xb77b10b9
test byte ptr [esi+0x194], 0x3
jz 0xb77b1170
div dword ptr [esp+0x28]
jz 0xb77b1137
jmp 0xb77b174b
jnz 0xb77b1740
jnz 0xb77b17e7
jnz 0xb77b1740
jz 0xb77b0f48
jz 0xb77b0fb9
jz 0xb77b0f88
jz 0xb77b0f2d
jmp 0xb77b0f1d
jnz 0xb77b16c9
jmp 0xb77b1740
jmp 0xb77b1198
jz 0xb77b11e0
jz 0xb77b1210
jnz 0xb77b1146
ret 
jle 0xb77b1948
jz 0xb77b1c61
jz 0xb77b19c9
jz 0xb77b1a20
jz 0xb77b1d26
jz 0xb77b24cf
jnz 0xb77b215a
ret 0x14
jz 0xb77b3788
jz 0xb77b4671
jbe 0xb77b3660
jmp 0xb77b3640
cmp dword ptr [ebp-0x84], esi
jnbe 0xb77b3480
jmp 0xb77b306d
jz 0xb77b424f
jz 0xb77b3640
jz 0xb77b3768
jmp 0xb77b35d0
jz 0xb77b4671
jbe 0xb77b3660
jz 0xb77b3640
jbe 0xb77b4713
jmp 0xb77b3640
jz 0xb77b3640
jmp 0xb77b3640
jz 0xb77b4691
jnz 0xb77b3778
jbe 0xb77b3798
jz 0xb77b35f8
jz 0xb77b35f8
jnz 0xb77b1837
jmp 0xb77b1673
jnz 0xb77b1788
cmp dword ptr [esp+0x1c], edi
jnbe 0xb77b1079
ret 
jmp 0xb77b1137
cmp dword ptr [esp+0x5c], 0x1
jz 0xb77b1190
jnz 0xb77b1170
jz 0xb77b1170
jz 0xb77b0f88
jnz 0xb77b0f80
jnz 0xb77b0f80
jmp 0xb77b19f3
jmp 0xb77b3640
jz 0xb77b11ae
cmp dword ptr [ebp], 0x0
jnz 0xb77b1146
jmp 0xb77b1146
jnz 0xb77b1170
jz 0xb77b1170
jz 0xb77b1170
jmp 0xb77b357a
jz 0xb77b0f2d
jnle 0xb77b0f2d
js 0xb77b0f80
jnz 0xb77b46d6
jbe 0xb77b46d6
jnz 0xb77b3513
jmp 0xb77b35c8
jz 0xb77b3788
jz 0xb77b4671
jbe 0xb77b3660
jnz 0xb77b1b10
jz 0xb77b19a7
jz 0xb77b1c61
jz 0xb77b19c9
jz 0xb77b1a20
jz 0xb77b1c75
jz 0xb77b1c7c
jz 0xb77b1c8c
jmp 0xb77b1a0d
ret 0x14
jz 0xb77b35e5
jmp 0xb77b35d5
jbe 0xb77b3660
jz 0xb77b0f2d
cmp dword ptr [ebp-0x94], esi
jnz 0xb77b37f9
jb 0xb77b308d
jz 0xb77b403c
jmp 0xb77b300c
jz 0xb77b33f0
jnb 0xb77b3075
jnz 0xb77b40be
jnz 0xb77b40dd
cmp dword ptr [ebp-0x84], esi
jnbe 0xb77b3038
cmp dword ptr [ebp-0x94], esi
jnz 0xb77b37f9
jnz 0xb77b40be
jnz 0xb77b40dd
cmp dword ptr [ebp-0x84], esi
jnbe 0xb77b3038
jnz 0xb77b4947
jnz 0xb77b4105
jmp 0xb77b3062
jz 0xb77b49af
jnz 0xb77b49c2
ret 
cmp dword ptr [ebx+0x36c0], 0x0
jnz 0xb5a5681a
ret 
jnz 0xb59f1cc8
jnz 0xb59f1cc8
jz 0xb59f1e28
jz 0xb59f1ea0
jz 0xb59f1ec0
jmp 0xb59f1ce5
jbe 0xb59f1f00
test dword ptr [esp+0x10], 0x10000000
jz 0xb59f1ce5
jmp 0xb59f1ce5
test dword ptr [esp+0xc], 0x8000000
jz 0xb59f1d00
jz 0xb59f1de0
ret 
test dword ptr [esp+0xc], 0x10000000
jz 0xb59f1df1
test dword ptr [esp+0xc], 0x1000
jz 0xb59f1e05
test byte ptr [ebx+0x36e2], 0x1
jz 0xb59f1d00
test byte ptr [ebx+0x36e2], 0x1
jz 0xb59f1d00
jmp 0xb59f1d00
ret 
test dword ptr [ebx+0x36d4], 0x4000000
jz 0xb5a56832
ret 
jmp 0xb77b3062
cmp dword ptr [ebp-0x84], esi
jnbe 0xb77b3038
cmp dword ptr [ebp-0x94], esi
jnz 0xb77b37f9
jb 0xb77b308d
ret 
cmp dword ptr [ebx+0x36c0], 0x0
jnz 0xb5a57d9a
test dword ptr [ebx+0x36d0], 0x200
jz 0xb5a57dc4
test dword ptr [ebx+0x36d0], 0x100000
jz 0xb5a57dc4
ret 
ret 
cmp dword ptr [ebx+0x36c0], 0x0
jnz 0xb5a5d00a
test dword ptr [ebx+0x36d4], 0x4000000
jz 0xb5a5d02a
test dword ptr [ebx+0x36f0], 0x4
jz 0xb5a5d032
ret 
ret 
ret 
cmp dword ptr [ebx+0x36c0], 0x0
jnz 0xb5a7187a
test dword ptr [ebx+0x36d4], 0x4000000
jz 0xb5a71892
ret 
jb 0xb77b308d
jz 0xb77b403c
jz 0xb77b30db
jmp 0xb77b30de
jz 0xb77b30f2
cmp dword ptr [eax+0x4], 0x7
jz 0xb77b3d22
cmp dword ptr [ebp+0x8], edi
jz 0xb77b3169
jnz 0xb77b3cf0
jz 0xb77b3cf0
jz 0xb77b3d76
jnb 0xb77b3169
jnbe 0xb77b3d00
jmp 0xb77b3169
jz 0xb77b3d76
cmp dword ptr [ebp-0x8c], ecx
jbe 0xb77b3328
jz 0xb77b3bb0
cmp dword ptr [ebp-0x9c], esi
jnz 0xb77b4070
jnz 0xb77b4ad1
jnz 0xb77b4500
jmp 0xb77b311b
cmp dword ptr [ebp+0x8], edi
jz 0xb77b3169
jnz 0xb77b3cf0
jz 0xb77b3cf0
jz 0xb77b3378
ret 
jz 0xb77b2e32
int 0x80
jnb 0xb77c00dd
ret 
js 0xb77b2e3e
ret 
ret 
jz 0xb77ab35c
cmp byte ptr [ebx+0x8a0], 0x0
jnz 0xb77ab3b7
jnz 0xb77ab2f0
ret 
jmp 0xb77ba2b2
jb 0xb77ba2f8
jnz 0xb77ba2b0
jnz 0xb77ba343
ret 
jmp 0xb77ab35c
jmp 0xb77b2fc7
jz 0xb77b2fdb
cmp dword ptr [ecx+0x4], 0x11
jz 0xb77b37a4
jz 0xb77b33f0
jz 0xb77b382e
cmp dword ptr [ebp-0x84], edi
jbe 0xb77b306d
jz 0xb77b424f
cmp dword ptr [ebp-0x84], edi
jbe 0xb77b306d
jz 0xb77b4cdc
jz 0xb77b39c0
jz 0xb77b39e0
jz 0xb77b4a6d
jnz 0xb77b39ea
jmp 0xb77b38dd
jz 0xb77b39f4
jz 0xb77b4c39
jnbe 0xb77b35ea
jmp 0xb77b39c0
cmp dword ptr [ebp-0x84], esi
jnbe 0xb77b3850
jmp 0xb77b306d
jz 0xb77b4cdc
jz 0xb77b39c0
jz 0xb77b39e0
jz 0xb77b4a6d
jnz 0xb77b39ea
jbe 0xb77b4064
jz 0xb77b396c
jmp 0xb77b395d
jnbe 0xb77b35ea
jz 0xb77b39c0
jnbe 0xb77b4967
jb 0xb77b4959
cmp dword ptr [ebp-0x84], esi
jnbe 0xb77b3850
jmp 0xb77b306d
cmp dword ptr [ebp+0x8], edi
jz 0xb77b3169
jnz 0xb77b3cf0
jz 0xb77b3cf0
cmp dword ptr [ebp-0x8c], ecx
jbe 0xb77b3328
jz 0xb77b4010
jz 0xb77b3ee0
ret 
cmp byte ptr [ebp-0xb0], 0x0
jnz 0xb77ab21b
jz 0xb77ab21b
ret 
jz 0xb77b9d22
jnb 0xb77b9cd1
jb 0xb77b9d18
jmp 0xb77b9c81
jz 0xb77b9c61
cmp dword ptr [esp+0x18], edx
jnbe 0xb77b9be8
cmp dword ptr [edx], esi
jnbe 0xb77b9c6c
cmp dword ptr [eax+0x244], esi
jnz 0xb77b9d2e
jb 0xb77b9d58
jb 0xb77b9d82
cmp dword ptr [edx], esi
jbe 0xb77b9ccb
cmp dword ptr [ebx+0x848], eax
jb 0xb77b9d18
jz 0xb77b9c61
ret 
cmp byte ptr [ebx+0x8a0], 0x0
jnz 0xb77ab3fb
int 0x80
cmp dword ptr [ebx-0x1bc], ecx
jnz 0xb77ab5a8
jz 0xb77ab53c
cmp byte ptr [ebp-0x94], 0x0
jz 0xb77ab417
jmp 0xb77b2fdb
jz 0xb77b3640
jz 0xb77b3768
jz 0xb77b4691
jnz 0xb77b3778
jbe 0xb77b3798
jz 0xb77b35f8
jz 0xb77b35f8
jmp 0xb77b3538
jz 0xb77b35f8
jz 0xb77b35f8
jmp 0xb77ab417
ret 
jnz 0xb77ab4df
ret 
ret 
jnbe 0xb77bd1c9
int 0x80
jnb 0xb77c009b
ret 
ret 
ret 
ret 
test byte ptr [ebx-0x340], 0x80
jnz 0xb77ad09f
ret 
ret 
ret 
jnz 0xb77b72fb
jnz 0xb77b7327
jz 0xb77b72f1
ret 
jnz 0xb77b720f
jz 0xb77b7237
jz 0xb77b7228
jz 0xb77b720f
jmp 0xb77b7196
ret 
jnz 0xb77b72c8
ret 0x4
test byte ptr [ebx-0x340], 0x2
jnz 0xb77b7242
jz 0xb77b71c9
ret 
jz 0xb59f17d0
jnz 0xb59f17d0
cmp word ptr [edx+0x38], ax
jz 0xb59f1794
ret 
jz 0xb5ac9dd1
jz 0xb5ac9dd1
jz 0xb5a56a43
jnz 0xb5a569ca
jz 0xb5a56b56
jz 0xb5a56b56
jz 0xb5a56a43
jnz 0xb5a569e3
jnb 0xb5a56b2c
jnz 0xb5a56b2c
jnb 0xb5a56a0a
jnz 0xb5a56a20
jnb 0xb5a56b29
jnz 0xb5a56b29
jnz 0xb5a56a36
jmp 0xb5a56a40
jnz 0xb5a56a40
jnb 0xb5a56b2c
jnz 0xb5a56b2c
jnb 0xb5a56b2c
jnz 0xb5a56b2c
jnb 0xb5a56a0a
jnb 0xb5a56a0d
jnz 0xb5a56a23
jnb 0xb5a56b26
jnz 0xb5a56b26
jnb 0xb5a56a10
jnz 0xb5a56a26
jnb 0xb5a56b23
jnz 0xb5a56b23
jnb 0xb5a56a13
jnz 0xb5a56b32
jz 0xb5a56b56
jnz 0xb5a56b3d
jz 0xb5a56b56
jnz 0xb5a56b3d
jz 0xb5a56b56
jz 0xb5a56b56
jnz 0xb5a56b4b
jz 0xb5a56b56
ret 
jz 0xb5ac9de8
ret 
jmp 0xb59fff50
ret 
ret 
jz 0xb77b720f
jz 0xb77b720f
call dword ptr [edi+esi*4]
ret 
jnz 0xb59f1465
ret 
ret 
jnz 0xb77b71f0
ret 
call dword ptr [edi+esi*4]
ret 
jz 0xb59f14a2
jz 0xb59f14af
jz 0xb59f161a
jbe 0xb5a71588
cmp dword ptr [esp+0x1c], 0x1
jz 0xb5a71550
jmp 0xb5a714d3
ret 
js 0xb5a712c8
jz 0xb5a712c8
jmp 0xb5a712a5
jnz 0xb5a71220
jnz 0xb5a7129e
ret 
jz 0xb5a712f8
jnz 0xb5a71258
jnz 0xb5a71258
jnz 0xb5a0a1c3
jmp 0xb5a0a1f6
cmp byte ptr [edx], cl
jz 0xb5a70fc8
ret 
jnl 0xb5a0a1b8
jb 0xb5a0a1c3
ret 
jz 0xb5a7129e
jz 0xb5a713a0
jz 0xb5a712e8
jz 0xb5a712c8
jnz 0xb5a71220
jnz 0xb5a7129e
jz 0xb5a0a1f8
jnb 0xb5a0a1f6
ret 
ret 
jnz 0xb5a71580
jz 0xb5a712c8
jmp 0xb5a71339
jnz 0xb5a71358
cmp byte ptr [esp+0x2b], 0x0
jz 0xb5a71358
jz 0xb5a71372
jz 0xb5a713cf
jz 0xb5a71435
jnz 0xb5a7146c
jmp 0xb5a712ca
ret 
jnz 0xb5a71580
ret 
jnz 0xb5a71368
cmp byte ptr [esp+0x2b], 0x0
jz 0xb5a71368
jz 0xb5a71372
jnz 0xb5a71310
jnz 0xb5a71310
jz 0xb5a713cf
jz 0xb5a71401
jz 0xb5a71410
jnz 0xb5a71319
jmp 0xb5a71372
jz 0xb5a71410
jz 0xb5a712c8
jnz 0xb5a71358
cmp byte ptr [esp+0x2b], 0x0
jz 0xb5a71358
jle 0xb59f16e5
jle 0xb59f169d
jz 0xb59f1695
jnz 0xb59f1506
jz 0xb59f15a3
jz 0xb59f15b2
jnle 0xb59f1610
jle 0xb59f15da
jmp 0xb59f15b2
jle 0xb59f15da
jle 0xb59f149a
ret 
ret 
jnz 0xb59f173e
ret 
ret 
jnz 0xb77b718b
jmp 0xb77b720f
jmp dword ptr [0x804986c]
ret 
jz 0xb59f190d
jz 0xb59f1868
jmp 0xb59f1844
jz 0xb59f1868
ret 
ret 
ret 
cmp dword ptr gs:[0xc], 0x0
jz 0xb5a0b894
jnz 0xb5a0ba5a
jz 0xb5a0b984
jnz 0xb5a0ba5a
jz 0xb5a0b984
jz 0xb5a0b8f2
jz 0xb5a0b956
jmp 0xb5a0b8b8
jmp 0xb5a0b91c
cmp dword ptr gs:[0xc], 0x0
jz 0xb5a0b93b
jnz 0xb5a0ba6a
ret 
jnz 0xb5a0ba6a
ret 
jz 0xb5a0ba0b
ret 
ret 
jnz 0xb59f19b6
jz 0xb59f189a
ret 
ret 
jz 0x80486da
ret 
jz 0x8048699
call dword ptr [ebx+edi*4-0x10e0]
ret 
jnz 0xb59f1972
jnz 0xb59f194e
ret 
jnz 0xb59f1914
jmp dword ptr [0x8049870]
ret 
jnz 0xb5a41e49
jz 0xb5a41e45
cmp dword ptr gs:[0xc], 0x0
jz 0xb5a41e36
jnz 0xb5a41ed2
jnb 0xb5a41e94
test dword ptr [esi], 0x8000
jnz 0xb5a41e82
ret 
cmp byte ptr [esi+0x46], 0x0
jnz 0xb5a4bb6a
jz 0xb5a4bbff
jnz 0xb5a4bc10
jz 0xb5a4bbc8
test dword ptr [esi], 0x800
jnz 0xb5a4bbe5
jb 0xb5a4bc40
test dword ptr [esi], 0x100
jnz 0xb5a4bc28
jz 0xb5a4bc50
jz 0xb5a4bbaa
call dword ptr [eax+0x14]
call dword ptr [eax+0x10]
ret 
jnz 0xb5a4af10
jb 0xb5a4aea0
jz 0xb5a4aeb8
jz 0xb5a4aecd
jz 0xb5a4bd18
ret 
test byte ptr [esi], 0x2
jz 0xb5a4bd24
jle 0xb5a4bd3a
call dword ptr [eax+0x34]
call dword ptr [eax+0x34]
ret 
js 0xb5a3dac8
call dword ptr [eax+0x48]
ret 
call dword ptr gs:[0x10]
ret 
jnbe 0xb5ab7a8d
ret 
ret 
js 0xb5a3dac8
jz 0xb5a3db50
jle 0xb5a3dac8
jmp 0xb5a3dad2
jnz 0xb5ac51b8
call dword ptr gs:[0x10]
jnbe 0xb5ac51c4
ret 
jz 0xb5a3dbc0
ret 
jz 0xb5a4bca6
test byte ptr [esi], 0x1
jz 0xb5a4bce0
jnz 0xb5a4bcd0
jnz 0xb5a4bcd0
ret 
ret 
ret 
jnz 0xb5a4bd0f
ret 
jmp 0xb5a4ad83
jz 0xb5a4ae20
jnz 0xb5a4addf
jz 0xb5a4af08
jnbe 0xb5a4b8d8
jnz 0xb5a4b8d0
cmp dword ptr [esi+0x8], eax
jnb 0xb5a4b8b5
ret 
call dword ptr [ecx+0x38]
test byte ptr [eax+0x3c], 0x2
jnz 0xb5a4a446
jmp 0xb5ab8890
cmp dword ptr gs:[0xc], 0x0
jnz 0xb5ab88bc
call dword ptr gs:[0x10]
jnb 0xb5ab88ed
ret 
jle 0xb5a4aea8
jz 0xb5a4ae81
ret 
ret 
jz 0xb5a4bda0
ret 
ret 
jmp 0xb5a41e5a
test dword ptr [esi], 0x8000
jnz 0xb5a41e82
jnz 0xb5a41e82
cmp dword ptr gs:[0xc], 0x0
jz 0xb5a41e7d
jnz 0xb5a41ede
ret 
jnz 0x804860e
jz 0x804862c
jmp dword ptr [0x8049874]
ret 
ret 
cmp byte ptr [esi+0x46], 0x0
jnz 0xb5a1c91b
jz 0xb5a1ca9c
jnz 0xb5a1cab0
jnz 0xb5a1ed70
jz 0xb5a1f082
cmp byte ptr [esi+0x46], 0x0
jnz 0xb5a1c957
jz 0xb5a1cad1
jnz 0xb5a1cae8
jnz 0xb5a1caf8
jnz 0xb5a1cab9
jz 0xb5a1c960
jz 0xb5a59273
jz 0xb5a5936d
jz 0xb5a5936d
jnb 0xb5a5934f
jnz 0xb5a5934f
jnb 0xb5a5934f
jnz 0xb5a5934f
jnb 0xb5a5934c
jnz 0xb5a5934c
jnb 0xb5a5934c
jnz 0xb5a5934c
jnb 0xb5a59349
jnz 0xb5a59349
jnb 0xb5a59349
jnz 0xb5a59349
jz 0xb5a5936d
jz 0xb5a5936d
jz 0xb5a5936d
ret 
test dword ptr [esi], 0x8000
jnz 0xb5a1c9f4
jnz 0xb5a1ccb8
jz 0xb5a1c9f0
cmp dword ptr gs:[0xc], 0x0
jz 0xb5a1c9e1
jnz 0xb5a21b17
call dword ptr [eax+0x1c]
jnz 0xb5a21b17
call dword ptr [eax+0x1c]
ret 
jz 0xb5a4a30c
jz 0xb5a4a388
jbe 0xb5a4a320
jz 0xb5a4a308
call dword ptr [eax+0xc]
ret 
jnz 0xb5a4b0f8
jz 0xb5a4b000
jz 0xb5a4b120
jz 0xb5a4b120
jnz 0xb5a4b160
jz 0xb5a4b0e8
jnbe 0xb5a3db90
jnle 0xb5a3dab4
jmp 0xb5a3dac8
jmp 0xb5a4b00e
jnz 0xb5a4b160
jz 0xb5a4b0e8
jnle 0xb5a4afb4
jz 0xb5a4afb4
jmp 0xb5a4afb4
jz 0xb5a4b0c8
cmp dword ptr [esi+0x20], edx
jz 0xb5a4b088
jnz 0xb5a4b060
jz 0xb5a4ad39
ret 
jmp 0xb5a4afeb
ret 
jz 0xb5a4a3d8
jbe 0xb5a4a35f
jnz 0xb5a4a3f0
jz 0xb5a4a308
ret 
jz 0xb5a4be6e
jnb 0xb5a4be1d
jnbe 0xb5a4be48
jz 0xb5a4be68
call dword ptr [eax+0xc]
jz 0xb5a4b0c8
cmp dword ptr [esi+0x20], edx
jz 0xb5a4b088
jnz 0xb5a4b060
jz 0xb5a4afe4
jz 0xb5a4b060
ret 
jz 0xb5a4be68
jmp 0xb5a4bde0
jnb 0xb5a4be1d
jnbe 0xb5a4be48
jz 0xb5a4be1b
test dword ptr [eax], 0x1000
jz 0xb5a496e8
call dword ptr [eax+0x3c]
jz 0xb5a49689
call dword ptr [ecx+0x40]
call dword ptr [eax+0x3c]
jle 0xb5a49810
jmp 0xb5a497a8
test byte ptr [ebp+0x3c], 0x2
jnz 0xb5a49816
cmp dword ptr gs:[0xc], 0x0
jnz 0xb5ab893c
call dword ptr gs:[0x10]
jnb 0xb5ab896d
ret 
jns 0xb5a497a0
js 0xb5a497f6
ret 
jle 0xb5a49808
test byte ptr [ebp+0x3c], 0x2
jnz 0xb5a49816
jmp 0xb5a497cf
js 0xb5a497f6
ret 
ret 
jnz 0xb5a49730
jle 0xb5a49758
ret 
test dword ptr [esi], 0x202
jnz 0xb5a496d1
jmp 0xb5a496ce
ret 
ret 
jnz 0xb5a4afe4
jmp 0xb5a4afeb
ret 
ret 
jmp 0xb5a4a308
ret 
cmp dword ptr [ebp-0x480], eax
jz 0xb5a1cb20
cmp byte ptr [edx], 0x0
jz 0xb5a1ca3b
jnz 0xb5a1dda4
jnz 0xb5a1dda4
jmp dword ptr [ebx+0x30]
jmp 0xb59ef260
push dword ptr [ebx+0x4]
jmp dword ptr [ebx+0x8]
ret 
jnz 0xb77b6655
test byte ptr [ecx+0xd], 0x3
jnz 0xb77b6651
jz 0xb77b6628
jnz 0xb77b663c
jnz 0xb77b667f
jz 0xb77b6630
jz 0xb77b6638
jz 0xb77b66b2
jnz 0xb77b661d
ret 
ret 0xc
ret 
jnz 0xb5a5213e
jz 0xb5a52150
jnz 0xb5a52108
ret 
test dword ptr [esi], 0x8000
jnz 0xb5a1ca80
jz 0xb5a1cc58
jnz 0xb5a1cc81
cmp dword ptr gs:[0xc], 0x0
jz 0xb5a1cc6a
jnz 0xb5a21b23
jz 0xb5a1ca8e
jnz 0xb5a21b23
jz 0xb5a1ca8e
ret 
ret 
jmp 0x804863a
leave 
ret 
ret 
ret 
jz 0xb5a0b7b9
jz 0xb5a0b7b0
jz 0xb5a0b798
jz 0xb5a0b778
jnz 0xb5a0b733
ret 
js 0xb77b7822
jmp 0xb77b7690
call dword ptr [esi+ebx*1]
jz 0xb77b7670
jnz 0xb77b7670
jbe 0xb77b76ef
jnz 0xb77b78a0
jmp 0xb77b7707
cmp dword ptr [eax+0x14], eax
jnz 0xb77b7700
jbe 0xb77b797e
jnz 0xb77b7707
jnz 0xb77b7937
ret 
jz 0xb77b74fe
jmp 0xb77b746c
jnz 0xb77b7430
cmp dword ptr [esi+0x20c], 0xffffffff
jz 0xb77b7430
cmp dword ptr [ebp-0x20], ecx
jnb 0xb77b7430
jnz 0xb77b74c7
jmp 0xb77b74cd
jnz 0xb77b75b5
cmp dword ptr [ebp-0x20], ecx
jb 0xb77b74b0
jnz 0xb77b7441
jnz 0xb77b74c7
jmp 0xb77b74cd
jnz 0xb77b74c0
jnz 0xb77b75b5
cmp dword ptr [ebp-0x20], ecx
jb 0xb77b74b0
jz 0xb77b7508
jnz 0xb77b74c0
jnz 0xb77b75b5
cmp dword ptr [ebp-0x20], ecx
jb 0xb77b74b0
jnz 0xb77b7441
ret 0x4
jnz 0xb77b7430
cmp dword ptr [esi+0x20c], 0xffffffff
jz 0xb77b7430
cmp dword ptr [ebp-0x20], ecx
jnb 0xb77b7430
jz 0xb77c0c4d
jz 0xb77c0c4d
jnz 0xb77c0c39
jz 0xb77b74fb
ret 0x4
call dword ptr [ebx+0x838]
jz 0xb77b767c
jz 0xb77b77fd
jz 0xb77b7858
jz 0xb77b77e2
test byte ptr [ebx-0x340], 0x2
jz 0xb77b77a8
cmp byte ptr [eax], 0x0
jnz 0xb77b787c
jnz 0xb77b77fd
jnz 0xb77b78fa
cmp dword ptr [ebp-0x1c], esi
jnz 0xb77b7770
jz 0xb77b77fd
jz 0xb77b7858
test byte ptr [ebx-0x340], 0x2
jnz 0xb77b786c
cmp dword ptr [ebp-0x1c], esi
jnz 0xb77b7770
jns 0xb77b7690
jnz 0xb77b783e
jns 0xb77b7690
jnz 0xb77b783e
jnz 0xb77b762b
test byte ptr [ebx-0x340], 0x80
jnz 0xb77b78d0
ret 
jmp 0xb5a0b730
jz 0xb5a0b7b0
jz 0xb5a0b798
jz 0xb5a0b778
jnz 0xb5a0b7e1
cmp byte ptr [esp+0x1c], 0x0
jz 0xb5a0b7d9
jnb 0xb5a0b7d9
call dword ptr [edi]
ret 
ret 
jz 0xb5a4c4a1
jnz 0xb5a4c650
jz 0xb5a4c49a
jz 0xb5a4c580
jz 0xb5a4c50e
jnz 0xb5a4c50e
jle 0xb5a4c610
cmp byte ptr [esi+0x46], 0x0
jz 0xb5a4c5c6
jz 0xb5a4c558
cmp dword ptr [esi+0x14], edx
jbe 0xb5a4c528
jmp 0xb5a4c5d7
jz 0xb5a4c558
test dword ptr [esi], 0x8000
jnz 0xb5a4c558
jnz 0xb5a4c558
jz 0xb5a4c608
jnz 0xb5a4c4c8
jz 0xb5a4c591
jmp 0xb5a4c578
jnz 0xb5a4c4c8
jz 0xb5a4c591
jz 0xb5a4c628
jz 0xb5a4c50e
jnz 0xb5a4c50e
jz 0xb5a4c50a
jz 0xb5a4c5ba
ret 
jz 0xb5a4c7a2
jnz 0xb5a4c790
jz 0xb5a4c790
jnz 0xb5a4c6b8
ret 
jnz 0xb5a4c790
jz 0xb5a4c790
jz 0xb5a4c790
jz 0xb5a4c837
jz 0xb5a4c820
cmp dword ptr gs:[0xc], 0x0
jz 0xb5a4c705
jz 0xb5a4c7b0
jmp 0xb5a4c74e
cmp byte ptr [ebx+0x18a4], 0x0
jnz 0xb5a4c76a
jz 0xb5a4c7b8
call dword ptr [eax+0x2c]
jmp 0xb5a4c76a
call dword ptr [eax+0x2c]
ret 
call dword ptr [eax+0x30]
ret 
jbe 0xb5a49f04
jle 0xb5a49f60
jnz 0xb5a49f28
ret 
jz 0xb5a4c020
jz 0xb5a4bf9d
jnz 0xb5a4c000
ret 
ret 
jz 0xb5a4a010
ret 
jnz 0xb5a4c7f0
jnz 0xb5a4c6b8
ret 
jz 0xb5a4c790
jnz 0xb5a4c790
cmp dword ptr gs:[0xc], 0x0
jz 0xb5a4c80f
jnz 0xb5a4cf9e
jmp 0xb5a4c790
jb 0xb5a0b7d0
call dword ptr gs:[0x10]
